#
# There is insufficient memory for the Java Runtime Environment to continue.
# Native memory allocation (mmap) failed to map 85983232 bytes for committing reserved memory.
# Possible reasons:
#   The system is out of physical RAM or swap space
#   In 32 bit mode, the process size limit was hit
# Possible solutions:
#   Reduce memory load on the system
#   Increase physical memory or swap space
#   Check if swap backing store is full
#   Use 64 bit Java on a 64 bit OS
#   Decrease Java heap size (-Xmx/-Xms)
#   Decrease number of Java threads
#   Decrease Java thread stack sizes (-Xss)
#   Set larger code cache with -XX:ReservedCodeCacheSize=
# This output file may be truncated or incomplete.
#
#  Out of Memory Error (os_linux.cpp:2640), pid=20080, tid=0x00007f4b38bfb700
#
# JRE version: OpenJDK Runtime Environment (8.0_152-b01) (build 1.8.0_152-release-915-b01)
# Java VM: OpenJDK 64-Bit Server VM (25.152-b01 mixed mode linux-amd64 compressed oops)
# Failed to write core dump. Core dumps have been disabled. To enable core dumping, try "ulimit -c unlimited" before starting Java again
#

---------------  T H R E A D  ---------------

Current thread (0x00007f4b5c079800):  VMThread [stack: 0x00007f4b38afb000,0x00007f4b38bfc000] [id=20087]

Stack: [0x00007f4b38afb000,0x00007f4b38bfc000],  sp=0x00007f4b38bfa470,  free space=1021k
Native frames: (J=compiled Java code, j=interpreted, Vv=VM code, C=native code)
V  [libjvm.so+0x9eb15d]  VMError::report_and_die()+0x15d
V  [libjvm.so+0x4b8eaa]  report_vm_out_of_memory(char const*, int, unsigned long, VMErrorType, char const*)+0x8a
V  [libjvm.so+0x851370]  os::pd_commit_memory(char*, unsigned long, unsigned long, bool)+0xf0
V  [libjvm.so+0x84be8f]  os::commit_memory(char*, unsigned long, unsigned long, bool)+0x1f
V  [libjvm.so+0x8c261b]  PSVirtualSpace::expand_by(unsigned long)+0x5b
V  [libjvm.so+0x8c3290]  PSYoungGen::resize_generation(unsigned long, unsigned long)+0xb0
V  [libjvm.so+0x8c35ab]  PSYoungGen::resize(unsigned long, unsigned long)+0x1b
V  [libjvm.so+0x8bfc9c]  PSScavenge::invoke_no_policy()+0xdac
V  [libjvm.so+0x8c0478]  PSScavenge::invoke()+0x38
V  [libjvm.so+0x8748f3]  ParallelScavengeHeap::failed_mem_allocate(unsigned long)+0x63
V  [libjvm.so+0x9ecc84]  VM_ParallelGCFailedAllocation::doit()+0x84
V  [libjvm.so+0x9f1197]  VM_Operation::evaluate()+0x47
V  [libjvm.so+0x9efb78]  VMThread::evaluate_operation(VM_Operation*)+0x2c8
V  [libjvm.so+0x9efff9]  VMThread::loop()+0x219
V  [libjvm.so+0x9f0442]  VMThread::run()+0x72
V  [libjvm.so+0x84e792]  java_start(Thread*)+0xf2

VM_Operation (0x00007f4afbdf7ba0): ParallelGCFailedAllocation, mode: safepoint, requested by thread 0x00007f4b0c003000


---------------  P R O C E S S  ---------------

Java Threads: ( => current thread )
  0x00007f4ae800b800 JavaThread "RMI RenewClean-[localhost:36901,org.jetbrains.kotlin.daemon.common.LoopbackNetworkInterface$ClientLoopbackSocketFactory@163ebb7d]" daemon [_thread_blocked, id=20109, stack(0x00007f4afbbfe000,0x00007f4afbcff000)]
  0x00007f4b0c003000 JavaThread "RMI TCP Connection(2)-127.0.0.1" daemon [_thread_blocked, id=20106, stack(0x00007f4afbcff000,0x00007f4afbe00000)]
  0x00007f4af4013800 JavaThread "RMI Scheduler(0)" daemon [_thread_blocked, id=20102, stack(0x00007f4b10088000,0x00007f4b10189000)]
  0x00007f4b0c001800 JavaThread "RMI TCP Connection(1)-127.0.0.1" daemon [_thread_in_native, id=20101, stack(0x00007f4b10189000,0x00007f4b1028a000)]
  0x00007f4b5c00c000 JavaThread "DestroyJavaVM" [_thread_blocked, id=20082, stack(0x00007f4b64477000,0x00007f4b64578000)]
  0x00007f4b5c3b1800 JavaThread "GC Daemon" daemon [_thread_blocked, id=20100, stack(0x00007f4b1028a000,0x00007f4b1038b000)]
  0x00007f4b5c3ab800 JavaThread "RMI Reaper" [_thread_blocked, id=20099, stack(0x00007f4b1038b000,0x00007f4b1048c000)]
  0x00007f4b5c39e000 JavaThread "Timer-0" daemon [_thread_blocked, id=20097, stack(0x00007f4b1058d000,0x00007f4b1068e000)]
  0x00007f4b5c39a800 JavaThread "RMI TCP Accept-17475" daemon [_thread_in_native, id=20096, stack(0x00007f4b1068e000,0x00007f4b1078f000)]
  0x00007f4b5c0ca000 JavaThread "Service Thread" daemon [_thread_blocked, id=20094, stack(0x00007f4b38118000,0x00007f4b38219000)]
  0x00007f4b5c0bf000 JavaThread "C1 CompilerThread2" daemon [_thread_blocked, id=20093, stack(0x00007f4b38219000,0x00007f4b3831a000)]
  0x00007f4b5c0bd000 JavaThread "C2 CompilerThread1" daemon [_thread_blocked, id=20092, stack(0x00007f4b3831a000,0x00007f4b3841b000)]
  0x00007f4b5c0ba000 JavaThread "C2 CompilerThread0" daemon [_thread_blocked, id=20091, stack(0x00007f4b3841b000,0x00007f4b3851c000)]
  0x00007f4b5c0b8800 JavaThread "Signal Dispatcher" daemon [_thread_blocked, id=20090, stack(0x00007f4b3851c000,0x00007f4b3861d000)]
  0x00007f4b5c085800 JavaThread "Finalizer" daemon [_thread_blocked, id=20089, stack(0x00007f4b388f9000,0x00007f4b389fa000)]
  0x00007f4b5c081000 JavaThread "Reference Handler" daemon [_thread_blocked, id=20088, stack(0x00007f4b389fa000,0x00007f4b38afb000)]

Other Threads:
=>0x00007f4b5c079800 VMThread [stack: 0x00007f4b38afb000,0x00007f4b38bfc000] [id=20087]
  0x00007f4b5c0cc800 WatcherThread [stack: 0x00007f4b38017000,0x00007f4b38118000] [id=20095]

VM state:at safepoint (normal execution)

VM Mutex/Monitor currently owned by a thread:  ([mutex/lock_event])
[0x00007f4b5c0086e0] Threads_lock - owner thread: 0x00007f4b5c079800
[0x00007f4b5c008be0] Heap_lock - owner thread: 0x00007f4b0c003000

Heap:
 PSYoungGen      total 125440K, used 18936K [0x00000000e0000000, 0x00000000e9880000, 0x0000000100000000)
  eden space 106496K, 0% used [0x00000000e0000000,0x00000000e0000000,0x00000000e6800000)
  from space 18944K, 99% used [0x00000000e6800000,0x00000000e7a7e378,0x00000000e7a80000)
  to   space 5120K, 0% used [0x00000000e7a80000,0x00000000e7a80000,0x00000000e7f80000)
 ParOldGen       total 73728K, used 24628K [0x00000000a0000000, 0x00000000a4800000, 0x00000000e0000000)
  object space 73728K, 33% used [0x00000000a0000000,0x00000000a180d200,0x00000000a4800000)
 Metaspace       used 39599K, capacity 40194K, committed 40576K, reserved 1085440K
  class space    used 4978K, capacity 5131K, committed 5248K, reserved 1048576K

Card table byte_map: [0x00007f4b60fb2000,0x00007f4b612b3000] byte_map_base: 0x00007f4b60ab2000

Marking Bits: (ParMarkBitMap*) 0x00007f4b639443e0
 Begin Bits: [0x00007f4b39000000, 0x00007f4b3a800000)
 End Bits:   [0x00007f4b3a800000, 0x00007f4b3c000000)

Polling page: 0x00007f4b645b0000

CodeCache: size=245760Kb used=15486Kb max_used=15486Kb free=230273Kb
 bounds [0x00007f4b4d000000, 0x00007f4b4df30000, 0x00007f4b5c000000]
 total_blobs=5041 nmethods=4569 adapters=386
 compilation: enabled

Compilation events (10 events):
Event: 7.497 Thread 0x00007f4b5c0bf000 4580       3       org.jetbrains.kotlin.load.java.lazy.ContextKt::childForClassOrPackage$default (29 bytes)
Event: 7.497 Thread 0x00007f4b5c0bf000 nmethod 4580 0x00007f4b4df23110 code [0x00007f4b4df23280, 0x00007f4b4df23468]
Event: 7.497 Thread 0x00007f4b5c0bf000 4581       3       org.jetbrains.kotlin.load.java.lazy.ContextKt$childForClassOrPackage$1::<init> (16 bytes)
Event: 7.497 Thread 0x00007f4b5c0bf000 nmethod 4581 0x00007f4b4df22c50 code [0x00007f4b4df22dc0, 0x00007f4b4df23010]
Event: 7.497 Thread 0x00007f4b5c0bf000 4582       3       org.jetbrains.kotlin.load.java.lazy.descriptors.LazyJavaStaticScope::<init> (12 bytes)
Event: 7.497 Thread 0x00007f4b5c0bf000 nmethod 4582 0x00007f4b4df22750 code [0x00007f4b4df228e0, 0x00007f4b4df22b58]
Event: 7.497 Thread 0x00007f4b5c0bf000 4583       3       org.jetbrains.kotlin.resolve.QualifiedExpressionResolver$asQualifierPartList$1::invoke (106 bytes)
Event: 7.498 Thread 0x00007f4b5c0bf000 nmethod 4583 0x00007f4b4df29410 code [0x00007f4b4df296a0, 0x00007f4b4df2a878]
Event: 7.498 Thread 0x00007f4b5c0bf000 4584       3       java.util.AbstractSet::hashCode (39 bytes)
Event: 7.498 Thread 0x00007f4b5c0bf000 nmethod 4584 0x00007f4b4df21e90 code [0x00007f4b4df22040, 0x00007f4b4df22598]

GC Heap History (10 events):
Event: 1.871 GC heap after
Heap after GC invocations=5 (full 1):
 PSYoungGen      total 68608K, used 4020K [0x00000000e0000000, 0x00000000e4800000, 0x0000000100000000)
  eden space 63488K, 0% used [0x00000000e0000000,0x00000000e0000000,0x00000000e3e00000)
  from space 5120K, 78% used [0x00000000e4300000,0x00000000e46ed3b0,0x00000000e4800000)
  to   space 5120K, 0% used [0x00000000e3e00000,0x00000000e3e00000,0x00000000e4300000)
 ParOldGen       total 84992K, used 9034K [0x00000000a0000000, 0x00000000a5300000, 0x00000000e0000000)
  object space 84992K, 10% used [0x00000000a0000000,0x00000000a08d2ae0,0x00000000a5300000)
 Metaspace       used 20797K, capacity 21112K, committed 21296K, reserved 1069056K
  class space    used 2571K, capacity 2684K, committed 2688K, reserved 1048576K
}
Event: 1.871 GC heap before
{Heap before GC invocations=6 (full 2):
 PSYoungGen      total 68608K, used 4020K [0x00000000e0000000, 0x00000000e4800000, 0x0000000100000000)
  eden space 63488K, 0% used [0x00000000e0000000,0x00000000e0000000,0x00000000e3e00000)
  from space 5120K, 78% used [0x00000000e4300000,0x00000000e46ed3b0,0x00000000e4800000)
  to   space 5120K, 0% used [0x00000000e3e00000,0x00000000e3e00000,0x00000000e4300000)
 ParOldGen       total 84992K, used 9034K [0x00000000a0000000, 0x00000000a5300000, 0x00000000e0000000)
  object space 84992K, 10% used [0x00000000a0000000,0x00000000a08d2ae0,0x00000000a5300000)
 Metaspace       used 20797K, capacity 21112K, committed 21296K, reserved 1069056K
  class space    used 2571K, capacity 2684K, committed 2688K, reserved 1048576K
Event: 1.902 GC heap after
Heap after GC invocations=6 (full 2):
 PSYoungGen      total 68608K, used 0K [0x00000000e0000000, 0x00000000e4800000, 0x0000000100000000)
  eden space 63488K, 0% used [0x00000000e0000000,0x00000000e0000000,0x00000000e3e00000)
  from space 5120K, 0% used [0x00000000e4300000,0x00000000e4300000,0x00000000e4800000)
  to   space 5120K, 0% used [0x00000000e3e00000,0x00000000e3e00000,0x00000000e4300000)
 ParOldGen       total 45568K, used 5445K [0x00000000a0000000, 0x00000000a2c80000, 0x00000000e0000000)
  object space 45568K, 11% used [0x00000000a0000000,0x00000000a0551758,0x00000000a2c80000)
 Metaspace       used 20797K, capacity 21112K, committed 21296K, reserved 1069056K
  class space    used 2571K, capacity 2684K, committed 2688K, reserved 1048576K
}
Event: 3.411 GC heap before
{Heap before GC invocations=7 (full 2):
 PSYoungGen      total 68608K, used 63488K [0x00000000e0000000, 0x00000000e4800000, 0x0000000100000000)
  eden space 63488K, 100% used [0x00000000e0000000,0x00000000e3e00000,0x00000000e3e00000)
  from space 5120K, 0% used [0x00000000e4300000,0x00000000e4300000,0x00000000e4800000)
  to   space 5120K, 0% used [0x00000000e3e00000,0x00000000e3e00000,0x00000000e4300000)
 ParOldGen       total 45568K, used 5445K [0x00000000a0000000, 0x00000000a2c80000, 0x00000000e0000000)
  object space 45568K, 11% used [0x00000000a0000000,0x00000000a0551758,0x00000000a2c80000)
 Metaspace       used 28629K, capacity 29022K, committed 29440K, reserved 1075200K
  class space    used 3676K, capacity 3815K, committed 3840K, reserved 1048576K
Event: 3.429 GC heap after
Heap after GC invocations=7 (full 2):
 PSYoungGen      total 68608K, used 5100K [0x00000000e0000000, 0x00000000e7f80000, 0x0000000100000000)
  eden space 63488K, 0% used [0x00000000e0000000,0x00000000e0000000,0x00000000e3e00000)
  from space 5120K, 99% used [0x00000000e3e00000,0x00000000e42fb178,0x00000000e4300000)
  to   space 5120K, 0% used [0x00000000e7a80000,0x00000000e7a80000,0x00000000e7f80000)
 ParOldGen       total 45568K, used 14693K [0x00000000a0000000, 0x00000000a2c80000, 0x00000000e0000000)
  object space 45568K, 32% used [0x00000000a0000000,0x00000000a0e594e0,0x00000000a2c80000)
 Metaspace       used 28629K, capacity 29022K, committed 29440K, reserved 1075200K
  class space    used 3676K, capacity 3815K, committed 3840K, reserved 1048576K
}
Event: 4.797 GC heap before
{Heap before GC invocations=8 (full 2):
 PSYoungGen      total 68608K, used 41863K [0x00000000e0000000, 0x00000000e7f80000, 0x0000000100000000)
  eden space 63488K, 57% used [0x00000000e0000000,0x00000000e23e6e50,0x00000000e3e00000)
  from space 5120K, 99% used [0x00000000e3e00000,0x00000000e42fb178,0x00000000e4300000)
  to   space 5120K, 0% used [0x00000000e7a80000,0x00000000e7a80000,0x00000000e7f80000)
 ParOldGen       total 45568K, used 14693K [0x00000000a0000000, 0x00000000a2c80000, 0x00000000e0000000)
  object space 45568K, 32% used [0x00000000a0000000,0x00000000a0e594e0,0x00000000a2c80000)
 Metaspace       used 34752K, capacity 35210K, committed 35496K, reserved 1081344K
  class space    used 4439K, capacity 4579K, committed 4608K, reserved 1048576K
Event: 4.837 GC heap after
Heap after GC invocations=8 (full 2):
 PSYoungGen      total 111616K, used 5112K [0x00000000e0000000, 0x00000000e9880000, 0x0000000100000000)
  eden space 106496K, 0% used [0x00000000e0000000,0x00000000e0000000,0x00000000e6800000)
  from space 5120K, 99% used [0x00000000e7a80000,0x00000000e7f7e158,0x00000000e7f80000)
  to   space 18944K, 0% used [0x00000000e6800000,0x00000000e6800000,0x00000000e7a80000)
 ParOldGen       total 45568K, used 24251K [0x00000000a0000000, 0x00000000a2c80000, 0x00000000e0000000)
  object space 45568K, 53% used [0x00000000a0000000,0x00000000a17aee70,0x00000000a2c80000)
 Metaspace       used 34752K, capacity 35210K, committed 35496K, reserved 1081344K
  class space    used 4439K, capacity 4579K, committed 4608K, reserved 1048576K
}
Event: 4.837 GC heap before
{Heap before GC invocations=9 (full 3):
 PSYoungGen      total 111616K, used 5112K [0x00000000e0000000, 0x00000000e9880000, 0x0000000100000000)
  eden space 106496K, 0% used [0x00000000e0000000,0x00000000e0000000,0x00000000e6800000)
  from space 5120K, 99% used [0x00000000e7a80000,0x00000000e7f7e158,0x00000000e7f80000)
  to   space 18944K, 0% used [0x00000000e6800000,0x00000000e6800000,0x00000000e7a80000)
 ParOldGen       total 45568K, used 24251K [0x00000000a0000000, 0x00000000a2c80000, 0x00000000e0000000)
  object space 45568K, 53% used [0x00000000a0000000,0x00000000a17aee70,0x00000000a2c80000)
 Metaspace       used 34752K, capacity 35210K, committed 35496K, reserved 1081344K
  class space    used 4439K, capacity 4579K, committed 4608K, reserved 1048576K
Event: 4.955 GC heap after
Heap after GC invocations=9 (full 3):
 PSYoungGen      total 111616K, used 0K [0x00000000e0000000, 0x00000000e9880000, 0x0000000100000000)
  eden space 106496K, 0% used [0x00000000e0000000,0x00000000e0000000,0x00000000e6800000)
  from space 5120K, 0% used [0x00000000e7a80000,0x00000000e7a80000,0x00000000e7f80000)
  to   space 18944K, 0% used [0x00000000e6800000,0x00000000e6800000,0x00000000e7a80000)
 ParOldGen       total 73728K, used 20220K [0x00000000a0000000, 0x00000000a4800000, 0x00000000e0000000)
  object space 73728K, 27% used [0x00000000a0000000,0x00000000a13bf060,0x00000000a4800000)
 Metaspace       used 34752K, capacity 35210K, committed 35496K, reserved 1081344K
  class space    used 4439K, capacity 4579K, committed 4608K, reserved 1048576K
}
Event: 7.511 GC heap before
{Heap before GC invocations=10 (full 3):
 PSYoungGen      total 111616K, used 106496K [0x00000000e0000000, 0x00000000e9880000, 0x0000000100000000)
  eden space 106496K, 100% used [0x00000000e0000000,0x00000000e6800000,0x00000000e6800000)
  from space 5120K, 0% used [0x00000000e7a80000,0x00000000e7a80000,0x00000000e7f80000)
  to   space 18944K, 0% used [0x00000000e6800000,0x00000000e6800000,0x00000000e7a80000)
 ParOldGen       total 73728K, used 20220K [0x00000000a0000000, 0x00000000a4800000, 0x00000000e0000000)
  object space 73728K, 27% used [0x00000000a0000000,0x00000000a13bf060,0x00000000a4800000)
 Metaspace       used 39599K, capacity 40194K, committed 40576K, reserved 1085440K
  class space    used 4978K, capacity 5131K, committed 5248K, reserved 1048576K

Deoptimization events (10 events):
Event: 7.327 Thread 0x00007f4b0c003000 Uncommon trap: reason=class_check action=maybe_recompile pc=0x00007f4b4ddece8c method=org.jetbrains.kotlin.load.java.lazy.descriptors.LazyJavaScope.getFunctionNamesLazy()Ljava/util/Set; @ 13
Event: 7.327 Thread 0x00007f4b0c003000 Uncommon trap: reason=class_check action=maybe_recompile pc=0x00007f4b4ddece8c method=org.jetbrains.kotlin.load.java.lazy.descriptors.LazyJavaScope.getFunctionNamesLazy()Ljava/util/Set; @ 13
Event: 7.331 Thread 0x00007f4b0c003000 Uncommon trap: reason=class_check action=maybe_recompile pc=0x00007f4b4ddece8c method=org.jetbrains.kotlin.load.java.lazy.descriptors.LazyJavaScope.getFunctionNamesLazy()Ljava/util/Set; @ 13
Event: 7.331 Thread 0x00007f4b0c003000 Uncommon trap: reason=class_check action=maybe_recompile pc=0x00007f4b4ddece8c method=org.jetbrains.kotlin.load.java.lazy.descriptors.LazyJavaScope.getFunctionNamesLazy()Ljava/util/Set; @ 13
Event: 7.346 Thread 0x00007f4b0c003000 Uncommon trap: reason=bimorphic action=maybe_recompile pc=0x00007f4b4decb398 method=java.util.LinkedHashSet.<init>(Ljava/util/Collection;)V @ 3
Event: 7.346 Thread 0x00007f4b0c003000 Uncommon trap: reason=bimorphic action=maybe_recompile pc=0x00007f4b4decb398 method=java.util.LinkedHashSet.<init>(Ljava/util/Collection;)V @ 3
Event: 7.347 Thread 0x00007f4b0c003000 Uncommon trap: reason=bimorphic action=maybe_recompile pc=0x00007f4b4decb398 method=java.util.LinkedHashSet.<init>(Ljava/util/Collection;)V @ 3
Event: 7.347 Thread 0x00007f4b0c003000 Uncommon trap: reason=bimorphic action=maybe_recompile pc=0x00007f4b4decb398 method=java.util.LinkedHashSet.<init>(Ljava/util/Collection;)V @ 3
Event: 7.402 Thread 0x00007f4b0c003000 Uncommon trap: reason=unstable_if action=reinterpret pc=0x00007f4b4dd30c68 method=org.jetbrains.kotlin.resolve.DescriptorUtils.getFqNameSafeIfPossible(Lorg/jetbrains/kotlin/descriptors/DeclarationDescriptor;)Lorg/jetbrains/kotlin/name/FqName; @ 22
Event: 7.468 Thread 0x00007f4b0c003000 Uncommon trap: reason=unstable_if action=reinterpret pc=0x00007f4b4d7e51c4 method=org.jetbrains.kotlin.protobuf.CodedInputStream.readRawVarint32()I @ 69

Classes redefined (0 events):
No events

Internal exceptions (10 events):
Event: 3.296 Thread 0x00007f4b0c003000 Exception <a 'java/lang/ArrayIndexOutOfBoundsException'> (0x00000000e3790ef8) thrown at [/ssd/Android/AOSP-openjdk-git/jdk8u/hotspot/src/share/vm/runtime/sharedRuntime.cpp, line 605]
Event: 3.299 Thread 0x00007f4b0c003000 Exception <a 'java/lang/ArrayIndexOutOfBoundsException'> (0x00000000e379a9e8) thrown at [/ssd/Android/AOSP-openjdk-git/jdk8u/hotspot/src/share/vm/runtime/sharedRuntime.cpp, line 605]
Event: 3.299 Thread 0x00007f4b0c003000 Exception <a 'java/lang/ArrayIndexOutOfBoundsException'> (0x00000000e379bba0) thrown at [/ssd/Android/AOSP-openjdk-git/jdk8u/hotspot/src/share/vm/runtime/sharedRuntime.cpp, line 605]
Event: 3.302 Thread 0x00007f4b0c003000 Exception <a 'java/lang/ArrayIndexOutOfBoundsException'> (0x00000000e37a7e48) thrown at [/ssd/Android/AOSP-openjdk-git/jdk8u/hotspot/src/share/vm/runtime/sharedRuntime.cpp, line 605]
Event: 4.281 Thread 0x00007f4b0c003000 Exception <a 'java/lang/NoSuchMethodError': java.lang.Object.lambda$static$0(I)[Lorg/jetbrains/kotlin/psi/KtExpression;> (0x00000000e1297110) thrown at [/ssd/Android/AOSP-openjdk-git/jdk8u/hotspot/src/share/vm/interpreter/linkResolver.cpp, line 584]
Event: 4.338 Thread 0x00007f4b0c003000 Exception <a 'java/lang/NoSuchMethodError': java.lang.Object.lambda$static$0(I)[Lorg/jetbrains/kotlin/psi/KtDeclaration;> (0x00000000e1511218) thrown at [/ssd/Android/AOSP-openjdk-git/jdk8u/hotspot/src/share/vm/interpreter/linkResolver.cpp, line 584]
Event: 4.347 Thread 0x00007f4b0c003000 Exception <a 'java/lang/NoSuchMethodError': java.lang.Object.lambda$static$0(I)[Lorg/jetbrains/kotlin/com/intellij/psi/PsiElement;> (0x00000000e1592b28) thrown at [/ssd/Android/AOSP-openjdk-git/jdk8u/hotspot/src/share/vm/interpreter/linkResolver.cpp, line
Event: 4.574 Thread 0x00007f4b0c003000 Exception <a 'java/lang/NoSuchMethodError': java.lang.Object.lambda$static$0(I)[Lorg/jetbrains/kotlin/psi/KtTypeElement;> (0x00000000e1da6428) thrown at [/ssd/Android/AOSP-openjdk-git/jdk8u/hotspot/src/share/vm/interpreter/linkResolver.cpp, line 584]
Event: 5.031 Thread 0x00007f4b0c003000 Exception <a 'java/lang/NoSuchMethodError': java.lang.Object.lambda$static$0(I)[Lorg/jetbrains/kotlin/com/intellij/psi/PsiClass;> (0x00000000e02a0d70) thrown at [/ssd/Android/AOSP-openjdk-git/jdk8u/hotspot/src/share/vm/interpreter/linkResolver.cpp, line 5
Event: 6.852 Thread 0x00007f4b0c003000 Implicit null exception at 0x00007f4b4de02ed3 to 0x00007f4b4de0346d

Events (10 events):
Event: 7.500 loading class org/jetbrains/kotlin/load/java/lazy/descriptors/LazyJavaStaticClassScope$computeMemberIndex$1 done
Event: 7.503 loading class org/jetbrains/kotlin/load/java/lazy/descriptors/LazyJavaStaticClassScope$computePropertyNames$1$1
Event: 7.503 loading class org/jetbrains/kotlin/load/java/lazy/descriptors/LazyJavaStaticClassScope$computePropertyNames$1$1 done
Event: 7.505 loading class org/jetbrains/kotlin/load/java/lazy/descriptors/LazyJavaStaticClassScope$flatMapJavaStaticSupertypesScopes$1
Event: 7.505 loading class org/jetbrains/kotlin/load/java/lazy/descriptors/LazyJavaStaticClassScope$flatMapJavaStaticSupertypesScopes$1 done
Event: 7.506 Executing VM operation: Deoptimize
Event: 7.507 Executing VM operation: Deoptimize done
Event: 7.511 loading class org/jetbrains/kotlin/load/java/lazy/descriptors/LazyJavaStaticClassScope$flatMapJavaStaticSupertypesScopes$2
Event: 7.511 loading class org/jetbrains/kotlin/load/java/lazy/descriptors/LazyJavaStaticClassScope$flatMapJavaStaticSupertypesScopes$2 done
Event: 7.511 Executing VM operation: ParallelGCFailedAllocation


Dynamic libraries:
00400000-00401000 r-xp 00000000 08:04 649452                             /opt/android-studio/jre/jre/bin/java
00600000-00601000 r--p 00000000 08:04 649452                             /opt/android-studio/jre/jre/bin/java
00601000-00602000 rw-p 00001000 08:04 649452                             /opt/android-studio/jre/jre/bin/java
01f0a000-01f2b000 rw-p 00000000 00:00 0                                  [heap]
a0000000-a4800000 rw-p 00000000 00:00 0 
a4800000-e0000000 ---p 00000000 00:00 0 
e0000000-e9880000 rw-p 00000000 00:00 0 
eea80000-100000000 ---p 00000000 00:00 0 
100000000-100520000 rw-p 00000000 00:00 0 
100520000-140000000 ---p 00000000 00:00 0 
7f4ae8000000-7f4ae8d47000 rw-p 00000000 00:00 0 
7f4ae8d47000-7f4aec000000 ---p 00000000 00:00 0 
7f4aec000000-7f4aec021000 rw-p 00000000 00:00 0 
7f4aec021000-7f4af0000000 ---p 00000000 00:00 0 
7f4af0000000-7f4af0021000 rw-p 00000000 00:00 0 
7f4af0021000-7f4af4000000 ---p 00000000 00:00 0 
7f4af4000000-7f4af4021000 rw-p 00000000 00:00 0 
7f4af4021000-7f4af8000000 ---p 00000000 00:00 0 
7f4afa0f7000-7f4afa177000 rw-p 00000000 00:00 0 
7f4afa177000-7f4afa2f7000 ---p 00000000 00:00 0 
7f4afa2f7000-7f4afa4f7000 rw-p 00000000 00:00 0 
7f4afa4f7000-7f4afa6f7000 rw-p 00000000 00:00 0 
7f4afa6f7000-7f4afa8f7000 rw-p 00000000 00:00 0 
7f4afa8f7000-7f4afaaf7000 rw-p 00000000 00:00 0 
7f4afaaf7000-7f4afacf7000 rw-p 00000000 00:00 0 
7f4afacf7000-7f4afadf3000 r--s 01842000 08:04 823821                     /home/shawdotion/Android/Sdk/platforms/android-26/android.jar
7f4afadfe000-7f4afaffe000 rw-p 00000000 00:00 0 
7f4afaffe000-7f4afb1fe000 rw-p 00000000 00:00 0 
7f4afb1fe000-7f4afb3fe000 rw-p 00000000 00:00 0 
7f4afb3fe000-7f4afb5fe000 rw-p 00000000 00:00 0 
7f4afb5fe000-7f4afb7fe000 rw-p 00000000 00:00 0 
7f4afb7fe000-7f4afb9fe000 rw-p 00000000 00:00 0 
7f4afb9fe000-7f4afbbfe000 rw-p 00000000 00:00 0 
7f4afbbfe000-7f4afbc01000 ---p 00000000 00:00 0 
7f4afbc01000-7f4afbcff000 rw-p 00000000 00:00 0 
7f4afbcff000-7f4afbd02000 ---p 00000000 00:00 0 
7f4afbd02000-7f4afc000000 rw-p 00000000 00:00 0 
7f4afc000000-7f4afc021000 rw-p 00000000 00:00 0 
7f4afc021000-7f4b00000000 ---p 00000000 00:00 0 
7f4b00000000-7f4b00021000 rw-p 00000000 00:00 0 
7f4b00021000-7f4b04000000 ---p 00000000 00:00 0 
7f4b04000000-7f4b0428f000 rw-p 00000000 00:00 0 
7f4b0428f000-7f4b08000000 ---p 00000000 00:00 0 
7f4b08000000-7f4b08021000 rw-p 00000000 00:00 0 
7f4b08021000-7f4b0c000000 ---p 00000000 00:00 0 
7f4b0c000000-7f4b0c021000 rw-p 00000000 00:00 0 
7f4b0c021000-7f4b10000000 ---p 00000000 00:00 0 
7f4b1006e000-7f4b10075000 r--s 0004c000 08:04 1219535                    /home/shawdotion/.gradle/caches/transforms-1/files-1.1/design-26.1.0.aar/00c082e4d9c6b6654d1e2b368e4bfaf4/jars/classes.jar
7f4b10075000-7f4b10078000 r--s 0001b000 08:04 2355596                    /home/shawdotion/.gradle/caches/transforms-1/files-1.1/material-intro-screen-0.0.5.aar/85ec0ba5e5cfdb71f439e8cf63abde9f/jars/classes.jar
7f4b10078000-7f4b10088000 r--s 00095000 08:04 1220091                    /home/shawdotion/.gradle/caches/transforms-1/files-1.1/support-compat-26.1.0.aar/73ffc44e349563c4654d50a1038c18be/jars/classes.jar
7f4b10088000-7f4b1008b000 ---p 00000000 00:00 0 
7f4b1008b000-7f4b10189000 rw-p 00000000 00:00 0 
7f4b10189000-7f4b1018c000 ---p 00000000 00:00 0 
7f4b1018c000-7f4b1028a000 rw-p 00000000 00:00 0 
7f4b1028a000-7f4b1028d000 ---p 00000000 00:00 0 
7f4b1028d000-7f4b1038b000 rw-p 00000000 00:00 0 
7f4b1038b000-7f4b1038e000 ---p 00000000 00:00 0 
7f4b1038e000-7f4b1048c000 rw-p 00000000 00:00 0 
7f4b1048c000-7f4b1048f000 ---p 00000000 00:00 0 
7f4b1048f000-7f4b1058d000 rw-p 00000000 00:00 0 
7f4b1058d000-7f4b10590000 ---p 00000000 00:00 0 
7f4b10590000-7f4b1068e000 rw-p 00000000 00:00 0 
7f4b1068e000-7f4b10691000 ---p 00000000 00:00 0 
7f4b10691000-7f4b1078f000 rw-p 00000000 00:00 0 
7f4b1078f000-7f4b10808000 r--s 010fd000 08:04 649286                     /opt/android-studio/jre/lib/tools.jar
7f4b10808000-7f4b10824000 r--s 00393000 08:04 649374                     /opt/android-studio/jre/jre/lib/ext/cldrdata.jar
7f4b10824000-7f4b13825000 rw-p 00000000 00:00 0 
7f4b13825000-7f4b1383b000 r-xp 00000000 08:04 649408                     /opt/android-studio/jre/jre/lib/amd64/libnet.so
7f4b1383b000-7f4b13a3b000 ---p 00016000 08:04 649408                     /opt/android-studio/jre/jre/lib/amd64/libnet.so
7f4b13a3b000-7f4b13a3c000 r--p 00016000 08:04 649408                     /opt/android-studio/jre/jre/lib/amd64/libnet.so
7f4b13a3c000-7f4b13a3d000 rw-p 00017000 08:04 649408                     /opt/android-studio/jre/jre/lib/amd64/libnet.so
7f4b13a3d000-7f4b13a4e000 r-xp 00000000 08:04 649410                     /opt/android-studio/jre/jre/lib/amd64/libnio.so
7f4b13a4e000-7f4b13c4d000 ---p 00011000 08:04 649410                     /opt/android-studio/jre/jre/lib/amd64/libnio.so
7f4b13c4d000-7f4b13c4e000 r--p 00010000 08:04 649410                     /opt/android-studio/jre/jre/lib/amd64/libnio.so
7f4b13c4e000-7f4b13c4f000 rw-p 00011000 08:04 649410                     /opt/android-studio/jre/jre/lib/amd64/libnio.so
7f4b13c4f000-7f4b13c58000 r-xp 00000000 08:04 649422                     /opt/android-studio/jre/jre/lib/amd64/libmanagement.so
7f4b13c58000-7f4b13e57000 ---p 00009000 08:04 649422                     /opt/android-studio/jre/jre/lib/amd64/libmanagement.so
7f4b13e57000-7f4b13e58000 r--p 00008000 08:04 649422                     /opt/android-studio/jre/jre/lib/amd64/libmanagement.so
7f4b13e58000-7f4b13e59000 rw-p 00009000 08:04 649422                     /opt/android-studio/jre/jre/lib/amd64/libmanagement.so
7f4b13e59000-7f4b14000000 r--s 016fd000 08:04 476852                     /home/shawdotion/.gradle/caches/modules-2/files-2.1/org.jetbrains.kotlin/kotlin-compiler-embeddable/1.2.10/649eba68c683bc722208b7cb9ffb23d93dc37895/kotlin-compiler-embeddable-1.2.10.jar
7f4b14000000-7f4b14021000 rw-p 00000000 00:00 0 
7f4b14021000-7f4b18000000 ---p 00000000 00:00 0 
7f4b18000000-7f4b18021000 rw-p 00000000 00:00 0 
7f4b18021000-7f4b1c000000 ---p 00000000 00:00 0 
7f4b1c000000-7f4b1d96b000 rw-p 00000000 00:00 0 
7f4b1d96b000-7f4b20000000 ---p 00000000 00:00 0 
7f4b20000000-7f4b20bd7000 rw-p 00000000 00:00 0 
7f4b20bd7000-7f4b24000000 ---p 00000000 00:00 0 
7f4b24000000-7f4b24021000 rw-p 00000000 00:00 0 
7f4b24021000-7f4b28000000 ---p 00000000 00:00 0 
7f4b28000000-7f4b29d11000 rw-p 00000000 00:00 0 
7f4b29d11000-7f4b2c000000 ---p 00000000 00:00 0 
7f4b2c000000-7f4b2c021000 rw-p 00000000 00:00 0 
7f4b2c021000-7f4b30000000 ---p 00000000 00:00 0 
7f4b30000000-7f4b30021000 rw-p 00000000 00:00 0 
7f4b30021000-7f4b34000000 ---p 00000000 00:00 0 
7f4b34000000-7f4b34281000 rw-p 00000000 00:00 0 
7f4b34281000-7f4b38000000 ---p 00000000 00:00 0 
7f4b38001000-7f4b38006000 r--s 00039000 08:04 1220072                    /home/shawdotion/.gradle/caches/transforms-1/files-1.1/support-core-ui-26.1.0.aar/640d48e5f6c7db03393e15903dbe83d2/jars/classes.jar
7f4b38006000-7f4b38009000 r--s 00004000 08:04 421432                     /home/shawdotion/.gradle/caches/modules-2/files-2.1/com.android.support/support-annotations/26.1.0/814258103cf26a15fcc26ecce35f5b7d24b73f8/support-annotations-26.1.0.jar
7f4b38009000-7f4b38014000 r--s 000a1000 08:04 1219594                    /home/shawdotion/.gradle/caches/transforms-1/files-1.1/appcompat-v7-26.1.0.aar/c83abb0ec6c464965aa96f717e2e7679/jars/classes.jar
7f4b38014000-7f4b38017000 r--s 00042000 08:04 419976                     /home/shawdotion/.gradle/caches/modules-2/files-2.1/com.fasterxml.jackson.core/jackson-core/2.8.7/8b46f39c78476fb848c81a49fa807a9e9506dddd/jackson-core-2.8.7.jar
7f4b38017000-7f4b38018000 ---p 00000000 00:00 0 
7f4b38018000-7f4b38118000 rw-p 00000000 00:00 0 
7f4b38118000-7f4b3811b000 ---p 00000000 00:00 0 
7f4b3811b000-7f4b38219000 rw-p 00000000 00:00 0 
7f4b38219000-7f4b3821c000 ---p 00000000 00:00 0 
7f4b3821c000-7f4b3831a000 rw-p 00000000 00:00 0 
7f4b3831a000-7f4b3831d000 ---p 00000000 00:00 0 
7f4b3831d000-7f4b3841b000 rw-p 00000000 00:00 0 
7f4b3841b000-7f4b3841e000 ---p 00000000 00:00 0 
7f4b3841e000-7f4b3851c000 rw-p 00000000 00:00 0 
7f4b3851c000-7f4b3851f000 ---p 00000000 00:00 0 
7f4b3851f000-7f4b3861d000 rw-p 00000000 00:00 0 
7f4b3861d000-7f4b388f9000 r--p 00000000 08:04 398322                     /usr/lib/locale/locale-archive
7f4b388f9000-7f4b388fc000 ---p 00000000 00:00 0 
7f4b388fc000-7f4b389fa000 rw-p 00000000 00:00 0 
7f4b389fa000-7f4b389fd000 ---p 00000000 00:00 0 
7f4b389fd000-7f4b38afb000 rw-p 00000000 00:00 0 
7f4b38afb000-7f4b38afc000 ---p 00000000 00:00 0 
7f4b38afc000-7f4b3c000000 rw-p 00000000 00:00 0 
7f4b3c000000-7f4b3c021000 rw-p 00000000 00:00 0 
7f4b3c021000-7f4b40000000 ---p 00000000 00:00 0 
7f4b40000000-7f4b40021000 rw-p 00000000 00:00 0 
7f4b40021000-7f4b44000000 ---p 00000000 00:00 0 
7f4b44000000-7f4b44021000 rw-p 00000000 00:00 0 
7f4b44021000-7f4b48000000 ---p 00000000 00:00 0 
7f4b48000000-7f4b48021000 rw-p 00000000 00:00 0 
7f4b48021000-7f4b4c000000 ---p 00000000 00:00 0 
7f4b4c000000-7f4b4c003000 r--s 00015000 08:04 1220076                    /home/shawdotion/.gradle/caches/transforms-1/files-1.1/support-core-utils-26.1.0.aar/bf98f0a51184034b628f730cd64cc4f1/jars/classes.jar
7f4b4c003000-7f4b4c005000 r--s 00002000 08:04 421435                     /home/shawdotion/.gradle/caches/modules-2/files-2.1/android.arch.lifecycle/common/1.0.0/e414a4cb28434e25c4f6aa71426eb20cf4874ae9/common-1.0.0.jar
7f4b4c005000-7f4b4c007000 r--s 00009000 08:04 419972                     /home/shawdotion/.gradle/caches/modules-2/files-2.1/org.slf4j/slf4j-api/1.7.24/3f6b4bd4f8dbe8d4bea06d107a3826469b85c3e9/slf4j-api-1.7.24.jar
7f4b4c007000-7f4b4c03b000 r--s 00239000 08:04 476851                     /home/shawdotion/.gradle/caches/modules-2/files-2.1/org.jetbrains.kotlin/kotlin-reflect/1.2.10/19bc012f8c4cd6b705bd6512263777cc19bcf259/kotlin-reflect-1.2.10.jar
7f4b4c03b000-7f4b4d000000 rw-p 00000000 00:00 0 
7f4b4d000000-7f4b4df30000 rwxp 00000000 00:00 0 
7f4b4df30000-7f4b5c000000 ---p 00000000 00:00 0 
7f4b5c000000-7f4b5c3db000 rw-p 00000000 00:00 0 
7f4b5c3db000-7f4b60000000 ---p 00000000 00:00 0 
7f4b60000000-7f4b60001000 r--s 00000000 08:04 2606108                    /home/shawdotion/.gradle/caches/transforms-1/files-1.1/firebase-iid-license-11.8.0.aar/f31e866b2cf86d26ab61425e160022ca/jars/classes.jar
7f4b60002000-7f4b60003000 r--s 00000000 08:04 1220677                    /home/shawdotion/.gradle/caches/transforms-1/files-1.1/play-services-iid-license-11.8.0.aar/2d85e9615f2a78c8dc4e9befac8e74b4/jars/classes.jar
7f4b60003000-7f4b60004000 r--s 00000000 08:04 2606105                    /home/shawdotion/.gradle/caches/transforms-1/files-1.1/firebase-analytics-impl-license-11.8.0.aar/88d1bb90d40e274c9b6e21642903cfea/jars/classes.jar
7f4b60004000-7f4b60016000 r--s 00345000 08:04 649344                     /opt/android-studio/jre/jre/lib/resources.jar
7f4b60016000-7f4b60468000 rw-p 00000000 00:00 0 
7f4b60468000-7f4b60638000 r--s 03c46000 08:04 649378                     /opt/android-studio/jre/jre/lib/rt.jar
7f4b60638000-7f4b609ae000 rw-p 00000000 00:00 0 
7f4b609ae000-7f4b609af000 ---p 00000000 00:00 0 
7f4b609af000-7f4b60aaf000 rw-p 00000000 00:00 0 
7f4b60aaf000-7f4b60ab0000 ---p 00000000 00:00 0 
7f4b60ab0000-7f4b60bb0000 rw-p 00000000 00:00 0 
7f4b60bb0000-7f4b60bb1000 ---p 00000000 00:00 0 
7f4b60bb1000-7f4b60cb1000 rw-p 00000000 00:00 0 
7f4b60cb1000-7f4b60cb2000 ---p 00000000 00:00 0 
7f4b60cb2000-7f4b60dd6000 rw-p 00000000 00:00 0 
7f4b60dd6000-7f4b60fb2000 ---p 00000000 00:00 0 
7f4b60fb2000-7f4b60fd6000 rw-p 00000000 00:00 0 
7f4b60fd6000-7f4b611b2000 ---p 00000000 00:00 0 
7f4b611b2000-7f4b611ff000 rw-p 00000000 00:00 0 
7f4b611ff000-7f4b612b2000 ---p 00000000 00:00 0 
7f4b612b2000-7f4b612f0000 rw-p 00000000 00:00 0 
7f4b612f0000-7f4b61673000 ---p 00000000 00:00 0 
7f4b61673000-7f4b6168d000 r-xp 00000000 08:04 649405                     /opt/android-studio/jre/jre/lib/amd64/libzip.so
7f4b6168d000-7f4b6188d000 ---p 0001a000 08:04 649405                     /opt/android-studio/jre/jre/lib/amd64/libzip.so
7f4b6188d000-7f4b6188e000 r--p 0001a000 08:04 649405                     /opt/android-studio/jre/jre/lib/amd64/libzip.so
7f4b6188e000-7f4b6188f000 rw-p 0001b000 08:04 649405                     /opt/android-studio/jre/jre/lib/amd64/libzip.so
7f4b6188f000-7f4b6189a000 r-xp 00000000 08:04 136290                     /lib/x86_64-linux-gnu/libnss_files-2.26.so
7f4b6189a000-7f4b61a99000 ---p 0000b000 08:04 136290                     /lib/x86_64-linux-gnu/libnss_files-2.26.so
7f4b61a99000-7f4b61a9a000 r--p 0000a000 08:04 136290                     /lib/x86_64-linux-gnu/libnss_files-2.26.so
7f4b61a9a000-7f4b61a9b000 rw-p 0000b000 08:04 136290                     /lib/x86_64-linux-gnu/libnss_files-2.26.so
7f4b61a9b000-7f4b61aa1000 rw-p 00000000 00:00 0 
7f4b61aa1000-7f4b61aac000 r-xp 00000000 08:04 136294                     /lib/x86_64-linux-gnu/libnss_nis-2.26.so
7f4b61aac000-7f4b61cab000 ---p 0000b000 08:04 136294                     /lib/x86_64-linux-gnu/libnss_nis-2.26.so
7f4b61cab000-7f4b61cac000 r--p 0000a000 08:04 136294                     /lib/x86_64-linux-gnu/libnss_nis-2.26.so
7f4b61cac000-7f4b61cad000 rw-p 0000b000 08:04 136294                     /lib/x86_64-linux-gnu/libnss_nis-2.26.so
7f4b61cad000-7f4b61cc4000 r-xp 00000000 08:04 136270                     /lib/x86_64-linux-gnu/libnsl-2.26.so
7f4b61cc4000-7f4b61ec3000 ---p 00017000 08:04 136270                     /lib/x86_64-linux-gnu/libnsl-2.26.so
7f4b61ec3000-7f4b61ec4000 r--p 00016000 08:04 136270                     /lib/x86_64-linux-gnu/libnsl-2.26.so
7f4b61ec4000-7f4b61ec5000 rw-p 00017000 08:04 136270                     /lib/x86_64-linux-gnu/libnsl-2.26.so
7f4b61ec5000-7f4b61ec7000 rw-p 00000000 00:00 0 
7f4b61ec7000-7f4b61ecf000 r-xp 00000000 08:04 136275                     /lib/x86_64-linux-gnu/libnss_compat-2.26.so
7f4b61ecf000-7f4b620ce000 ---p 00008000 08:04 136275                     /lib/x86_64-linux-gnu/libnss_compat-2.26.so
7f4b620ce000-7f4b620cf000 r--p 00007000 08:04 136275                     /lib/x86_64-linux-gnu/libnss_compat-2.26.so
7f4b620cf000-7f4b620d0000 rw-p 00008000 08:04 136275                     /lib/x86_64-linux-gnu/libnss_compat-2.26.so
7f4b620d0000-7f4b620fd000 r-xp 00000000 08:04 649415                     /opt/android-studio/jre/jre/lib/amd64/libjava.so
7f4b620fd000-7f4b622fc000 ---p 0002d000 08:04 649415                     /opt/android-studio/jre/jre/lib/amd64/libjava.so
7f4b622fc000-7f4b622fd000 r--p 0002c000 08:04 649415                     /opt/android-studio/jre/jre/lib/amd64/libjava.so
7f4b622fd000-7f4b622ff000 rw-p 0002d000 08:04 649415                     /opt/android-studio/jre/jre/lib/amd64/libjava.so
7f4b622ff000-7f4b6230f000 r-xp 00000000 08:04 649431                     /opt/android-studio/jre/jre/lib/amd64/libverify.so
7f4b6230f000-7f4b6250e000 ---p 00010000 08:04 649431                     /opt/android-studio/jre/jre/lib/amd64/libverify.so
7f4b6250e000-7f4b62510000 r--p 0000f000 08:04 649431                     /opt/android-studio/jre/jre/lib/amd64/libverify.so
7f4b62510000-7f4b62511000 rw-p 00011000 08:04 649431                     /opt/android-studio/jre/jre/lib/amd64/libverify.so
7f4b62511000-7f4b62518000 r-xp 00000000 08:04 136308                     /lib/x86_64-linux-gnu/librt-2.26.so
7f4b62518000-7f4b62717000 ---p 00007000 08:04 136308                     /lib/x86_64-linux-gnu/librt-2.26.so
7f4b62717000-7f4b62718000 r--p 00006000 08:04 136308                     /lib/x86_64-linux-gnu/librt-2.26.so
7f4b62718000-7f4b62719000 rw-p 00007000 08:04 136308                     /lib/x86_64-linux-gnu/librt-2.26.so
7f4b62719000-7f4b6286e000 r-xp 00000000 08:04 136213                     /lib/x86_64-linux-gnu/libm-2.26.so
7f4b6286e000-7f4b62a6d000 ---p 00155000 08:04 136213                     /lib/x86_64-linux-gnu/libm-2.26.so
7f4b62a6d000-7f4b62a6e000 r--p 00154000 08:04 136213                     /lib/x86_64-linux-gnu/libm-2.26.so
7f4b62a6e000-7f4b62a6f000 rw-p 00155000 08:04 136213                     /lib/x86_64-linux-gnu/libm-2.26.so
7f4b62a6f000-7f4b63667000 r-xp 00000000 08:04 649435                     /opt/android-studio/jre/jre/lib/amd64/server/libjvm.so
7f4b63667000-7f4b63867000 ---p 00bf8000 08:04 649435                     /opt/android-studio/jre/jre/lib/amd64/server/libjvm.so
7f4b63867000-7f4b63906000 r--p 00bf8000 08:04 649435                     /opt/android-studio/jre/jre/lib/amd64/server/libjvm.so
7f4b63906000-7f4b6392f000 rw-p 00c97000 08:04 649435                     /opt/android-studio/jre/jre/lib/amd64/server/libjvm.so
7f4b6392f000-7f4b63973000 rw-p 00000000 00:00 0 
7f4b63973000-7f4b6398d000 r-xp 00000000 08:04 136298                     /lib/x86_64-linux-gnu/libpthread-2.26.so
7f4b6398d000-7f4b63b8c000 ---p 0001a000 08:04 136298                     /lib/x86_64-linux-gnu/libpthread-2.26.so
7f4b63b8c000-7f4b63b8d000 r--p 00019000 08:04 136298                     /lib/x86_64-linux-gnu/libpthread-2.26.so
7f4b63b8d000-7f4b63b8e000 rw-p 0001a000 08:04 136298                     /lib/x86_64-linux-gnu/libpthread-2.26.so
7f4b63b8e000-7f4b63b92000 rw-p 00000000 00:00 0 
7f4b63b92000-7f4b63b95000 r-xp 00000000 08:04 136209                     /lib/x86_64-linux-gnu/libdl-2.26.so
7f4b63b95000-7f4b63d94000 ---p 00003000 08:04 136209                     /lib/x86_64-linux-gnu/libdl-2.26.so
7f4b63d94000-7f4b63d95000 r--p 00002000 08:04 136209                     /lib/x86_64-linux-gnu/libdl-2.26.so
7f4b63d95000-7f4b63d96000 rw-p 00003000 08:04 136209                     /lib/x86_64-linux-gnu/libdl-2.26.so
7f4b63d96000-7f4b63f6c000 r-xp 00000000 08:04 136182                     /lib/x86_64-linux-gnu/libc-2.26.so
7f4b63f6c000-7f4b6416c000 ---p 001d6000 08:04 136182                     /lib/x86_64-linux-gnu/libc-2.26.so
7f4b6416c000-7f4b64170000 r--p 001d6000 08:04 136182                     /lib/x86_64-linux-gnu/libc-2.26.so
7f4b64170000-7f4b64172000 rw-p 001da000 08:04 136182                     /lib/x86_64-linux-gnu/libc-2.26.so
7f4b64172000-7f4b64176000 rw-p 00000000 00:00 0 
7f4b64176000-7f4b6418c000 r-xp 00000000 08:04 649437                     /opt/android-studio/jre/jre/lib/amd64/jli/libjli.so
7f4b6418c000-7f4b6438b000 ---p 00016000 08:04 649437                     /opt/android-studio/jre/jre/lib/amd64/jli/libjli.so
7f4b6438b000-7f4b6438c000 r--p 00015000 08:04 649437                     /opt/android-studio/jre/jre/lib/amd64/jli/libjli.so
7f4b6438c000-7f4b6438d000 rw-p 00016000 08:04 649437                     /opt/android-studio/jre/jre/lib/amd64/jli/libjli.so
7f4b6438d000-7f4b643b4000 r-xp 00000000 08:04 136176                     /lib/x86_64-linux-gnu/ld-2.26.so
7f4b643b4000-7f4b643b7000 r--s 00028000 08:04 1219516                    /home/shawdotion/.gradle/caches/transforms-1/files-1.1/support-fragment-26.1.0.aar/6b2a68000d859c225e97fc1b92ae05be/jars/classes.jar
7f4b643b7000-7f4b643be000 r--s 00041000 08:04 476847                     /home/shawdotion/.gradle/caches/modules-2/files-2.1/org.jetbrains.kotlin/kotlin-android-extensions/1.2.10/10eb9a3d66aa7c5e17afdf93116082018d0d4643/kotlin-android-extensions-1.2.10.jar
7f4b643be000-7f4b643c3000 r--s 0009a000 08:04 649396                     /opt/android-studio/jre/jre/lib/jsse.jar
7f4b643c3000-7f4b643d3000 r--s 000d4000 08:04 476853                     /home/shawdotion/.gradle/caches/modules-2/files-2.1/org.jetbrains.kotlin/kotlin-stdlib/1.2.10/b9bf650516989595a5390e5a54181e16347208ac/kotlin-stdlib-1.2.10.jar
7f4b643d3000-7f4b64477000 rw-p 00000000 00:00 0 
7f4b64477000-7f4b6447a000 ---p 00000000 00:00 0 
7f4b6447a000-7f4b6457a000 rw-p 00000000 00:00 0 
7f4b6457a000-7f4b6457b000 r--s 00002000 08:04 1220227                    /home/shawdotion/.gradle/caches/transforms-1/files-1.1/runtime-1.0.0.aar/8ef137b11ffa78460b552a7c5b9c98c1/jars/classes.jar
7f4b6457b000-7f4b6457c000 r--s 00000000 08:04 476873                     /home/shawdotion/.gradle/caches/modules-2/files-2.1/org.jetbrains.kotlin/kotlin-stdlib-jre7/1.2.10/ea1aafdd031ba2604b06cb89a97da397b7aff520/kotlin-stdlib-jre7-1.2.10.jar
7f4b6457c000-7f4b6457d000 r--s 00002000 08:04 421434                     /home/shawdotion/.gradle/caches/modules-2/files-2.1/android.arch.core/common/1.0.0/a2d487452376193fc8c103dd2b9bd5f2b1b44563/common-1.0.0.jar
7f4b6457d000-7f4b64587000 r--s 00116000 08:04 649366                     /opt/android-studio/jre/jre/lib/ext/localedata.jar
7f4b64587000-7f4b64589000 r--s 00008000 08:04 476850                     /home/shawdotion/.gradle/caches/modules-2/files-2.1/org.jetbrains.kotlin/kotlin-script-runtime/1.2.10/941e197bf42d698e1cd5c47d302b753b7b1b7aec/kotlin-script-runtime-1.2.10.jar
7f4b64589000-7f4b645a7000 rw-p 00000000 00:00 0 
7f4b645a7000-7f4b645af000 rw-s 00000000 08:04 412230                     /tmp/hsperfdata_shawdotion/20080
7f4b645af000-7f4b645b0000 rw-p 00000000 00:00 0 
7f4b645b0000-7f4b645b1000 ---p 00000000 00:00 0 
7f4b645b1000-7f4b645b4000 rw-p 00000000 00:00 0 
7f4b645b4000-7f4b645b5000 r--p 00027000 08:04 136176                     /lib/x86_64-linux-gnu/ld-2.26.so
7f4b645b5000-7f4b645b6000 rw-p 00028000 08:04 136176                     /lib/x86_64-linux-gnu/ld-2.26.so
7f4b645b6000-7f4b645b7000 rw-p 00000000 00:00 0 
7ffeff639000-7ffeff65a000 rw-p 00000000 00:00 0                          [stack]
7ffeff751000-7ffeff754000 r--p 00000000 00:00 0                          [vvar]
7ffeff754000-7ffeff756000 r-xp 00000000 00:00 0                          [vdso]
ffffffffff600000-ffffffffff601000 r-xp 00000000 00:00 0                  [vsyscall]

VM Arguments:
jvm_args: -Djava.awt.headless=true -Djava.rmi.server.hostname=localhost -Xmx1536m -Dkotlin.environment.keepalive 
java_command: org.jetbrains.kotlin.daemon.KotlinCompileDaemon --daemon-runFilesPath /home/shawdotion/.local/share/kotlin/daemon --daemon-autoshutdownIdleSeconds=7200 --daemon-compilerClasspath /home/shawdotion/.gradle/caches/modules-2/files-2.1/org.jetbrains.kotlin/kotlin-compiler-embeddable/1.2.10/649eba68c683bc722208b7cb9ffb23d93dc37895/kotlin-compiler-embeddable-1.2.10.jar:/home/shawdotion/.gradle/caches/modules-2/files-2.1/org.jetbrains.kotlin/kotlin-stdlib/1.2.10/b9bf650516989595a5390e5a54181e16347208ac/kotlin-stdlib-1.2.10.jar:/home/shawdotion/.gradle/caches/modules-2/files-2.1/org.jetbrains.kotlin/kotlin-script-runtime/1.2.10/941e197bf42d698e1cd5c47d302b753b7b1b7aec/kotlin-script-runtime-1.2.10.jar:/home/shawdotion/.gradle/caches/modules-2/files-2.1/org.jetbrains.kotlin/kotlin-reflect/1.2.10/19bc012f8c4cd6b705bd6512263777cc19bcf259/kotlin-reflect-1.2.10.jar:/opt/android-studio/jre/lib/tools.jar
java_class_path (initial): /home/shawdotion/.gradle/caches/modules-2/files-2.1/org.jetbrains.kotlin/kotlin-compiler-embeddable/1.2.10/649eba68c683bc722208b7cb9ffb23d93dc37895/kotlin-compiler-embeddable-1.2.10.jar:/home/shawdotion/.gradle/caches/modules-2/files-2.1/org.jetbrains.kotlin/kotlin-stdlib/1.2.10/b9bf650516989595a5390e5a54181e16347208ac/kotlin-stdlib-1.2.10.jar:/home/shawdotion/.gradle/caches/modules-2/files-2.1/org.jetbrains.kotlin/kotlin-script-runtime/1.2.10/941e197bf42d698e1cd5c47d302b753b7b1b7aec/kotlin-script-runtime-1.2.10.jar:/home/shawdotion/.gradle/caches/modules-2/files-2.1/org.jetbrains.kotlin/kotlin-reflect/1.2.10/19bc012f8c4cd6b705bd6512263777cc19bcf259/kotlin-reflect-1.2.10.jar:/opt/android-studio/jre/lib/tools.jar
Launcher Type: SUN_STANDARD

Environment Variables:
JAVA_HOME=/usr/lib/jvm/java-8-oracle
PATH=/usr/local/sbin:/usr/local/bin:/usr/sbin:/usr/bin:/sbin:/bin:/usr/games:/usr/local/games:/snap/bin:/usr/lib/jvm/java-8-oracle/bin:/usr/lib/jvm/java-8-oracle/db/bin:/usr/lib/jvm/java-8-oracle/jre/bin
USERNAME=shawdotion
LD_LIBRARY_PATH=/opt/android-studio/bin:
SHELL=/bin/bash
DISPLAY=:1

Signal Handlers:
SIGSEGV: [libjvm.so+0x9ebc60], sa_mask[0]=11111111011111111101111111111110, sa_flags=SA_RESTART|SA_SIGINFO
SIGBUS: [libjvm.so+0x9ebc60], sa_mask[0]=11111111011111111101111111111110, sa_flags=SA_RESTART|SA_SIGINFO
SIGFPE: [libjvm.so+0x84cf60], sa_mask[0]=11111111011111111101111111111110, sa_flags=SA_RESTART|SA_SIGINFO
SIGPIPE: [libjvm.so+0x84cf60], sa_mask[0]=11111111011111111101111111111110, sa_flags=SA_RESTART|SA_SIGINFO
SIGXFSZ: [libjvm.so+0x84cf60], sa_mask[0]=11111111011111111101111111111110, sa_flags=SA_RESTART|SA_SIGINFO
SIGILL: [libjvm.so+0x84cf60], sa_mask[0]=11111111011111111101111111111110, sa_flags=SA_RESTART|SA_SIGINFO
SIGUSR1: SIG_DFL, sa_mask[0]=00000000000000000000000000000000, sa_flags=none
SIGUSR2: [libjvm.so+0x84ce30], sa_mask[0]=00100000000000000000000000000000, sa_flags=SA_RESTART|SA_SIGINFO
SIGHUP: [libjvm.so+0x84d020], sa_mask[0]=11111111011111111101111111111110, sa_flags=SA_RESTART|SA_SIGINFO
SIGINT: [libjvm.so+0x84d020], sa_mask[0]=11111111011111111101111111111110, sa_flags=SA_RESTART|SA_SIGINFO
SIGTERM: [libjvm.so+0x84d020], sa_mask[0]=11111111011111111101111111111110, sa_flags=SA_RESTART|SA_SIGINFO
SIGQUIT: [libjvm.so+0x84d020], sa_mask[0]=11111111011111111101111111111110, sa_flags=SA_RESTART|SA_SIGINFO


---------------  S Y S T E M  ---------------

OS:DISTRIB_ID=Ubuntu
DISTRIB_RELEASE=17.10
DISTRIB_CODENAME=artful
DISTRIB_DESCRIPTION="Ubuntu 17.10"

uname:Linux 4.13.0-17-generic #20-Ubuntu SMP Mon Nov 6 10:04:08 UTC 2017 x86_64
libc:glibc 2.26 NPTL 2.26 
rlimit: STACK 8192k, CORE 0k, NPROC 30812, NOFILE 1048576, AS infinity
load average:3.27 1.83 1.64

/proc/meminfo:
MemTotal:        8042544 kB
MemFree:          130060 kB
MemAvailable:      27644 kB
Buffers:            2036 kB
Cached:           230756 kB
SwapCached:        18232 kB
Active:          6363580 kB
Inactive:         917104 kB
Active(anon):    6345040 kB
Inactive(anon):   906260 kB
Active(file):      18540 kB
Inactive(file):    10844 kB
Unevictable:          80 kB
Mlocked:              80 kB
SwapTotal:        472456 kB
SwapFree:              0 kB
Dirty:              1568 kB
Writeback:             0 kB
AnonPages:       7030536 kB
Mapped:           404520 kB
Shmem:            203792 kB
Slab:             153136 kB
SReclaimable:      48084 kB
SUnreclaim:       105052 kB
KernelStack:       18080 kB
PageTables:        78860 kB
NFS_Unstable:          0 kB
Bounce:                0 kB
WritebackTmp:          0 kB
CommitLimit:     4493728 kB
Committed_AS:   16836180 kB
VmallocTotal:   34359738367 kB
VmallocUsed:           0 kB
VmallocChunk:          0 kB
HardwareCorrupted:     0 kB
AnonHugePages:   1542144 kB
ShmemHugePages:        0 kB
ShmemPmdMapped:        0 kB
CmaTotal:              0 kB
CmaFree:               0 kB
HugePages_Total:       0
HugePages_Free:        0
HugePages_Rsvd:        0
HugePages_Surp:        0
Hugepagesize:       2048 kB
DirectMap4k:     1904280 kB
DirectMap2M:     6354944 kB
DirectMap1G:     1048576 kB


CPU:total 4 (initial active 4) (4 cores per cpu, 1 threads per core) family 6 model 94 stepping 3, cmov, cx8, fxsr, mmx, sse, sse2, sse3, ssse3, sse4.1, sse4.2, popcnt, avx, avx2, aes, clmul, erms, rtm, 3dnowpref, lzcnt, tsc, tscinvbit, bmi1, bmi2, adx

/proc/cpuinfo:
processor	: 0
vendor_id	: GenuineIntel
cpu family	: 6
model		: 94
model name	: Intel(R) Core(TM) i5-6300HQ CPU @ 2.30GHz
stepping	: 3
microcode	: 0xba
cpu MHz		: 2300.000
cache size	: 6144 KB
physical id	: 0
siblings	: 4
core id		: 0
cpu cores	: 4
apicid		: 0
initial apicid	: 0
fpu		: yes
fpu_exception	: yes
cpuid level	: 22
wp		: yes
flags		: fpu vme de pse tsc msr pae mce cx8 apic sep mtrr pge mca cmov pat pse36 clflush dts acpi mmx fxsr sse sse2 ss ht tm pbe syscall nx pdpe1gb rdtscp lm constant_tsc art arch_perfmon pebs bts rep_good nopl xtopology nonstop_tsc cpuid aperfmperf tsc_known_freq pni pclmulqdq dtes64 monitor ds_cpl vmx est tm2 ssse3 sdbg fma cx16 xtpr pdcm pcid sse4_1 sse4_2 x2apic movbe popcnt tsc_deadline_timer aes xsave avx f16c rdrand lahf_lm abm 3dnowprefetch cpuid_fault epb intel_pt tpr_shadow vnmi flexpriority ept vpid fsgsbase tsc_adjust bmi1 hle avx2 smep bmi2 erms invpcid rtm mpx rdseed adx smap clflushopt xsaveopt xsavec xgetbv1 xsaves dtherm ida arat pln pts hwp hwp_notify hwp_act_window hwp_epp
bugs		:
bogomips	: 4608.00
clflush size	: 64
cache_alignment	: 64
address sizes	: 39 bits physical, 48 bits virtual
power management:

processor	: 1
vendor_id	: GenuineIntel
cpu family	: 6
model		: 94
model name	: Intel(R) Core(TM) i5-6300HQ CPU @ 2.30GHz
stepping	: 3
microcode	: 0xba
cpu MHz		: 2300.000
cache size	: 6144 KB
physical id	: 0
siblings	: 4
core id		: 1
cpu cores	: 4
apicid		: 2
initial apicid	: 2
fpu		: yes
fpu_exception	: yes
cpuid level	: 22
wp		: yes
flags		: fpu vme de pse tsc msr pae mce cx8 apic sep mtrr pge mca cmov pat pse36 clflush dts acpi mmx fxsr sse sse2 ss ht tm pbe syscall nx pdpe1gb rdtscp lm constant_tsc art arch_perfmon pebs bts rep_good nopl xtopology nonstop_tsc cpuid aperfmperf tsc_known_freq pni pclmulqdq dtes64 monitor ds_cpl vmx est tm2 ssse3 sdbg fma cx16 xtpr pdcm pcid sse4_1 sse4_2 x2apic movbe popcnt tsc_deadline_timer aes xsave avx f16c rdrand lahf_lm abm 3dnowprefetch cpuid_fault epb intel_pt tpr_shadow vnmi flexpriority ept vpid fsgsbase tsc_adjust bmi1 hle avx2 smep bmi2 erms invpcid rtm mpx rdseed adx smap clflushopt xsaveopt xsavec xgetbv1 xsaves dtherm ida arat pln pts hwp hwp_notify hwp_act_window hwp_epp
bugs		:
bogomips	: 4608.00
clflush size	: 64
cache_alignment	: 64
address sizes	: 39 bits physical, 48 bits virtual
power management:

processor	: 2
vendor_id	: GenuineIntel
cpu family	: 6
model		: 94
model name	: Intel(R) Core(TM) i5-6300HQ CPU @ 2.30GHz
stepping	: 3
microcode	: 0xba
cpu MHz		: 2300.000
cache size	: 6144 KB
physical id	: 0
siblings	: 4
core id		: 2
cpu cores	: 4
apicid		: 4
initial apicid	: 4
fpu		: yes
fpu_exception	: yes
cpuid level	: 22
wp		: yes
flags		: fpu vme de pse tsc msr pae mce cx8 apic sep mtrr pge mca cmov pat pse36 clflush dts acpi mmx fxsr sse sse2 ss ht tm pbe syscall nx pdpe1gb rdtscp lm constant_tsc art arch_perfmon pebs bts rep_good nopl xtopology nonstop_tsc cpuid aperfmperf tsc_known_freq pni pclmulqdq dtes64 monitor ds_cpl vmx est tm2 ssse3 sdbg fma cx16 xtpr pdcm pcid sse4_1 sse4_2 x2apic movbe popcnt tsc_deadline_timer aes xsave avx f16c rdrand lahf_lm abm 3dnowprefetch cpuid_fault epb intel_pt tpr_shadow vnmi flexpriority ept vpid fsgsbase tsc_adjust bmi1 hle avx2 smep bmi2 erms invpcid rtm mpx rdseed adx smap clflushopt xsaveopt xsavec xgetbv1 xsaves dtherm ida arat pln pts hwp hwp_notify hwp_act_window hwp_epp
bugs		:
bogomips	: 4608.00
clflush size	: 64
cache_alignment	: 64
address sizes	: 39 bits physical, 48 bits virtual
power management:

processor	: 3
vendor_id	: GenuineIntel
cpu family	: 6
model		: 94
model name	: Intel(R) Core(TM) i5-6300HQ CPU @ 2.30GHz
stepping	: 3
microcode	: 0xba
cpu MHz		: 2300.000
cache size	: 6144 KB
physical id	: 0
siblings	: 4
core id		: 3
cpu cores	: 4
apicid		: 6
initial apicid	: 6
fpu		: yes
fpu_exception	: yes
cpuid level	: 22
wp		: yes
flags		: fpu vme de pse tsc msr pae mce cx8 apic sep mtrr pge mca cmov pat pse36 clflush dts acpi mmx fxsr sse sse2 ss ht tm pbe syscall nx pdpe1gb rdtscp lm constant_tsc art arch_perfmon pebs bts rep_good nopl xtopology nonstop_tsc cpuid aperfmperf tsc_known_freq pni pclmulqdq dtes64 monitor ds_cpl vmx est tm2 ssse3 sdbg fma cx16 xtpr pdcm pcid sse4_1 sse4_2 x2apic movbe popcnt tsc_deadline_timer aes xsave avx f16c rdrand lahf_lm abm 3dnowprefetch cpuid_fault epb intel_pt tpr_shadow vnmi flexpriority ept vpid fsgsbase tsc_adjust bmi1 hle avx2 smep bmi2 erms invpcid rtm mpx rdseed adx smap clflushopt xsaveopt xsavec xgetbv1 xsaves dtherm ida arat pln pts hwp hwp_notify hwp_act_window hwp_epp
bugs		:
bogomips	: 4608.00
clflush size	: 64
cache_alignment	: 64
address sizes	: 39 bits physical, 48 bits virtual
power management:



Memory: 4k page, physical 8042544k(131068k free), swap 472456k(0k free)

vm_info: OpenJDK 64-Bit Server VM (25.152-b01) for linux-amd64 JRE (1.8.0_152-release-915-b01), built by "builder" with gcc 4.8.4

time: Tue Jan  9 22:09:54 2018
elapsed time: 7 seconds (0d 0h 0m 7s)

