#
# There is insufficient memory for the Java Runtime Environment to continue.
# Native memory allocation (mmap) failed to map 217055232 bytes for committing reserved memory.
# Possible reasons:
#   The system is out of physical RAM or swap space
#   In 32 bit mode, the process size limit was hit
# Possible solutions:
#   Reduce memory load on the system
#   Increase physical memory or swap space
#   Check if swap backing store is full
#   Use 64 bit Java on a 64 bit OS
#   Decrease Java heap size (-Xmx/-Xms)
#   Decrease number of Java threads
#   Decrease Java thread stack sizes (-Xss)
#   Set larger code cache with -XX:ReservedCodeCacheSize=
# This output file may be truncated or incomplete.
#
#  Out of Memory Error (os_linux.cpp:2640), pid=14887, tid=0x00007fe875cfc700
#
# JRE version: OpenJDK Runtime Environment (8.0_152-b01) (build 1.8.0_152-release-915-b01)
# Java VM: OpenJDK 64-Bit Server VM (25.152-b01 mixed mode linux-amd64 compressed oops)
# Failed to write core dump. Core dumps have been disabled. To enable core dumping, try "ulimit -c unlimited" before starting Java again
#

---------------  T H R E A D  ---------------

Current thread (0x00007fe888079000):  VMThread [stack: 0x00007fe875bfc000,0x00007fe875cfd000] [id=14895]

Stack: [0x00007fe875bfc000,0x00007fe875cfd000],  sp=0x00007fe875cfb470,  free space=1021k
Native frames: (J=compiled Java code, j=interpreted, Vv=VM code, C=native code)
V  [libjvm.so+0x9eb15d]  VMError::report_and_die()+0x15d
V  [libjvm.so+0x4b8eaa]  report_vm_out_of_memory(char const*, int, unsigned long, VMErrorType, char const*)+0x8a
V  [libjvm.so+0x851370]  os::pd_commit_memory(char*, unsigned long, unsigned long, bool)+0xf0
V  [libjvm.so+0x84be8f]  os::commit_memory(char*, unsigned long, unsigned long, bool)+0x1f
V  [libjvm.so+0x8c261b]  PSVirtualSpace::expand_by(unsigned long)+0x5b
V  [libjvm.so+0x8c3290]  PSYoungGen::resize_generation(unsigned long, unsigned long)+0xb0
V  [libjvm.so+0x8c35ab]  PSYoungGen::resize(unsigned long, unsigned long)+0x1b
V  [libjvm.so+0x8bfc9c]  PSScavenge::invoke_no_policy()+0xdac
V  [libjvm.so+0x8c0478]  PSScavenge::invoke()+0x38
V  [libjvm.so+0x8748f3]  ParallelScavengeHeap::failed_mem_allocate(unsigned long)+0x63
V  [libjvm.so+0x9ecc84]  VM_ParallelGCFailedAllocation::doit()+0x84
V  [libjvm.so+0x9f1197]  VM_Operation::evaluate()+0x47
V  [libjvm.so+0x9efb78]  VMThread::evaluate_operation(VM_Operation*)+0x2c8
V  [libjvm.so+0x9efff9]  VMThread::loop()+0x219
V  [libjvm.so+0x9f0442]  VMThread::run()+0x72
V  [libjvm.so+0x84e792]  java_start(Thread*)+0xf2

VM_Operation (0x00007fe83c6ea7f0): ParallelGCFailedAllocation, mode: safepoint, requested by thread 0x00007fe83400a800


---------------  P R O C E S S  ---------------

Java Threads: ( => current thread )
  0x00007fe820320000 JavaThread "Memory manager" [_thread_blocked, id=14963, stack(0x00007fe815c2a000,0x00007fe815d2b000)]
  0x00007fe82103f800 JavaThread "pool-1-thread-1" [_thread_blocked, id=14962, stack(0x00007fe815d2b000,0x00007fe815e2c000)]
  0x00007fe820b25800 JavaThread "build operations Thread 4" [_thread_blocked, id=14949, stack(0x00007fe816782000,0x00007fe816883000)]
  0x00007fe820b24000 JavaThread "build operations Thread 3" [_thread_blocked, id=14948, stack(0x00007fe816883000,0x00007fe816984000)]
  0x00007fe820b23800 JavaThread "build operations Thread 2" [_thread_blocked, id=14947, stack(0x00007fe816984000,0x00007fe816a85000)]
  0x00007fe820b28000 JavaThread "build operations" [_thread_blocked, id=14946, stack(0x00007fe816a85000,0x00007fe816b86000)]
  0x00007fe820865800 JavaThread "Cache worker for Artifact transforms cache (/home/shawdotion/.gradle/caches/transforms-1)" [_thread_blocked, id=14937, stack(0x00007fe816f86000,0x00007fe817087000)]
  0x00007fe8202bd800 JavaThread "Cache worker for file hash cache (/home/shawdotion/StudioProjects/Codename-Joey-master/.gradle/4.1/fileHashes)" [_thread_blocked, id=14923, stack(0x00007fe817bfe000,0x00007fe817cff000)]
  0x00007fe82011f800 JavaThread "File lock request listener" [_thread_in_native, id=14920, stack(0x00007fe817eff000,0x00007fe818000000)]
  0x00007fe820118800 JavaThread "Cache worker for file hash cache (/home/shawdotion/.gradle/caches/4.1/fileHashes)" [_thread_blocked, id=14919, stack(0x00007fe83c0ec000,0x00007fe83c1ed000)]
  0x00007fe820013800 JavaThread "Stdin handler" [_thread_blocked, id=14918, stack(0x00007fe83c3ed000,0x00007fe83c4ee000)]
  0x00007fe820010000 JavaThread "Asynchronous log dispatcher for DefaultDaemonConnection: socket connection from /127.0.0.1:45087 to /127.0.0.1:56086" [_thread_blocked, id=14916, stack(0x00007fe83c4ee000,0x00007fe83c5ef000)]
  0x00007fe83400a800 JavaThread "Daemon worker" [_thread_blocked, id=14914, stack(0x00007fe83c5ef000,0x00007fe83c6f0000)]
  0x00007fe834008800 JavaThread "Cancel handler" [_thread_blocked, id=14913, stack(0x00007fe83c6f0000,0x00007fe83c7f1000)]
  0x00007fe834004000 JavaThread "Handler for socket connection from /127.0.0.1:45087 to /127.0.0.1:56086" [_thread_in_native, id=14912, stack(0x00007fe83c7f1000,0x00007fe83c8f2000)]
  0x00007fe838048000 JavaThread "Daemon" [_thread_blocked, id=14911, stack(0x00007fe83c8f2000,0x00007fe83c9f3000)]
  0x00007fe888c6a000 JavaThread "Daemon periodic checks" [_thread_blocked, id=14910, stack(0x00007fe83c9f3000,0x00007fe83caf4000)]
  0x00007fe888c46800 JavaThread "Incoming local TCP Connector on port 45087" [_thread_in_native, id=14907, stack(0x00007fe83caf4000,0x00007fe83cbf5000)]
  0x00007fe8880c1000 JavaThread "Service Thread" daemon [_thread_blocked, id=14902, stack(0x00007fe875219000,0x00007fe87531a000)]
  0x00007fe8880be000 JavaThread "C1 CompilerThread2" daemon [_thread_blocked, id=14901, stack(0x00007fe87531a000,0x00007fe87541b000)]
  0x00007fe8880bc800 JavaThread "C2 CompilerThread1" daemon [_thread_blocked, id=14900, stack(0x00007fe87541b000,0x00007fe87551c000)]
  0x00007fe8880b9800 JavaThread "C2 CompilerThread0" daemon [_thread_blocked, id=14899, stack(0x00007fe87551c000,0x00007fe87561d000)]
  0x00007fe8880b5000 JavaThread "Signal Dispatcher" daemon [_thread_blocked, id=14898, stack(0x00007fe87561d000,0x00007fe87571e000)]
  0x00007fe888085000 JavaThread "Finalizer" daemon [_thread_blocked, id=14897, stack(0x00007fe8759fa000,0x00007fe875afb000)]
  0x00007fe888080800 JavaThread "Reference Handler" daemon [_thread_blocked, id=14896, stack(0x00007fe875afb000,0x00007fe875bfc000)]
  0x00007fe88800b000 JavaThread "main" [_thread_blocked, id=14888, stack(0x00007fe8915c5000,0x00007fe8916c6000)]

Other Threads:
=>0x00007fe888079000 VMThread [stack: 0x00007fe875bfc000,0x00007fe875cfd000] [id=14895]
  0x00007fe8880c4000 WatcherThread [stack: 0x00007fe875118000,0x00007fe875219000] [id=14903]

VM state:at safepoint (normal execution)

VM Mutex/Monitor currently owned by a thread:  ([mutex/lock_event])
[0x00007fe888007ba0] Threads_lock - owner thread: 0x00007fe888079000
[0x00007fe8880080a0] Heap_lock - owner thread: 0x00007fe83400a800

Heap:
 PSYoungGen      total 245248K, used 14846K [0x00000000e0000000, 0x00000000efe00000, 0x0000000100000000)
  eden space 230400K, 0% used [0x00000000e0000000,0x00000000e0000000,0x00000000ee100000)
  from space 14848K, 99% used [0x00000000ee100000,0x00000000eef7f8f0,0x00000000eef80000)
  to   space 10752K, 0% used [0x00000000ef380000,0x00000000ef380000,0x00000000efe00000)
 ParOldGen       total 69120K, used 22057K [0x00000000a0000000, 0x00000000a4380000, 0x00000000e0000000)
  object space 69120K, 31% used [0x00000000a0000000,0x00000000a158a710,0x00000000a4380000)
 Metaspace       used 47357K, capacity 48380K, committed 48600K, reserved 1091584K
  class space    used 6295K, capacity 6608K, committed 6656K, reserved 1048576K

Card table byte_map: [0x00007fe88e100000,0x00007fe88e401000] byte_map_base: 0x00007fe88dc00000

Marking Bits: (ParMarkBitMap*) 0x00007fe890a923e0
 Begin Bits: [0x00007fe876000000, 0x00007fe877800000)
 End Bits:   [0x00007fe877800000, 0x00007fe879000000)

Polling page: 0x00007fe8916fe000

CodeCache: size=245760Kb used=17598Kb max_used=17598Kb free=228161Kb
 bounds [0x00007fe879000000, 0x00007fe87a140000, 0x00007fe888000000]
 total_blobs=5671 nmethods=4929 adapters=655
 compilation: enabled

Compilation events (10 events):
Event: 14.930 Thread 0x00007fe8880be000 5397       3       com.google.common.base.Joiner::toString (24 bytes)
Event: 14.930 Thread 0x00007fe8880be000 nmethod 5397 0x00007fe87a13cd50 code [0x00007fe87a13cf00, 0x00007fe87a13d4d8]
Event: 14.930 Thread 0x00007fe8880be000 5398       1       java.util.ServiceLoader::access$400 (5 bytes)
Event: 14.930 Thread 0x00007fe8880be000 nmethod 5398 0x00007fe87a133250 code [0x00007fe87a1333a0, 0x00007fe87a133490]
Event: 14.930 Thread 0x00007fe8880be000 5399       1       java.util.ServiceLoader::access$800 (5 bytes)
Event: 14.930 Thread 0x00007fe8880be000 nmethod 5399 0x00007fe87a132f50 code [0x00007fe87a1330a0, 0x00007fe87a133190]
Event: 14.930 Thread 0x00007fe8880be000 5400       1       java.util.ServiceLoader::access$500 (5 bytes)
Event: 14.930 Thread 0x00007fe8880be000 nmethod 5400 0x00007fe87a13d650 code [0x00007fe87a13d7a0, 0x00007fe87a13d890]
Event: 14.943 Thread 0x00007fe8880be000 5401       3       sun.security.action.GetPropertyAction::<init> (10 bytes)
Event: 14.943 Thread 0x00007fe8880be000 nmethod 5401 0x00007fe87a13d910 code [0x00007fe87a13da80, 0x00007fe87a13dc50]

GC Heap History (10 events):
Event: 4.050 GC heap after
Heap after GC invocations=4 (full 0):
 PSYoungGen      total 132096K, used 5108K [0x00000000e0000000, 0x00000000e8600000, 0x0000000100000000)
  eden space 126976K, 0% used [0x00000000e0000000,0x00000000e0000000,0x00000000e7c00000)
  from space 5120K, 99% used [0x00000000e8100000,0x00000000e85fd030,0x00000000e8600000)
  to   space 5120K, 0% used [0x00000000e7c00000,0x00000000e7c00000,0x00000000e8100000)
 ParOldGen       total 84992K, used 8417K [0x00000000a0000000, 0x00000000a5300000, 0x00000000e0000000)
  object space 84992K, 9% used [0x00000000a0000000,0x00000000a08386f8,0x00000000a5300000)
 Metaspace       used 20627K, capacity 21064K, committed 21248K, reserved 1067008K
  class space    used 2866K, capacity 3037K, committed 3072K, reserved 1048576K
}
Event: 4.050 GC heap before
{Heap before GC invocations=5 (full 1):
 PSYoungGen      total 132096K, used 5108K [0x00000000e0000000, 0x00000000e8600000, 0x0000000100000000)
  eden space 126976K, 0% used [0x00000000e0000000,0x00000000e0000000,0x00000000e7c00000)
  from space 5120K, 99% used [0x00000000e8100000,0x00000000e85fd030,0x00000000e8600000)
  to   space 5120K, 0% used [0x00000000e7c00000,0x00000000e7c00000,0x00000000e8100000)
 ParOldGen       total 84992K, used 8417K [0x00000000a0000000, 0x00000000a5300000, 0x00000000e0000000)
  object space 84992K, 9% used [0x00000000a0000000,0x00000000a08386f8,0x00000000a5300000)
 Metaspace       used 20627K, capacity 21064K, committed 21248K, reserved 1067008K
  class space    used 2866K, capacity 3037K, committed 3072K, reserved 1048576K
Event: 4.110 GC heap after
Heap after GC invocations=5 (full 1):
 PSYoungGen      total 132096K, used 0K [0x00000000e0000000, 0x00000000e8600000, 0x0000000100000000)
  eden space 126976K, 0% used [0x00000000e0000000,0x00000000e0000000,0x00000000e7c00000)
  from space 5120K, 0% used [0x00000000e8100000,0x00000000e8100000,0x00000000e8600000)
  to   space 5120K, 0% used [0x00000000e7c00000,0x00000000e7c00000,0x00000000e8100000)
 ParOldGen       total 50688K, used 7342K [0x00000000a0000000, 0x00000000a3180000, 0x00000000e0000000)
  object space 50688K, 14% used [0x00000000a0000000,0x00000000a072b920,0x00000000a3180000)
 Metaspace       used 20627K, capacity 21064K, committed 21248K, reserved 1067008K
  class space    used 2866K, capacity 3037K, committed 3072K, reserved 1048576K
}
Event: 7.509 GC heap before
{Heap before GC invocations=6 (full 1):
 PSYoungGen      total 132096K, used 126976K [0x00000000e0000000, 0x00000000e8600000, 0x0000000100000000)
  eden space 126976K, 100% used [0x00000000e0000000,0x00000000e7c00000,0x00000000e7c00000)
  from space 5120K, 0% used [0x00000000e8100000,0x00000000e8100000,0x00000000e8600000)
  to   space 5120K, 0% used [0x00000000e7c00000,0x00000000e7c00000,0x00000000e8100000)
 ParOldGen       total 50688K, used 7342K [0x00000000a0000000, 0x00000000a3180000, 0x00000000e0000000)
  object space 50688K, 14% used [0x00000000a0000000,0x00000000a072b920,0x00000000a3180000)
 Metaspace       used 29992K, capacity 30474K, committed 30720K, reserved 1075200K
  class space    used 4104K, capacity 4286K, committed 4352K, reserved 1048576K
Event: 7.548 GC heap after
Heap after GC invocations=6 (full 1):
 PSYoungGen      total 132096K, used 5088K [0x00000000e0000000, 0x00000000f0200000, 0x0000000100000000)
  eden space 126976K, 0% used [0x00000000e0000000,0x00000000e0000000,0x00000000e7c00000)
  from space 5120K, 99% used [0x00000000e7c00000,0x00000000e80f8010,0x00000000e8100000)
  to   space 14848K, 0% used [0x00000000ef380000,0x00000000ef380000,0x00000000f0200000)
 ParOldGen       total 50688K, used 13565K [0x00000000a0000000, 0x00000000a3180000, 0x00000000e0000000)
  object space 50688K, 26% used [0x00000000a0000000,0x00000000a0d3f500,0x00000000a3180000)
 Metaspace       used 29992K, capacity 30474K, committed 30720K, reserved 1075200K
  class space    used 4104K, capacity 4286K, committed 4352K, reserved 1048576K
}
Event: 9.906 GC heap before
{Heap before GC invocations=7 (full 1):
 PSYoungGen      total 132096K, used 70030K [0x00000000e0000000, 0x00000000f0200000, 0x0000000100000000)
  eden space 126976K, 51% used [0x00000000e0000000,0x00000000e3f6ba18,0x00000000e7c00000)
  from space 5120K, 99% used [0x00000000e7c00000,0x00000000e80f8010,0x00000000e8100000)
  to   space 14848K, 0% used [0x00000000ef380000,0x00000000ef380000,0x00000000f0200000)
 ParOldGen       total 50688K, used 13565K [0x00000000a0000000, 0x00000000a3180000, 0x00000000e0000000)
  object space 50688K, 26% used [0x00000000a0000000,0x00000000a0d3f500,0x00000000a3180000)
 Metaspace       used 34547K, capacity 35224K, committed 35416K, reserved 1079296K
  class space    used 4688K, capacity 4962K, committed 4992K, reserved 1048576K
Event: 9.941 GC heap after
Heap after GC invocations=7 (full 1):
 PSYoungGen      total 241152K, used 9607K [0x00000000e0000000, 0x00000000efe00000, 0x0000000100000000)
  eden space 230400K, 0% used [0x00000000e0000000,0x00000000e0000000,0x00000000ee100000)
  from space 10752K, 89% used [0x00000000ef380000,0x00000000efce1eb8,0x00000000efe00000)
  to   space 14848K, 0% used [0x00000000ee100000,0x00000000ee100000,0x00000000eef80000)
 ParOldGen       total 50688K, used 13645K [0x00000000a0000000, 0x00000000a3180000, 0x00000000e0000000)
  object space 50688K, 26% used [0x00000000a0000000,0x00000000a0d53510,0x00000000a3180000)
 Metaspace       used 34547K, capacity 35224K, committed 35416K, reserved 1079296K
  class space    used 4688K, capacity 4962K, committed 4992K, reserved 1048576K
}
Event: 9.941 GC heap before
{Heap before GC invocations=8 (full 2):
 PSYoungGen      total 241152K, used 9607K [0x00000000e0000000, 0x00000000efe00000, 0x0000000100000000)
  eden space 230400K, 0% used [0x00000000e0000000,0x00000000e0000000,0x00000000ee100000)
  from space 10752K, 89% used [0x00000000ef380000,0x00000000efce1eb8,0x00000000efe00000)
  to   space 14848K, 0% used [0x00000000ee100000,0x00000000ee100000,0x00000000eef80000)
 ParOldGen       total 50688K, used 13645K [0x00000000a0000000, 0x00000000a3180000, 0x00000000e0000000)
  object space 50688K, 26% used [0x00000000a0000000,0x00000000a0d53510,0x00000000a3180000)
 Metaspace       used 34547K, capacity 35224K, committed 35416K, reserved 1079296K
  class space    used 4688K, capacity 4962K, committed 4992K, reserved 1048576K
Event: 10.031 GC heap after
Heap after GC invocations=8 (full 2):
 PSYoungGen      total 241152K, used 0K [0x00000000e0000000, 0x00000000efe00000, 0x0000000100000000)
  eden space 230400K, 0% used [0x00000000e0000000,0x00000000e0000000,0x00000000ee100000)
  from space 10752K, 0% used [0x00000000ef380000,0x00000000ef380000,0x00000000efe00000)
  to   space 14848K, 0% used [0x00000000ee100000,0x00000000ee100000,0x00000000eef80000)
 ParOldGen       total 69120K, used 16896K [0x00000000a0000000, 0x00000000a4380000, 0x00000000e0000000)
  object space 69120K, 24% used [0x00000000a0000000,0x00000000a1080010,0x00000000a4380000)
 Metaspace       used 34547K, capacity 35224K, committed 35416K, reserved 1079296K
  class space    used 4688K, capacity 4962K, committed 4992K, reserved 1048576K
}
Event: 14.974 GC heap before
{Heap before GC invocations=9 (full 2):
 PSYoungGen      total 241152K, used 230400K [0x00000000e0000000, 0x00000000efe00000, 0x0000000100000000)
  eden space 230400K, 100% used [0x00000000e0000000,0x00000000ee100000,0x00000000ee100000)
  from space 10752K, 0% used [0x00000000ef380000,0x00000000ef380000,0x00000000efe00000)
  to   space 14848K, 0% used [0x00000000ee100000,0x00000000ee100000,0x00000000eef80000)
 ParOldGen       total 69120K, used 16896K [0x00000000a0000000, 0x00000000a4380000, 0x00000000e0000000)
  object space 69120K, 24% used [0x00000000a0000000,0x00000000a1080010,0x00000000a4380000)
 Metaspace       used 47357K, capacity 48380K, committed 48600K, reserved 1091584K
  class space    used 6295K, capacity 6608K, committed 6656K, reserved 1048576K

Deoptimization events (10 events):
Event: 13.740 Thread 0x00007fe83400a800 Uncommon trap: reason=class_check action=maybe_recompile pc=0x00007fe879b83cfc method=com.sun.org.apache.xerces.internal.impl.XMLDocumentFragmentScannerImpl$FragmentContentDriver.next()I @ 439
Event: 13.740 Thread 0x00007fe83400a800 Uncommon trap: reason=class_check action=maybe_recompile pc=0x00007fe879b83cfc method=com.sun.org.apache.xerces.internal.impl.XMLDocumentFragmentScannerImpl$FragmentContentDriver.next()I @ 439
Event: 13.741 Thread 0x00007fe83400a800 Uncommon trap: reason=class_check action=maybe_recompile pc=0x00007fe879b83cfc method=com.sun.org.apache.xerces.internal.impl.XMLDocumentFragmentScannerImpl$FragmentContentDriver.next()I @ 439
Event: 13.741 Thread 0x00007fe83400a800 Uncommon trap: reason=class_check action=maybe_recompile pc=0x00007fe879ab1ad0 method=com.sun.org.apache.xerces.internal.impl.XMLDocumentFragmentScannerImpl.scanEndElement()I @ 145
Event: 13.741 Thread 0x00007fe83400a800 Uncommon trap: reason=class_check action=maybe_recompile pc=0x00007fe879ab1ad0 method=com.sun.org.apache.xerces.internal.impl.XMLDocumentFragmentScannerImpl.scanEndElement()I @ 145
Event: 13.741 Thread 0x00007fe83400a800 Uncommon trap: reason=class_check action=maybe_recompile pc=0x00007fe879ab1ad0 method=com.sun.org.apache.xerces.internal.impl.XMLDocumentFragmentScannerImpl.scanEndElement()I @ 145
Event: 13.741 Thread 0x00007fe83400a800 Uncommon trap: reason=class_check action=maybe_recompile pc=0x00007fe879ab1ad0 method=com.sun.org.apache.xerces.internal.impl.XMLDocumentFragmentScannerImpl.scanEndElement()I @ 145
Event: 13.911 Thread 0x00007fe83400a800 Uncommon trap: reason=unstable_if action=reinterpret pc=0x00007fe879f2bb74 method=java.lang.CharacterDataLatin1.digit(II)I @ 31
Event: 13.934 Thread 0x00007fe83400a800 Uncommon trap: reason=unstable_if action=reinterpret pc=0x00007fe879a25c48 method=java.lang.CharacterDataLatin1.digit(II)I @ 31
Event: 13.947 Thread 0x00007fe83400a800 Uncommon trap: reason=unstable_if action=reinterpret pc=0x00007fe8799ae0e8 method=java.lang.CharacterDataLatin1.digit(II)I @ 31

Classes redefined (0 events):
No events

Internal exceptions (10 events):
Event: 14.785 Thread 0x00007fe83400a800 Exception <a 'sun/nio/fs/UnixException'> (0x00000000ecfc24f8) thrown at [/ssd/Android/AOSP-openjdk-git/jdk8u/hotspot/src/share/vm/prims/jni.cpp, line 709]
Event: 14.785 Thread 0x00007fe83400a800 Exception <a 'sun/nio/fs/UnixException'> (0x00000000ecfc3948) thrown at [/ssd/Android/AOSP-openjdk-git/jdk8u/hotspot/src/share/vm/prims/jni.cpp, line 709]
Event: 14.786 Thread 0x00007fe83400a800 Exception <a 'sun/nio/fs/UnixException'> (0x00000000ecfc57b8) thrown at [/ssd/Android/AOSP-openjdk-git/jdk8u/hotspot/src/share/vm/prims/jni.cpp, line 709]
Event: 14.786 Thread 0x00007fe83400a800 Exception <a 'sun/nio/fs/UnixException'> (0x00000000ecfc6de0) thrown at [/ssd/Android/AOSP-openjdk-git/jdk8u/hotspot/src/share/vm/prims/jni.cpp, line 709]
Event: 14.786 Thread 0x00007fe83400a800 Exception <a 'sun/nio/fs/UnixException'> (0x00000000ecfc8e28) thrown at [/ssd/Android/AOSP-openjdk-git/jdk8u/hotspot/src/share/vm/prims/jni.cpp, line 709]
Event: 14.786 Thread 0x00007fe83400a800 Exception <a 'sun/nio/fs/UnixException'> (0x00000000ecfca4f0) thrown at [/ssd/Android/AOSP-openjdk-git/jdk8u/hotspot/src/share/vm/prims/jni.cpp, line 709]
Event: 14.787 Thread 0x00007fe83400a800 Exception <a 'sun/nio/fs/UnixException'> (0x00000000ecfcc0f0) thrown at [/ssd/Android/AOSP-openjdk-git/jdk8u/hotspot/src/share/vm/prims/jni.cpp, line 709]
Event: 14.787 Thread 0x00007fe83400a800 Exception <a 'sun/nio/fs/UnixException'> (0x00000000ecfcd570) thrown at [/ssd/Android/AOSP-openjdk-git/jdk8u/hotspot/src/share/vm/prims/jni.cpp, line 709]
Event: 14.787 Thread 0x00007fe83400a800 Exception <a 'sun/nio/fs/UnixException'> (0x00000000ecfcf4e0) thrown at [/ssd/Android/AOSP-openjdk-git/jdk8u/hotspot/src/share/vm/prims/jni.cpp, line 709]
Event: 14.787 Thread 0x00007fe83400a800 Exception <a 'sun/nio/fs/UnixException'> (0x00000000ecfd0968) thrown at [/ssd/Android/AOSP-openjdk-git/jdk8u/hotspot/src/share/vm/prims/jni.cpp, line 709]

Events (10 events):
Event: 14.703 loading class com/android/repository/impl/meta/RepositoryPackages done
Event: 14.703 loading class com/android/repository/impl/meta/RepositoryPackages
Event: 14.703 loading class com/android/repository/impl/meta/RepositoryPackages done
Event: 14.704 loading class com/android/sdklib/repository/AndroidSdkHandler
Event: 14.704 loading class com/android/sdklib/repository/AndroidSdkHandler done
Event: 14.704 loading class com/android/repository/api/RepoManager$RepoLoadedCallback
Event: 14.704 loading class com/android/repository/api/RepoManager$RepoLoadedCallback done
Event: 14.710 Thread 0x00007fe83400a800 DEOPT PACKING pc=0x00007fe87916db14 sp=0x00007fe83c6eafb0
Event: 14.710 Thread 0x00007fe83400a800 DEOPT UNPACKING pc=0x00007fe879047373 sp=0x00007fe83c6ead28 mode 0
Event: 14.956 Executing VM operation: ParallelGCFailedAllocation


Dynamic libraries:
00400000-00401000 r-xp 00000000 08:04 649321                             /opt/android-studio/jre/bin/java
00600000-00601000 r--p 00000000 08:04 649321                             /opt/android-studio/jre/bin/java
00601000-00602000 rw-p 00001000 08:04 649321                             /opt/android-studio/jre/bin/java
0136b000-0138c000 rw-p 00000000 00:00 0                                  [heap]
a0000000-a4380000 rw-p 00000000 00:00 0 
a4380000-e0000000 ---p 00000000 00:00 0 
e0000000-efe00000 rw-p 00000000 00:00 0 
fcd00000-100000000 ---p 00000000 00:00 0 
100000000-100680000 rw-p 00000000 00:00 0 
100680000-140000000 ---p 00000000 00:00 0 
7fe7f0000000-7fe7f0021000 rw-p 00000000 00:00 0 
7fe7f0021000-7fe7f4000000 ---p 00000000 00:00 0 
7fe7f8000000-7fe7f8021000 rw-p 00000000 00:00 0 
7fe7f8021000-7fe7fc000000 ---p 00000000 00:00 0 
7fe7fc000000-7fe7fc021000 rw-p 00000000 00:00 0 
7fe7fc021000-7fe800000000 ---p 00000000 00:00 0 
7fe800000000-7fe800021000 rw-p 00000000 00:00 0 
7fe800021000-7fe804000000 ---p 00000000 00:00 0 
7fe804000000-7fe804021000 rw-p 00000000 00:00 0 
7fe804021000-7fe808000000 ---p 00000000 00:00 0 
7fe808000000-7fe808021000 rw-p 00000000 00:00 0 
7fe808021000-7fe80c000000 ---p 00000000 00:00 0 
7fe80c000000-7fe80c021000 rw-p 00000000 00:00 0 
7fe80c021000-7fe810000000 ---p 00000000 00:00 0 
7fe810000000-7fe810021000 rw-p 00000000 00:00 0 
7fe810021000-7fe814000000 ---p 00000000 00:00 0 
7fe815215000-7fe815315000 rw-p 00000000 00:00 0 
7fe815315000-7fe815415000 ---p 00000000 00:00 0 
7fe815415000-7fe815427000 r--s 00345000 08:04 649344                     /opt/android-studio/jre/jre/lib/resources.jar
7fe815427000-7fe815627000 rw-p 00000000 00:00 0 
7fe815627000-7fe815827000 rw-p 00000000 00:00 0 
7fe815827000-7fe815a27000 rw-p 00000000 00:00 0 
7fe815a27000-7fe815a2a000 r--s 00015000 08:04 649444                     /opt/android-studio/jre/jre/lib/jce.jar
7fe815a2a000-7fe815c2a000 rw-p 00000000 00:00 0 
7fe815c2a000-7fe815c2d000 ---p 00000000 00:00 0 
7fe815c2d000-7fe815d2b000 rw-p 00000000 00:00 0 
7fe815d2b000-7fe815d2e000 ---p 00000000 00:00 0 
7fe815d2e000-7fe81602c000 rw-p 00000000 00:00 0 
7fe81602c000-7fe816222000 rw-p 00000000 00:00 0 
7fe816222000-7fe81622c000 ---p 00000000 00:00 0 
7fe81622c000-7fe81622e000 r--s 00003000 08:04 1212244                    /home/shawdotion/.gradle/caches/jars-3/01ab8600ebbfdcaf9b89b45c2b992e82/annotations-13.0.jar
7fe81622e000-7fe816239000 r--s 00081000 08:04 1212243                    /home/shawdotion/.gradle/caches/jars-3/fc6e889a0f45cc9752787eb60f920103/trove4j-20160824.jar
7fe816239000-7fe8162bc000 r--s 00758000 08:04 1568991                    /home/shawdotion/.gradle/caches/jars-3/b46ab84062ddfd52701cfe0a9718e764/intellij-core-26.0.1.jar
7fe8162bc000-7fe8162c2000 r--s 00033000 08:04 1212241                    /home/shawdotion/.gradle/caches/jars-3/f96c897d327ea500d64fe3af2833bd50/commons-codec-1.6.jar
7fe8162c2000-7fe8162c4000 r--s 0000d000 08:04 1212240                    /home/shawdotion/.gradle/caches/jars-3/ccc849edcf9fccd61ed937bf93ffe896/commons-logging-1.1.1.jar
7fe8162c4000-7fe8162ca000 r--s 00032000 08:04 1212239                    /home/shawdotion/.gradle/caches/jars-3/72e344059d1923829968d0d38b0c3c72/httpcore-4.2.5.jar
7fe8162ca000-7fe8162cb000 r--s 00004000 08:04 1212238                    /home/shawdotion/.gradle/caches/jars-3/3a4299d1ce3e273e7c03a9ccf5a1e333/annotations-12.0.jar
7fe8162cb000-7fe8162cc000 r--s 00000000 08:04 1212237                    /home/shawdotion/.gradle/caches/jars-3/0e2fbc3b8c56d2975eca90c524790c13/animal-sniffer-annotations-1.14.jar
7fe8162cc000-7fe8162ce000 r--s 00001000 08:04 1212236                    /home/shawdotion/.gradle/caches/jars-3/ad41f8f3ac67c0323ce9eb1c20c8dc3f/j2objc-annotations-1.1.jar
7fe8162ce000-7fe8162cf000 r--s 00002000 08:04 1212235                    /home/shawdotion/.gradle/caches/jars-3/9edb0f46b907c34c4718edabde6c791c/error_prone_annotations-2.0.18.jar
7fe8162cf000-7fe8162d2000 r--s 00006000 08:04 1212234                    /home/shawdotion/.gradle/caches/jars-3/b58a9bc3bbba42132e4abc0bacae8da1/jsr305-1.3.9.jar
7fe8162d2000-7fe8162d3000 r--s 0000a000 08:04 1212233                    /home/shawdotion/.gradle/caches/jars-3/5b8b36ed61fe92731031cca3c9b3a0b3/kxml2-2.3.0.jar
7fe8162d3000-7fe8162d5000 r--s 00005000 08:04 1212232                    /home/shawdotion/.gradle/caches/jars-3/f10e1e1978816198f2eb1189c974b440/httpmime-4.1.jar
7fe8162d5000-7fe8162df000 r--s 00061000 08:04 1212231                    /home/shawdotion/.gradle/caches/jars-3/bc4b2527f35dc983f759e8f85f3f8d52/httpclient-4.2.6.jar
7fe8162df000-7fe8162e8000 r--s 00064000 08:04 1212230                    /home/shawdotion/.gradle/caches/jars-3/fc37c717528c2a0d27f3e3621835f781/commons-compress-1.12.jar
7fe8162e8000-7fe8162ed000 r--s 0002e000 08:04 1212229                    /home/shawdotion/.gradle/caches/jars-3/c5bcda7f6f4809e9c92270f99e51f154/gson-2.3.jar
7fe8162ed000-7fe8162fd000 r--s 000d6000 08:04 1212228                    /home/shawdotion/.gradle/caches/jars-3/dbdb8caed2514263a34702cc763c6785/proguard-base-5.3.3.jar
7fe8162fd000-7fe8162fe000 r--s 00001000 08:04 1568981                    /home/shawdotion/.gradle/caches/jars-3/dccac9b7f67766e57200b1770178f61c/annotations-26.0.1.jar
7fe8162fe000-7fe816301000 r--s 00033000 08:04 1212226                    /home/shawdotion/.gradle/caches/jars-3/0ce03714647bf7bd3c78634c20ddbf38/juniversalchardet-1.0.3.jar
7fe816301000-7fe816305000 r--s 0002a000 08:04 1212225                    /home/shawdotion/.gradle/caches/jars-3/9849af6d4b0409ba64061601342f385d/commons-io-2.4.jar
7fe816305000-7fe81631c000 r--s 00154000 08:04 1212224                    /home/shawdotion/.gradle/caches/jars-3/57adf9abd30c921d4ea1dfdcfe7b9efd/antlr4-4.5.3.jar
7fe81631c000-7fe81631d000 r--s 00003000 08:04 1568979                    /home/shawdotion/.gradle/caches/jars-3/54a15dd332fd4c2e246ad396835dc0d2/baseLibrary-3.0.1.jar
7fe81631d000-7fe81634d000 r--s 00245000 08:04 1212222                    /home/shawdotion/.gradle/caches/jars-3/8e27cdebb49ba2f804f9403d90aaaac5/guava-22.0.jar
7fe81634d000-7fe816355000 r--s 000a8000 08:04 1212221                    /home/shawdotion/.gradle/caches/jars-3/6cc57ce9ec0d90186f781694264d61bc/lombok-ast-0.2.3.jar
7fe816355000-7fe816359000 r--s 0002f000 08:04 1212220                    /home/shawdotion/.gradle/caches/jars-3/505fcc8c47da308b2f1262f0ff3c65f1/jimfs-1.1.jar
7fe816359000-7fe81636c000 r--s 00241000 08:04 1212219                    /home/shawdotion/.gradle/caches/jars-3/d8dc71eb6d91c966c45f7b594129e14a/ecj-4.6.1.jar
7fe81636c000-7fe81636d000 r--s 00003000 08:04 1212218                    /home/shawdotion/.gradle/caches/jars-3/fdb8f5ebd6a086c4818336712b830716/json-simple-1.1.jar
7fe81636d000-7fe816492000 r--s 00f5d000 08:04 1212217                    /home/shawdotion/.gradle/caches/jars-3/dfd566a90e18a0aa75879c33e0731ab8/fastutil-7.2.0.jar
7fe816492000-7fe8164dd000 r--s 002ff000 08:04 1212216                    /home/shawdotion/.gradle/caches/jars-3/d3d44e9a7fcb4a86fb40775c385dd3d0/bcprov-jdk15on-1.56.jar
7fe8164dd000-7fe8164ee000 r--s 00097000 08:04 1212215                    /home/shawdotion/.gradle/caches/jars-3/59ebb77d99c5ca0e24bb23272e0329dd/bcpkix-jdk15on-1.56.jar
7fe8164ee000-7fe8164f0000 r--s 00002000 08:04 1212214                    /home/shawdotion/.gradle/caches/jars-3/f268e5e8fc83bb846ac355d6a16b1f30/javawriter-2.5.0.jar
7fe8164f0000-7fe8164f5000 r--s 0003b000 08:04 1568977                    /home/shawdotion/.gradle/caches/jars-3/91bf67441f6ac57ccbb374f99f9ed0fc/apksig-3.0.1.jar
7fe8164f5000-7fe8164f8000 r--s 00024000 08:04 1568958                    /home/shawdotion/.gradle/caches/jars-3/04183dcd1bde85515b23d1bbd46ea9bc/common-26.0.1.jar
7fe8164f8000-7fe8164fa000 r--s 00006000 08:04 1568953                    /home/shawdotion/.gradle/caches/jars-3/a0ea702af2bdb16dfa1a50969b155dea/dvlib-26.0.1.jar
7fe8164fa000-7fe8164fd000 r--s 00014000 08:04 1568949                    /home/shawdotion/.gradle/caches/jars-3/6abb718b4b844aa0386163f0c2f6eb72/layoutlib-api-26.0.1.jar
7fe8164fd000-7fe816502000 r--s 0004d000 08:04 1568946                    /home/shawdotion/.gradle/caches/jars-3/65a80584522712b8832b7c1c03186c4b/ddmlib-26.0.1.jar
7fe816502000-7fe816503000 r--s 00003000 08:04 1568944                    /home/shawdotion/.gradle/caches/jars-3/af01854c900e4906a368ef59064a245d/builder-test-api-3.0.1.jar
7fe816503000-7fe816506000 r--s 00007000 08:04 1568942                    /home/shawdotion/.gradle/caches/jars-3/124ec36ab4edce0919b54d1123daa364/builder-model-3.0.1.jar
7fe816506000-7fe81650f000 r--s 0007a000 08:04 476855                     /home/shawdotion/.gradle/caches/modules-2/files-2.1/org.jetbrains.kotlin/kotlin-daemon-client/1.2.10/651826c1a1d1a441c48e04f58dc98dff6752abb7/kotlin-daemon-client-1.2.10.jar
7fe81650f000-7fe816514000 r--s 00042000 08:04 476854                     /home/shawdotion/.gradle/caches/modules-2/files-2.1/org.jetbrains.kotlin/kotlin-build-common/1.2.10/9da5a326205f27fb19a1654bcfb18b9f166caf33/kotlin-build-common-1.2.10.jar
7fe816514000-7fe816516000 r--s 00008000 08:04 476850                     /home/shawdotion/.gradle/caches/modules-2/files-2.1/org.jetbrains.kotlin/kotlin-script-runtime/1.2.10/941e197bf42d698e1cd5c47d302b753b7b1b7aec/kotlin-script-runtime-1.2.10.jar
7fe816516000-7fe816525000 r--s 00130000 08:04 1212206                    /home/shawdotion/.gradle/caches/jars-3/72ba1443c6adcea1f6ba21e12f0bb0fc/protobuf-java-3.0.0.jar
7fe816525000-7fe816538000 r--s 001a8000 08:04 1568938                    /home/shawdotion/.gradle/caches/jars-3/a1cbdfb97e256e71fcbd29dc4584a785/protos-26.0.1.jar
7fe816538000-7fe816539000 r--s 00005000 08:04 1568883                    /home/shawdotion/.gradle/caches/jars-3/ca5180624b528b15325a5d002dbfbb6d/shared-26.0.1.jar
7fe816539000-7fe81653b000 r--s 00004000 08:04 1568866                    /home/shawdotion/.gradle/caches/jars-3/07f12c2b6f66ca8d4d6bd02e9c9b060a/tracker-26.0.1.jar
7fe81653b000-7fe81653d000 r--s 00002000 08:04 1212202                    /home/shawdotion/.gradle/caches/jars-3/e91624d2ed1c3b55eec9fd768ed13c1d/proguard-gradle-5.3.3.jar
7fe81653d000-7fe81653f000 r--s 0000f000 08:04 1212201                    /home/shawdotion/.gradle/caches/jars-3/96760c32d36a5d7066e3ccf088bfd362/jopt-simple-4.9.jar
7fe81653f000-7fe816543000 r--s 0001e000 08:04 1212200                    /home/shawdotion/.gradle/caches/jars-3/0d3e95aba631209a078aeec58a76633d/org.jacoco.core-0.7.4.201502262128.jar
7fe816543000-7fe816546000 r--s 00020000 08:04 1212199                    /home/shawdotion/.gradle/caches/jars-3/c72fc284d34f39eab57a4e3ba83405e9/org.jacoco.report-0.7.4.201502262128.jar
7fe816546000-7fe816548000 r--s 0000c000 08:04 1212198                    /home/shawdotion/.gradle/caches/jars-3/9b0a36633c92c6e87e62c81734593183/asm-5.1.jar
7fe816548000-7fe81654a000 r--s 00006000 08:04 1212197                    /home/shawdotion/.gradle/caches/jars-3/50c8a7da333c41693b2b7ce95b6d9d89/asm-tree-5.1.jar
7fe81654a000-7fe81654c000 r--s 0000a000 08:04 1212195                    /home/shawdotion/.gradle/caches/jars-3/d37aa405961c464c627b1efe5def81b8/asm-commons-5.1.jar
7fe81654c000-7fe816550000 r--s 0002e000 08:04 1568864                    /home/shawdotion/.gradle/caches/jars-3/c519ce7b2f3637e909703f541c08c445/compilerCommon-3.0.1.jar
7fe816550000-7fe816552000 r--s 00003000 08:04 1568862                    /home/shawdotion/.gradle/caches/jars-3/34cfdbf6cad3f54cc2f45521bf0374e7/gradle-api-3.0.1.jar
7fe816552000-7fe816561000 r--s 000cb000 08:04 1568857                    /home/shawdotion/.gradle/caches/jars-3/e5c09abb4b0acf0785ecd8a8015ab959/uast-26.0.1.jar
7fe816561000-7fe816571000 r--s 000d4000 08:04 476853                     /home/shawdotion/.gradle/caches/modules-2/files-2.1/org.jetbrains.kotlin/kotlin-stdlib/1.2.10/b9bf650516989595a5390e5a54181e16347208ac/kotlin-stdlib-1.2.10.jar
7fe816571000-7fe8165a5000 r--s 00239000 08:04 476851                     /home/shawdotion/.gradle/caches/modules-2/files-2.1/org.jetbrains.kotlin/kotlin-reflect/1.2.10/19bc012f8c4cd6b705bd6512263777cc19bcf259/kotlin-reflect-1.2.10.jar
7fe8165a5000-7fe8165ab000 r--s 00030000 08:04 1568771                    /home/shawdotion/.gradle/caches/jars-3/90ec49f8b88710e2876aefe447609abb/repository-26.0.1.jar
7fe8165ab000-7fe8165db000 r--s 01983000 08:04 1568708                    /home/shawdotion/.gradle/caches/jars-3/add7f1627b730db059119a8274a10c21/builder-3.0.1.jar
7fe8165db000-7fe816782000 r--s 016fd000 08:04 476852                     /home/shawdotion/.gradle/caches/modules-2/files-2.1/org.jetbrains.kotlin/kotlin-compiler-embeddable/1.2.10/649eba68c683bc722208b7cb9ffb23d93dc37895/kotlin-compiler-embeddable-1.2.10.jar
7fe816782000-7fe816785000 ---p 00000000 00:00 0 
7fe816785000-7fe816883000 rw-p 00000000 00:00 0 
7fe816883000-7fe816886000 ---p 00000000 00:00 0 
7fe816886000-7fe816984000 rw-p 00000000 00:00 0 
7fe816984000-7fe816987000 ---p 00000000 00:00 0 
7fe816987000-7fe816a85000 rw-p 00000000 00:00 0 
7fe816a85000-7fe816a88000 ---p 00000000 00:00 0 
7fe816a88000-7fe816d86000 rw-p 00000000 00:00 0 
7fe816d86000-7fe816f86000 rw-p 00000000 00:00 0 
7fe816f86000-7fe816f89000 ---p 00000000 00:00 0 
7fe816f89000-7fe817287000 rw-p 00000000 00:00 0 
7fe817287000-7fe817487000 rw-p 00000000 00:00 0 
7fe817487000-7fe817687000 rw-p 00000000 00:00 0 
7fe817687000-7fe817688000 r--s 0000a000 08:04 1212196                    /home/shawdotion/.gradle/caches/jars-3/c4f1f1d5a624f981d35a78d181e2c418/asm-util-5.1.jar
7fe817688000-7fe817693000 r--s 0009b000 08:04 1568759                    /home/shawdotion/.gradle/caches/jars-3/af771564c510a1c104220a8be892ab2d/sdklib-26.0.1.jar
7fe817693000-7fe8176a2000 r--s 000da000 08:04 1568749                    /home/shawdotion/.gradle/caches/jars-3/50767da85151ce151711c301f4a0623c/sdk-common-26.0.1.jar
7fe8176a2000-7fe8176a6000 r--s 00023000 08:04 1568747                    /home/shawdotion/.gradle/caches/jars-3/186e268c3a12c0a405d658dabf9d64d2/manifest-merger-26.0.1.jar
7fe8176a6000-7fe8176ad000 r--s 0007f000 08:04 1568745                    /home/shawdotion/.gradle/caches/jars-3/b1f5a73634581e955e7f89376aea2d48/lint-api-26.0.1.jar
7fe8176ad000-7fe8176b6000 r--s 000ff000 08:04 1568743                    /home/shawdotion/.gradle/caches/jars-3/75e696a5531ca85e1fe447df83f74bd2/lint-checks-26.0.1.jar
7fe8176b6000-7fe8176bc000 r--s 0003a000 08:04 476849                     /home/shawdotion/.gradle/caches/modules-2/files-2.1/org.jetbrains.kotlin/kotlin-compiler-runner/1.2.10/d5b16cd33799465d83080df62a09638c442cec41/kotlin-compiler-runner-1.2.10.jar
7fe8176bc000-7fe8178bc000 rw-p 00000000 00:00 0 
7fe8178bc000-7fe8179d7000 r--s 02008000 08:04 1451319                    /home/shawdotion/.gradle/caches/jars-3/9955734f77abc673a38c7cd4c0214af5/android.jar
7fe8179d7000-7fe8179d8000 r--s 00004000 08:04 1212194                    /home/shawdotion/.gradle/caches/jars-3/2b2689d10a4425b1cb2d0654db2ea088/asm-analysis-5.1.jar
7fe8179d8000-7fe8179db000 r--s 00039000 08:04 1568741                    /home/shawdotion/.gradle/caches/jars-3/7fa6c4fcdd1d81db4cc9c7439ce29486/lint-26.0.1.jar
7fe8179db000-7fe8179fe000 r--s 0020b000 08:04 1568704                    /home/shawdotion/.gradle/caches/jars-3/4adae2b762c8552c6e3aa2ded1493e4b/gradle-core-3.0.1.jar
7fe8179fe000-7fe817bfe000 rw-p 00000000 00:00 0 
7fe817bfe000-7fe817c01000 ---p 00000000 00:00 0 
7fe817c01000-7fe817eff000 rw-p 00000000 00:00 0 
7fe817eff000-7fe817f02000 ---p 00000000 00:00 0 
7fe817f02000-7fe818000000 rw-p 00000000 00:00 0 
7fe818000000-7fe818021000 rw-p 00000000 00:00 0 
7fe818021000-7fe81c000000 ---p 00000000 00:00 0 
7fe81c000000-7fe81c086000 rw-p 00000000 00:00 0 
7fe81c086000-7fe820000000 ---p 00000000 00:00 0 
7fe820000000-7fe8214b6000 rw-p 00000000 00:00 0 
7fe8214b6000-7fe824000000 ---p 00000000 00:00 0 
7fe824000000-7fe824280000 rw-p 00000000 00:00 0 
7fe824280000-7fe828000000 ---p 00000000 00:00 0 
7fe828000000-7fe828030000 rw-p 00000000 00:00 0 
7fe828030000-7fe82c000000 ---p 00000000 00:00 0 
7fe82c000000-7fe82c021000 rw-p 00000000 00:00 0 
7fe82c021000-7fe830000000 ---p 00000000 00:00 0 
7fe830000000-7fe830021000 rw-p 00000000 00:00 0 
7fe830021000-7fe834000000 ---p 00000000 00:00 0 
7fe834000000-7fe834021000 rw-p 00000000 00:00 0 
7fe834021000-7fe838000000 ---p 00000000 00:00 0 
7fe838000000-7fe83807c000 rw-p 00000000 00:00 0 
7fe83807c000-7fe83c000000 ---p 00000000 00:00 0 
7fe83c000000-7fe83c001000 r--s 00000000 08:04 1212193                    /home/shawdotion/.gradle/caches/jars-3/5206138fb8a6b2ffbd31e140916c2100/transform-api-2.0.0-deprecated-use-gradle-api.jar
7fe83c001000-7fe83c008000 r--s 00041000 08:04 476847                     /home/shawdotion/.gradle/caches/modules-2/files-2.1/org.jetbrains.kotlin/kotlin-android-extensions/1.2.10/10eb9a3d66aa7c5e17afdf93116082018d0d4643/kotlin-android-extensions-1.2.10.jar
7fe83c008000-7fe83c00c000 r--s 00030000 08:04 476845                     /home/shawdotion/.gradle/caches/modules-2/files-2.1/org.jetbrains.kotlin/kotlin-annotation-processing-gradle/1.2.10/4152af9baeb52652a3abcaff73a8d5f8ba736d5a/kotlin-annotation-processing-gradle-1.2.10.jar
7fe83c00c000-7fe83c00e000 r--s 00000000 08:04 476844                     /home/shawdotion/.gradle/caches/modules-2/files-2.1/org.jetbrains.kotlin/kotlin-gradle-plugin-api/1.2.10/649d2fc7c597dd4001583ebf90ffb451d2a565ed/kotlin-gradle-plugin-api-1.2.10.jar
7fe83c00e000-7fe83c00f000 r--s 00009000 08:04 436573                     /home/shawdotion/.gradle/caches/modules-2/files-2.1/com.google.gms/google-services/3.1.2/1fc9eb41c1937a7364345d13349682db7785546e/google-services-3.1.2.jar
7fe83c00f000-7fe83c01a000 r--s 00081000 08:04 476846                     /home/shawdotion/.gradle/caches/modules-2/files-2.1/org.jetbrains.kotlin/kotlin-gradle-plugin/1.2.10/4590f13fc4dc702a433421040bdc58bd8e9973f8/kotlin-gradle-plugin-1.2.10.jar
7fe83c01a000-7fe83c01c000 r--s 0000f000 08:04 1568701                    /home/shawdotion/.gradle/caches/jars-3/afd86a0d8507fd7f2e97461eaf9e4416/gradle-3.0.1.jar
7fe83c01c000-7fe83c023000 r--s 0002a000 08:04 1212069                    /home/shawdotion/.gradle/caches/jars-3/fff47aec37b967e571b648d1fc9c6db6/gradle-messaging-3.5.jar
7fe83c023000-7fe83c028000 r--s 00041000 08:04 1212068                    /home/shawdotion/.gradle/caches/jars-3/c0502f5c2cf6dfd52d250e1b7d027d24/commons-lang-2.6.jar
7fe83c028000-7fe83c06a000 r--s 00220000 08:04 1212067                    /home/shawdotion/.gradle/caches/jars-3/929747bc6b973b44297e9c57df71598d/gradle-core-3.5.jar
7fe83c06a000-7fe83c073000 r--s 00047000 08:04 1212066                    /home/shawdotion/.gradle/caches/jars-3/11d06a5dce89fe5632250b7df00a3d57/gradle-base-services-3.5.jar
7fe83c073000-7fe83c0ec000 r--s 010fd000 08:04 649286                     /opt/android-studio/jre/lib/tools.jar
7fe83c0ec000-7fe83c0ef000 ---p 00000000 00:00 0 
7fe83c0ef000-7fe83c3ed000 rw-p 00000000 00:00 0 
7fe83c3ed000-7fe83c3f0000 ---p 00000000 00:00 0 
7fe83c3f0000-7fe83c4ee000 rw-p 00000000 00:00 0 
7fe83c4ee000-7fe83c4f1000 ---p 00000000 00:00 0 
7fe83c4f1000-7fe83c5ef000 rw-p 00000000 00:00 0 
7fe83c5ef000-7fe83c5f2000 ---p 00000000 00:00 0 
7fe83c5f2000-7fe83c6f0000 rw-p 00000000 00:00 0 
7fe83c6f0000-7fe83c6f3000 ---p 00000000 00:00 0 
7fe83c6f3000-7fe83c7f1000 rw-p 00000000 00:00 0 
7fe83c7f1000-7fe83c7f4000 ---p 00000000 00:00 0 
7fe83c7f4000-7fe83c8f2000 rw-p 00000000 00:00 0 
7fe83c8f2000-7fe83c8f5000 ---p 00000000 00:00 0 
7fe83c8f5000-7fe83c9f3000 rw-p 00000000 00:00 0 
7fe83c9f3000-7fe83c9f6000 ---p 00000000 00:00 0 
7fe83c9f6000-7fe83caf4000 rw-p 00000000 00:00 0 
7fe83caf4000-7fe83caf7000 ---p 00000000 00:00 0 
7fe83caf7000-7fe83cdf5000 rw-p 00000000 00:00 0 
7fe83cdf5000-7fe83cdfe000 r-xp 00000000 08:04 649422                     /opt/android-studio/jre/jre/lib/amd64/libmanagement.so
7fe83cdfe000-7fe83cffd000 ---p 00009000 08:04 649422                     /opt/android-studio/jre/jre/lib/amd64/libmanagement.so
7fe83cffd000-7fe83cffe000 r--p 00008000 08:04 649422                     /opt/android-studio/jre/jre/lib/amd64/libmanagement.so
7fe83cffe000-7fe83cfff000 rw-p 00009000 08:04 649422                     /opt/android-studio/jre/jre/lib/amd64/libmanagement.so
7fe83cfff000-7fe840000000 rw-p 00000000 00:00 0 
7fe840000000-7fe840021000 rw-p 00000000 00:00 0 
7fe840021000-7fe844000000 ---p 00000000 00:00 0 
7fe844000000-7fe844021000 rw-p 00000000 00:00 0 
7fe844021000-7fe848000000 ---p 00000000 00:00 0 
7fe848000000-7fe849fcc000 rw-p 00000000 00:00 0 
7fe849fcc000-7fe84c000000 ---p 00000000 00:00 0 
7fe84c000000-7fe84cbbe000 rw-p 00000000 00:00 0 
7fe84cbbe000-7fe850000000 ---p 00000000 00:00 0 
7fe850000000-7fe850021000 rw-p 00000000 00:00 0 
7fe850021000-7fe854000000 ---p 00000000 00:00 0 
7fe854000000-7fe85600f000 rw-p 00000000 00:00 0 
7fe85600f000-7fe858000000 ---p 00000000 00:00 0 
7fe858000000-7fe858021000 rw-p 00000000 00:00 0 
7fe858021000-7fe85c000000 ---p 00000000 00:00 0 
7fe85c000000-7fe85c021000 rw-p 00000000 00:00 0 
7fe85c021000-7fe860000000 ---p 00000000 00:00 0 
7fe860000000-7fe860039000 rw-p 00000000 00:00 0 
7fe860039000-7fe864000000 ---p 00000000 00:00 0 
7fe864000000-7fe86427f000 rw-p 00000000 00:00 0 
7fe86427f000-7fe868000000 ---p 00000000 00:00 0 
7fe868000000-7fe868021000 rw-p 00000000 00:00 0 
7fe868021000-7fe86c000000 ---p 00000000 00:00 0 
7fe86c000000-7fe86c021000 rw-p 00000000 00:00 0 
7fe86c021000-7fe870000000 ---p 00000000 00:00 0 
7fe870000000-7fe870021000 rw-p 00000000 00:00 0 
7fe870021000-7fe874000000 ---p 00000000 00:00 0 
7fe874000000-7fe874028000 r--s 001cf000 08:04 1212065                    /home/shawdotion/.gradle/caches/jars-3/566e7e0f530f75a42eba4833ef84d88c/guava-jdk5-17.0.jar
7fe874028000-7fe874036000 r--s 00043000 08:04 1212064                    /home/shawdotion/.gradle/caches/jars-3/c0d1da18a547ef3a2ba66d3068ae6e09/gradle-tooling-api-3.5.jar
7fe874036000-7fe87403d000 r--s 00000000 08:04 550644                     /usr/lib/x86_64-linux-gnu/gconv/gconv-modules.cache
7fe87403d000-7fe874042000 r--s 0009a000 08:04 649396                     /opt/android-studio/jre/jre/lib/jsse.jar
7fe874042000-7fe874044000 r--s 00007000 08:04 1180995                    /home/shawdotion/.gradle/wrapper/dists/gradle-4.1-all/bzyivzo6n839fup2jbap0tjew/gradle-4.1/lib/plugins/gradle-tooling-api-builders-4.1.jar
7fe874044000-7fe874047000 r--s 00009000 08:04 1181005                    /home/shawdotion/.gradle/wrapper/dists/gradle-4.1-all/bzyivzo6n839fup2jbap0tjew/gradle-4.1/lib/plugins/gradle-testing-native-4.1.jar
7fe874047000-7fe874049000 r--s 00009000 08:04 1198988                    /home/shawdotion/.gradle/wrapper/dists/gradle-4.1-all/bzyivzo6n839fup2jbap0tjew/gradle-4.1/lib/plugins/hamcrest-core-1.3.jar
7fe874049000-7fe87404e000 r--s 00040000 08:04 1198983                    /home/shawdotion/.gradle/wrapper/dists/gradle-4.1-all/bzyivzo6n839fup2jbap0tjew/gradle-4.1/lib/plugins/bsh-2.0b4.jar
7fe87404e000-7fe874050000 r--s 00006000 08:04 1198984                    /home/shawdotion/.gradle/wrapper/dists/gradle-4.1-all/bzyivzo6n839fup2jbap0tjew/gradle-4.1/lib/plugins/jcommander-1.12.jar
7fe874050000-7fe874056000 r--s 00033000 08:04 1198985                    /home/shawdotion/.gradle/wrapper/dists/gradle-4.1-all/bzyivzo6n839fup2jbap0tjew/gradle-4.1/lib/plugins/snakeyaml-1.6.jar
7fe874056000-7fe87405f000 r--s 00089000 08:04 1198943                    /home/shawdotion/.gradle/wrapper/dists/gradle-4.1-all/bzyivzo6n839fup2jbap0tjew/gradle-4.1/lib/plugins/testng-6.3.1.jar
7fe87405f000-7fe874067000 r--s 00045000 08:04 1198944                    /home/shawdotion/.gradle/wrapper/dists/gradle-4.1-all/bzyivzo6n839fup2jbap0tjew/gradle-4.1/lib/plugins/junit-4.12.jar
7fe874067000-7fe87406d000 r--s 0002e000 08:04 1181001                    /home/shawdotion/.gradle/wrapper/dists/gradle-4.1-all/bzyivzo6n839fup2jbap0tjew/gradle-4.1/lib/plugins/gradle-testing-jvm-4.1.jar
7fe87406d000-7fe874071000 r--s 00017000 08:04 1181009                    /home/shawdotion/.gradle/wrapper/dists/gradle-4.1-all/bzyivzo6n839fup2jbap0tjew/gradle-4.1/lib/plugins/gradle-testing-base-4.1.jar
7fe874071000-7fe874078000 r--s 00038000 08:04 1198939                    /home/shawdotion/.gradle/wrapper/dists/gradle-4.1-all/bzyivzo6n839fup2jbap0tjew/gradle-4.1/lib/plugins/bcpg-jdk15on-1.51.jar
7fe874078000-7fe87407a000 r--s 0000c000 08:04 1180980                    /home/shawdotion/.gradle/wrapper/dists/gradle-4.1-all/bzyivzo6n839fup2jbap0tjew/gradle-4.1/lib/plugins/gradle-signing-4.1.jar
7fe87407a000-7fe87407c000 r--s 00007000 08:04 1180986                    /home/shawdotion/.gradle/wrapper/dists/gradle-4.1-all/bzyivzo6n839fup2jbap0tjew/gradle-4.1/lib/plugins/gradle-scala-4.1.jar
7fe87407c000-7fe87407d000 r--s 00004000 08:04 1198927                    /home/shawdotion/.gradle/wrapper/dists/gradle-4.1-all/bzyivzo6n839fup2jbap0tjew/gradle-4.1/lib/plugins/gradle-resources-sftp-4.1.jar
7fe87407d000-7fe87408d000 r--s 00088000 08:04 1198956                    /home/shawdotion/.gradle/wrapper/dists/gradle-4.1-all/bzyivzo6n839fup2jbap0tjew/gradle-4.1/lib/plugins/joda-time-2.8.2.jar
7fe87408d000-7fe87409e000 r--s 0010d000 08:04 1198955                    /home/shawdotion/.gradle/wrapper/dists/gradle-4.1-all/bzyivzo6n839fup2jbap0tjew/gradle-4.1/lib/plugins/jackson-databind-2.6.6.jar
7fe87409e000-7fe8740a1000 r--s 00009000 08:04 1198954                    /home/shawdotion/.gradle/wrapper/dists/gradle-4.1-all/bzyivzo6n839fup2jbap0tjew/gradle-4.1/lib/plugins/jackson-annotations-2.6.6.jar
7fe8740a1000-7fe8740a5000 r--s 0003c000 08:04 1198953                    /home/shawdotion/.gradle/wrapper/dists/gradle-4.1-all/bzyivzo6n839fup2jbap0tjew/gradle-4.1/lib/plugins/jackson-core-2.6.6.jar
7fe8740a5000-7fe8740b3000 r--s 00087000 08:04 1198952                    /home/shawdotion/.gradle/wrapper/dists/gradle-4.1-all/bzyivzo6n839fup2jbap0tjew/gradle-4.1/lib/plugins/aws-java-sdk-core-1.11.6.jar
7fe8740b3000-7fe8740ba000 r--s 00057000 08:04 1198951                    /home/shawdotion/.gradle/wrapper/dists/gradle-4.1-all/bzyivzo6n839fup2jbap0tjew/gradle-4.1/lib/plugins/aws-java-sdk-kms-1.11.6.jar
7fe8740ba000-7fe8740c7000 r--s 0008e000 08:04 1198950                    /home/shawdotion/.gradle/wrapper/dists/gradle-4.1-all/bzyivzo6n839fup2jbap0tjew/gradle-4.1/lib/plugins/aws-java-sdk-s3-1.11.6.jar
7fe8740c7000-7fe8740c9000 r--s 00004000 08:04 1198924                    /home/shawdotion/.gradle/wrapper/dists/gradle-4.1-all/bzyivzo6n839fup2jbap0tjew/gradle-4.1/lib/plugins/gradle-resources-s3-4.1.jar
7fe8740c9000-7fe8740cb000 r--s 00010000 08:04 1198920                    /home/shawdotion/.gradle/wrapper/dists/gradle-4.1-all/bzyivzo6n839fup2jbap0tjew/gradle-4.1/lib/plugins/gradle-reporting-4.1.jar
7fe8740cb000-7fe8740cd000 r--s 00002000 08:04 1198921                    /home/shawdotion/.gradle/wrapper/dists/gradle-4.1-all/bzyivzo6n839fup2jbap0tjew/gradle-4.1/lib/plugins/gradle-publish-4.1.jar
7fe8740cd000-7fe8740cf000 r--s 00009000 08:04 1198932                    /home/shawdotion/.gradle/wrapper/dists/gradle-4.1-all/bzyivzo6n839fup2jbap0tjew/gradle-4.1/lib/plugins/commons-cli-1.2.jar
7fe8740cf000-7fe8740d5000 r--s 00036000 08:04 1180994                    /home/shawdotion/.gradle/wrapper/dists/gradle-4.1-all/bzyivzo6n839fup2jbap0tjew/gradle-4.1/lib/plugins/gradle-plugins-4.1.jar
7fe8740d5000-7fe8740d7000 r--s 00009000 08:04 1180981                    /home/shawdotion/.gradle/wrapper/dists/gradle-4.1-all/bzyivzo6n839fup2jbap0tjew/gradle-4.1/lib/plugins/gradle-plugin-development-4.1.jar
7fe8740d7000-7fe8740dd000 r--s 0002b000 08:04 1180989                    /home/shawdotion/.gradle/wrapper/dists/gradle-4.1-all/bzyivzo6n839fup2jbap0tjew/gradle-4.1/lib/plugins/gradle-platform-play-4.1.jar
7fe8740dd000-7fe8740ec000 r--s 0005b000 08:04 1181007                    /home/shawdotion/.gradle/wrapper/dists/gradle-4.1-all/bzyivzo6n839fup2jbap0tjew/gradle-4.1/lib/plugins/gradle-platform-native-4.1.jar
7fe8740ec000-7fe8740f0000 r--s 0001b000 08:04 1181004                    /home/shawdotion/.gradle/wrapper/dists/gradle-4.1-all/bzyivzo6n839fup2jbap0tjew/gradle-4.1/lib/plugins/gradle-platform-jvm-4.1.jar
7fe8740f0000-7fe8740f8000 r--s 00027000 08:04 1198922                    /home/shawdotion/.gradle/wrapper/dists/gradle-4.1-all/bzyivzo6n839fup2jbap0tjew/gradle-4.1/lib/plugins/gradle-platform-base-4.1.jar
7fe8740f8000-7fe874120000 r--s 0021c000 08:04 1198933                    /home/shawdotion/.gradle/wrapper/dists/gradle-4.1-all/bzyivzo6n839fup2jbap0tjew/gradle-4.1/lib/plugins/biz.aQute.bndlib-3.2.0.jar
7fe874120000-7fe874121000 r--s 00004000 08:04 1180979                    /home/shawdotion/.gradle/wrapper/dists/gradle-4.1-all/bzyivzo6n839fup2jbap0tjew/gradle-4.1/lib/plugins/gradle-osgi-4.1.jar
7fe874121000-7fe874124000 r--s 0000c000 08:04 1198936                    /home/shawdotion/.gradle/wrapper/dists/gradle-4.1-all/bzyivzo6n839fup2jbap0tjew/gradle-4.1/lib/plugins/pmaven-groovy-0.8-20100325.jar
7fe874124000-7fe874125000 r--s 00004000 08:04 1198935                    /home/shawdotion/.gradle/wrapper/dists/gradle-4.1-all/bzyivzo6n839fup2jbap0tjew/gradle-4.1/lib/plugins/pmaven-common-0.8-20100325.jar
7fe874125000-7fe87412b000 r--s 00023000 08:04 1180982                    /home/shawdotion/.gradle/wrapper/dists/gradle-4.1-all/bzyivzo6n839fup2jbap0tjew/gradle-4.1/lib/plugins/gradle-maven-4.1.jar
7fe87412b000-7fe87412e000 r--s 0000b000 08:04 1181000                    /home/shawdotion/.gradle/wrapper/dists/gradle-4.1-all/bzyivzo6n839fup2jbap0tjew/gradle-4.1/lib/plugins/gradle-language-scala-4.1.jar
7fe87412e000-7fe874135000 r--s 00020000 08:04 1181006                    /home/shawdotion/.gradle/wrapper/dists/gradle-4.1-all/bzyivzo6n839fup2jbap0tjew/gradle-4.1/lib/plugins/gradle-language-native-4.1.jar
7fe874135000-7fe874137000 r--s 00005000 08:04 1181003                    /home/shawdotion/.gradle/wrapper/dists/gradle-4.1-all/bzyivzo6n839fup2jbap0tjew/gradle-4.1/lib/plugins/gradle-language-jvm-4.1.jar
7fe874137000-7fe87413e000 r--s 0002f000 08:04 1181002                    /home/shawdotion/.gradle/wrapper/dists/gradle-4.1-all/bzyivzo6n839fup2jbap0tjew/gradle-4.1/lib/plugins/gradle-language-java-4.1.jar
7fe87413e000-7fe874141000 r--s 0000a000 08:04 1180999                    /home/shawdotion/.gradle/wrapper/dists/gradle-4.1-all/bzyivzo6n839fup2jbap0tjew/gradle-4.1/lib/plugins/gradle-language-groovy-4.1.jar
7fe874141000-7fe874148000 r--s 00035000 08:04 1198942                    /home/shawdotion/.gradle/wrapper/dists/gradle-4.1-all/bzyivzo6n839fup2jbap0tjew/gradle-4.1/lib/plugins/simple-4.1.21.jar
7fe874148000-7fe874154000 r--s 00100000 08:04 1198940                    /home/shawdotion/.gradle/wrapper/dists/gradle-4.1-all/bzyivzo6n839fup2jbap0tjew/gradle-4.1/lib/plugins/rhino-1.7R3.jar
7fe874154000-7fe874158000 r--s 00012000 08:04 1180990                    /home/shawdotion/.gradle/wrapper/dists/gradle-4.1-all/bzyivzo6n839fup2jbap0tjew/gradle-4.1/lib/plugins/gradle-javascript-4.1.jar
7fe874158000-7fe87415b000 r--s 00011000 08:04 1180992                    /home/shawdotion/.gradle/wrapper/dists/gradle-4.1-all/bzyivzo6n839fup2jbap0tjew/gradle-4.1/lib/plugins/gradle-jacoco-4.1.jar
7fe87415b000-7fe87415e000 r--s 0000e000 08:04 1180991                    /home/shawdotion/.gradle/wrapper/dists/gradle-4.1-all/bzyivzo6n839fup2jbap0tjew/gradle-4.1/lib/plugins/gradle-ivy-4.1.jar
7fe87415e000-7fe87415f000 r--s 00002000 08:04 1180983                    /home/shawdotion/.gradle/wrapper/dists/gradle-4.1-all/bzyivzo6n839fup2jbap0tjew/gradle-4.1/lib/plugins/gradle-ide-play-4.1.jar
7fe87415f000-7fe874162000 r--s 00013000 08:04 1180984                    /home/shawdotion/.gradle/wrapper/dists/gradle-4.1-all/bzyivzo6n839fup2jbap0tjew/gradle-4.1/lib/plugins/gradle-ide-native-4.1.jar
7fe874162000-7fe87416c000 r--s 00054000 08:04 1180985                    /home/shawdotion/.gradle/wrapper/dists/gradle-4.1-all/bzyivzo6n839fup2jbap0tjew/gradle-4.1/lib/plugins/gradle-ide-4.1.jar
7fe87416c000-7fe87416e000 r--s 00007000 08:04 1180988                    /home/shawdotion/.gradle/wrapper/dists/gradle-4.1-all/bzyivzo6n839fup2jbap0tjew/gradle-4.1/lib/plugins/gradle-ear-4.1.jar
7fe87416e000-7fe874170000 r--s 00005000 08:04 1198930                    /home/shawdotion/.gradle/wrapper/dists/gradle-4.1-all/bzyivzo6n839fup2jbap0tjew/gradle-4.1/lib/plugins/jatl-0.2.2.jar
7fe874170000-7fe874177000 r--s 00038000 08:04 1181008                    /home/shawdotion/.gradle/wrapper/dists/gradle-4.1-all/bzyivzo6n839fup2jbap0tjew/gradle-4.1/lib/plugins/gradle-diagnostics-4.1.jar
7fe874177000-7fe874179000 r--s 0000b000 08:04 1180997                    /home/shawdotion/.gradle/wrapper/dists/gradle-4.1-all/bzyivzo6n839fup2jbap0tjew/gradle-4.1/lib/plugins/gradle-composite-builds-4.1.jar
7fe874179000-7fe87417e000 r--s 00025000 08:04 1180977                    /home/shawdotion/.gradle/wrapper/dists/gradle-4.1-all/bzyivzo6n839fup2jbap0tjew/gradle-4.1/lib/plugins/gradle-code-quality-4.1.jar
7fe87417e000-7fe874183000 r--s 00022000 08:04 1180993                    /home/shawdotion/.gradle/wrapper/dists/gradle-4.1-all/bzyivzo6n839fup2jbap0tjew/gradle-4.1/lib/plugins/gradle-build-init-4.1.jar
7fe874183000-7fe874189000 r--s 0008e000 08:04 1180987                    /home/shawdotion/.gradle/wrapper/dists/gradle-4.1-all/bzyivzo6n839fup2jbap0tjew/gradle-4.1/lib/plugins/gradle-build-comparison-4.1.jar
7fe874189000-7fe87418a000 r--s 00002000 08:04 1198925                    /home/shawdotion/.gradle/wrapper/dists/gradle-4.1-all/bzyivzo6n839fup2jbap0tjew/gradle-4.1/lib/plugins/gradle-build-cache-http-4.1.jar
7fe87418a000-7fe87418c000 r--s 00008000 08:04 1180978                    /home/shawdotion/.gradle/wrapper/dists/gradle-4.1-all/bzyivzo6n839fup2jbap0tjew/gradle-4.1/lib/plugins/gradle-antlr-4.1.jar
7fe87418c000-7fe87418e000 r--s 00004000 08:04 1180998                    /home/shawdotion/.gradle/wrapper/dists/gradle-4.1-all/bzyivzo6n839fup2jbap0tjew/gradle-4.1/lib/plugins/gradle-announce-4.1.jar
7fe87418e000-7fe874190000 r--s 00008000 08:04 1180919                    /home/shawdotion/.gradle/wrapper/dists/gradle-4.1-all/bzyivzo6n839fup2jbap0tjew/gradle-4.1/lib/gradle-kotlin-dsl-tooling-builders-0.10.3.jar
7fe874190000-7fe874193000 r--s 0001c000 08:04 1198946                    /home/shawdotion/.gradle/wrapper/dists/gradle-4.1-all/bzyivzo6n839fup2jbap0tjew/gradle-4.1/lib/plugins/nekohtml-1.9.14.jar
7fe874193000-7fe87419b000 r--s 00028000 08:04 1198987                    /home/shawdotion/.gradle/wrapper/dists/gradle-4.1-all/bzyivzo6n839fup2jbap0tjew/gradle-4.1/lib/plugins/xml-apis-1.3.04.jar
7fe87419b000-7fe8741b3000 r--s 00115000 08:04 1198947                    /home/shawdotion/.gradle/wrapper/dists/gradle-4.1-all/bzyivzo6n839fup2jbap0tjew/gradle-4.1/lib/plugins/xercesImpl-2.9.1.jar
7fe8741b3000-7fe8741b9000 r--s 0005b000 08:04 1198945                    /home/shawdotion/.gradle/wrapper/dists/gradle-4.1-all/bzyivzo6n839fup2jbap0tjew/gradle-4.1/lib/plugins/jcifs-1.3.17.jar
7fe8741b9000-7fe8741c0000 r--s 00049000 08:04 1198986                    /home/shawdotion/.gradle/wrapper/dists/gradle-4.1-all/bzyivzo6n839fup2jbap0tjew/gradle-4.1/lib/plugins/httpcore-4.4.4.jar
7fe8741c0000-7fe8741c6000 r--s 00033000 08:04 1198938                    /home/shawdotion/.gradle/wrapper/dists/gradle-4.1-all/bzyivzo6n839fup2jbap0tjew/gradle-4.1/lib/plugins/commons-codec-1.6.jar
7fe8741c6000-7fe8741d3000 r--s 000a4000 08:04 1198931                    /home/shawdotion/.gradle/wrapper/dists/gradle-4.1-all/bzyivzo6n839fup2jbap0tjew/gradle-4.1/lib/plugins/httpclient-4.4.1.jar
7fe8741d3000-7fe8741d5000 r--s 0000b000 08:04 1198926                    /home/shawdotion/.gradle/wrapper/dists/gradle-4.1-all/bzyivzo6n839fup2jbap0tjew/gradle-4.1/lib/plugins/gradle-resources-http-4.1.jar
7fe8741d5000-7fe8741d9000 r--s 00017000 08:04 1198923                    /home/shawdotion/.gradle/wrapper/dists/gradle-4.1-all/bzyivzo6n839fup2jbap0tjew/gradle-4.1/lib/plugins/gradle-plugin-use-4.1.jar
7fe8741d9000-7fe8741da000 r--s 00000000 08:04 1180925                    /home/shawdotion/.gradle/wrapper/dists/gradle-4.1-all/bzyivzo6n839fup2jbap0tjew/gradle-4.1/lib/gradle-runtime-api-info-4.1.jar
7fe8741da000-7fe8741db000 r--s 00000000 08:04 1180928                    /home/shawdotion/.gradle/wrapper/dists/gradle-4.1-all/bzyivzo6n839fup2jbap0tjew/gradle-4.1/lib/gradle-installation-beacon-4.1.jar
7fe8741db000-7fe87421b000 r--s 00277000 08:04 1198958                    /home/shawdotion/.gradle/wrapper/dists/gradle-4.1-all/bzyivzo6n839fup2jbap0tjew/gradle-4.1/lib/plugins/bcprov-jdk15on-1.51.jar
7fe87421b000-7fe87421f000 r--s 0001d000 08:04 1198957                    /home/shawdotion/.gradle/wrapper/dists/gradle-4.1-all/bzyivzo6n839fup2jbap0tjew/gradle-4.1/lib/plugins/xbean-reflect-3.4.jar
7fe87421f000-7fe874221000 r--s 0000a000 08:04 1198959                    /home/shawdotion/.gradle/wrapper/dists/gradle-4.1-all/bzyivzo6n839fup2jbap0tjew/gradle-4.1/lib/plugins/maven-settings-3.0.4.jar
7fe874221000-7fe874224000 r--s 00008000 08:04 1198960                    /home/shawdotion/.gradle/wrapper/dists/gradle-4.1-all/bzyivzo6n839fup2jbap0tjew/gradle-4.1/lib/plugins/maven-settings-builder-3.0.4.jar
7fe874224000-7fe874228000 r--s 00033000 08:04 1198961                    /home/shawdotion/.gradle/wrapper/dists/gradle-4.1-all/bzyivzo6n839fup2jbap0tjew/gradle-4.1/lib/plugins/plexus-utils-2.0.6.jar
7fe874228000-7fe87422a000 r--s 0000d000 08:04 1198962                    /home/shawdotion/.gradle/wrapper/dists/gradle-4.1-all/bzyivzo6n839fup2jbap0tjew/gradle-4.1/lib/plugins/plexus-interpolation-1.14.jar
7fe87422a000-7fe87422c000 r--s 00000000 08:04 1198937                    /home/shawdotion/.gradle/wrapper/dists/gradle-4.1-all/bzyivzo6n839fup2jbap0tjew/gradle-4.1/lib/plugins/plexus-component-annotations-1.5.5.jar
7fe87422c000-7fe874233000 r--s 0002e000 08:04 1198963                    /home/shawdotion/.gradle/wrapper/dists/gradle-4.1-all/bzyivzo6n839fup2jbap0tjew/gradle-4.1/lib/plugins/plexus-container-default-1.5.5.jar
7fe874233000-7fe874235000 r--s 0000a000 08:04 1198964                    /home/shawdotion/.gradle/wrapper/dists/gradle-4.1-all/bzyivzo6n839fup2jbap0tjew/gradle-4.1/lib/plugins/plexus-classworlds-2.4.jar
7fe874235000-7fe874237000 r--s 00002000 08:04 1198965                    /home/shawdotion/.gradle/wrapper/dists/gradle-4.1-all/bzyivzo6n839fup2jbap0tjew/gradle-4.1/lib/plugins/plexus-cipher-1.7.jar
7fe874237000-7fe874238000 r--s 00006000 08:04 1198966                    /home/shawdotion/.gradle/wrapper/dists/gradle-4.1-all/bzyivzo6n839fup2jbap0tjew/gradle-4.1/lib/plugins/plexus-sec-dispatcher-1.3.jar
7fe874238000-7fe87423e000 r--s 0003f000 08:04 1198967                    /home/shawdotion/.gradle/wrapper/dists/gradle-4.1-all/bzyivzo6n839fup2jbap0tjew/gradle-4.1/lib/plugins/maven-compat-3.0.4.jar
7fe87423e000-7fe874242000 r--s 00021000 08:04 1198968                    /home/shawdotion/.gradle/wrapper/dists/gradle-4.1-all/bzyivzo6n839fup2jbap0tjew/gradle-4.1/lib/plugins/maven-model-builder-3.0.4.jar
7fe874242000-7fe874244000 r--s 00026000 08:04 1198969                    /home/shawdotion/.gradle/wrapper/dists/gradle-4.1-all/bzyivzo6n839fup2jbap0tjew/gradle-4.1/lib/plugins/maven-model-3.0.4.jar
7fe874244000-7fe874246000 r--s 0000b000 08:04 1198970                    /home/shawdotion/.gradle/wrapper/dists/gradle-4.1-all/bzyivzo6n839fup2jbap0tjew/gradle-4.1/lib/plugins/maven-artifact-3.0.4.jar
7fe874246000-7fe874248000 r--s 00006000 08:04 1198971                    /home/shawdotion/.gradle/wrapper/dists/gradle-4.1-all/bzyivzo6n839fup2jbap0tjew/gradle-4.1/lib/plugins/maven-repository-metadata-3.0.4.jar
7fe874248000-7fe87424a000 r--s 0000b000 08:04 1198972                    /home/shawdotion/.gradle/wrapper/dists/gradle-4.1-all/bzyivzo6n839fup2jbap0tjew/gradle-4.1/lib/plugins/maven-plugin-api-3.0.4.jar
7fe87424a000-7fe87424c000 r--s 0000c000 08:04 1198973                    /home/shawdotion/.gradle/wrapper/dists/gradle-4.1-all/bzyivzo6n839fup2jbap0tjew/gradle-4.1/lib/plugins/maven-aether-provider-3.0.4.jar
7fe87424c000-7fe87424d000 r--s 00002000 08:04 1198974                    /home/shawdotion/.gradle/wrapper/dists/gradle-4.1-all/bzyivzo6n839fup2jbap0tjew/gradle-4.1/lib/plugins/wagon-file-2.4.jar
7fe87424d000-7fe87424e000 r--s 00002000 08:04 1198975                    /home/shawdotion/.gradle/wrapper/dists/gradle-4.1-all/bzyivzo6n839fup2jbap0tjew/gradle-4.1/lib/plugins/wagon-http-2.4.jar
7fe87424e000-7fe874250000 r--s 0000b000 08:04 1198976                    /home/shawdotion/.gradle/wrapper/dists/gradle-4.1-all/bzyivzo6n839fup2jbap0tjew/gradle-4.1/lib/plugins/wagon-provider-api-2.4.jar
7fe874250000-7fe874251000 r--s 00007000 08:04 1198977                    /home/shawdotion/.gradle/wrapper/dists/gradle-4.1-all/bzyivzo6n839fup2jbap0tjew/gradle-4.1/lib/plugins/wagon-http-shared4-2.4.jar
7fe874251000-7fe874254000 r--s 00013000 08:04 1198978                    /home/shawdotion/.gradle/wrapper/dists/gradle-4.1-all/bzyivzo6n839fup2jbap0tjew/gradle-4.1/lib/plugins/aether-api-1.13.1.jar
7fe874254000-7fe874257000 r--s 0001d000 08:04 1198979                    /home/shawdotion/.gradle/wrapper/dists/gradle-4.1-all/bzyivzo6n839fup2jbap0tjew/gradle-4.1/lib/plugins/aether-impl-1.13.1.jar
7fe874257000-7fe87425b000 r--s 0001c000 08:04 1198981                    /home/shawdotion/.gradle/wrapper/dists/gradle-4.1-all/bzyivzo6n839fup2jbap0tjew/gradle-4.1/lib/plugins/aether-util-1.13.1.jar
7fe87425b000-7fe87425d000 r--s 00006000 08:04 1198982                    /home/shawdotion/.gradle/wrapper/dists/gradle-4.1-all/bzyivzo6n839fup2jbap0tjew/gradle-4.1/lib/plugins/aether-connector-wagon-1.13.1.jar
7fe87425d000-7fe874269000 r--s 0007d000 08:04 1198934                    /home/shawdotion/.gradle/wrapper/dists/gradle-4.1-all/bzyivzo6n839fup2jbap0tjew/gradle-4.1/lib/plugins/maven-core-3.0.4.jar
7fe874269000-7fe87426e000 r--s 00034000 08:04 1198941                    /home/shawdotion/.gradle/wrapper/dists/gradle-4.1-all/bzyivzo6n839fup2jbap0tjew/gradle-4.1/lib/plugins/gson-2.7.jar
7fe87426e000-7fe874273000 r--s 00040000 08:04 1198949                    /home/shawdotion/.gradle/wrapper/dists/gradle-4.1-all/bzyivzo6n839fup2jbap0tjew/gradle-4.1/lib/plugins/jsch-0.1.54.jar
7fe874273000-7fe874289000 r-xp 00000000 08:04 138183                     /lib/x86_64-linux-gnu/libgcc_s.so.1
7fe874289000-7fe874488000 ---p 00016000 08:04 138183                     /lib/x86_64-linux-gnu/libgcc_s.so.1
7fe874488000-7fe874489000 r--p 00015000 08:04 138183                     /lib/x86_64-linux-gnu/libgcc_s.so.1
7fe874489000-7fe87448a000 rw-p 00016000 08:04 138183                     /lib/x86_64-linux-gnu/libgcc_s.so.1
7fe87448a000-7fe874602000 r-xp 00000000 08:04 402816                     /usr/lib/x86_64-linux-gnu/libstdc++.so.6.0.24
7fe874602000-7fe874801000 ---p 00178000 08:04 402816                     /usr/lib/x86_64-linux-gnu/libstdc++.so.6.0.24
7fe874801000-7fe87480b000 r--p 00177000 08:04 402816                     /usr/lib/x86_64-linux-gnu/libstdc++.so.6.0.24
7fe87480b000-7fe87480d000 rw-p 00181000 08:04 402816                     /usr/lib/x86_64-linux-gnu/libstdc++.so.6.0.24
7fe87480d000-7fe874810000 rw-p 00000000 00:00 0 
7fe874810000-7fe874811000 r--s 00003000 08:04 1198980                    /home/shawdotion/.gradle/wrapper/dists/gradle-4.1-all/bzyivzo6n839fup2jbap0tjew/gradle-4.1/lib/plugins/aether-spi-1.13.1.jar
7fe874811000-7fe874820000 r--s 000d9000 08:04 1198948                    /home/shawdotion/.gradle/wrapper/dists/gradle-4.1-all/bzyivzo6n839fup2jbap0tjew/gradle-4.1/lib/plugins/ivy-2.2.0.jar
7fe874820000-7fe874844000 r--s 0011a000 08:04 1198929                    /home/shawdotion/.gradle/wrapper/dists/gradle-4.1-all/bzyivzo6n839fup2jbap0tjew/gradle-4.1/lib/plugins/gradle-dependency-management-4.1.jar
7fe874844000-7fe874847000 r--s 0000d000 08:04 1198928                    /home/shawdotion/.gradle/wrapper/dists/gradle-4.1-all/bzyivzo6n839fup2jbap0tjew/gradle-4.1/lib/plugins/gradle-workers-4.1.jar
7fe874847000-7fe87484c000 r-xp 00000000 08:04 1212057                    /home/shawdotion/.gradle/native/25/linux-amd64/libnative-platform.so
7fe87484c000-7fe874a4b000 ---p 00005000 08:04 1212057                    /home/shawdotion/.gradle/native/25/linux-amd64/libnative-platform.so
7fe874a4b000-7fe874a4c000 rw-p 00004000 08:04 1212057                    /home/shawdotion/.gradle/native/25/linux-amd64/libnative-platform.so
7fe874a4c000-7fe874a5d000 r-xp 00000000 08:04 649410                     /opt/android-studio/jre/jre/lib/amd64/libnio.so
7fe874a5d000-7fe874c5c000 ---p 00011000 08:04 649410                     /opt/android-studio/jre/jre/lib/amd64/libnio.so
7fe874c5c000-7fe874c5d000 r--p 00010000 08:04 649410                     /opt/android-studio/jre/jre/lib/amd64/libnio.so
7fe874c5d000-7fe874c5e000 rw-p 00011000 08:04 649410                     /opt/android-studio/jre/jre/lib/amd64/libnio.so
7fe874c5e000-7fe874c74000 r-xp 00000000 08:04 649408                     /opt/android-studio/jre/jre/lib/amd64/libnet.so
7fe874c74000-7fe874e74000 ---p 00016000 08:04 649408                     /opt/android-studio/jre/jre/lib/amd64/libnet.so
7fe874e74000-7fe874e75000 r--p 00016000 08:04 649408                     /opt/android-studio/jre/jre/lib/amd64/libnet.so
7fe874e75000-7fe874e76000 rw-p 00017000 08:04 649408                     /opt/android-studio/jre/jre/lib/amd64/libnet.so
7fe874e76000-7fe874e77000 r--s 00006000 08:04 1180927                    /home/shawdotion/.gradle/wrapper/dists/gradle-4.1-all/bzyivzo6n839fup2jbap0tjew/gradle-4.1/lib/gradle-wrapper-4.1.jar
7fe874e77000-7fe874e84000 r--s 00043000 08:04 1180926                    /home/shawdotion/.gradle/wrapper/dists/gradle-4.1-all/bzyivzo6n839fup2jbap0tjew/gradle-4.1/lib/gradle-tooling-api-4.1.jar
7fe874e84000-7fe874e93000 r--s 000c8000 08:04 1180923                    /home/shawdotion/.gradle/wrapper/dists/gradle-4.1-all/bzyivzo6n839fup2jbap0tjew/gradle-4.1/lib/kotlin-stdlib-1.1.3-2.jar
7fe874e93000-7fe874ec5000 r--s 0021b000 08:04 1180922                    /home/shawdotion/.gradle/wrapper/dists/gradle-4.1-all/bzyivzo6n839fup2jbap0tjew/gradle-4.1/lib/kotlin-reflect-1.1.3-2.jar
7fe874ec5000-7fe87507c000 r--s 01786000 08:04 1180921                    /home/shawdotion/.gradle/wrapper/dists/gradle-4.1-all/bzyivzo6n839fup2jbap0tjew/gradle-4.1/lib/kotlin-compiler-embeddable-1.1.3-2.jar
7fe87507c000-7fe87507d000 r--s 00000000 08:04 1180920                    /home/shawdotion/.gradle/wrapper/dists/gradle-4.1-all/bzyivzo6n839fup2jbap0tjew/gradle-4.1/lib/gradle-kotlin-dsl-tooling-models-0.10.3.jar
7fe87507d000-7fe87507e000 r--s 00001000 08:04 1180918                    /home/shawdotion/.gradle/wrapper/dists/gradle-4.1-all/bzyivzo6n839fup2jbap0tjew/gradle-4.1/lib/gradle-kotlin-dsl-compiler-plugin-0.10.3.jar
7fe87507e000-7fe875080000 r--s 00003000 08:04 1180916                    /home/shawdotion/.gradle/wrapper/dists/gradle-4.1-all/bzyivzo6n839fup2jbap0tjew/gradle-4.1/lib/annotations-13.0.jar
7fe875080000-7fe87508a000 r--s 00073000 08:04 1180917                    /home/shawdotion/.gradle/wrapper/dists/gradle-4.1-all/bzyivzo6n839fup2jbap0tjew/gradle-4.1/lib/gradle-kotlin-dsl-0.10.3.jar
7fe87508a000-7fe87508f000 r--s 00013000 08:04 1180933                    /home/shawdotion/.gradle/wrapper/dists/gradle-4.1-all/bzyivzo6n839fup2jbap0tjew/gradle-4.1/lib/gradle-resources-4.1.jar
7fe87508f000-7fe875091000 r--s 00005000 08:04 1180940                    /home/shawdotion/.gradle/wrapper/dists/gradle-4.1-all/bzyivzo6n839fup2jbap0tjew/gradle-4.1/lib/gradle-cli-4.1.jar
7fe875091000-7fe875098000 r--s 0002c000 08:04 1180931                    /home/shawdotion/.gradle/wrapper/dists/gradle-4.1-all/bzyivzo6n839fup2jbap0tjew/gradle-4.1/lib/gradle-logging-4.1.jar
7fe875098000-7fe8750a8000 r--s 00082000 08:04 1180936                    /home/shawdotion/.gradle/wrapper/dists/gradle-4.1-all/bzyivzo6n839fup2jbap0tjew/gradle-4.1/lib/gradle-model-core-4.1.jar
7fe8750a8000-7fe875118000 r--s 00645000 08:04 1180953                    /home/shawdotion/.gradle/wrapper/dists/gradle-4.1-all/bzyivzo6n839fup2jbap0tjew/gradle-4.1/lib/groovy-all-2.4.11.jar
7fe875118000-7fe875119000 ---p 00000000 00:00 0 
7fe875119000-7fe875219000 rw-p 00000000 00:00 0 
7fe875219000-7fe87521c000 ---p 00000000 00:00 0 
7fe87521c000-7fe87531a000 rw-p 00000000 00:00 0 
7fe87531a000-7fe87531d000 ---p 00000000 00:00 0 
7fe87531d000-7fe87541b000 rw-p 00000000 00:00 0 
7fe87541b000-7fe87541e000 ---p 00000000 00:00 0 
7fe87541e000-7fe87551c000 rw-p 00000000 00:00 0 
7fe87551c000-7fe87551f000 ---p 00000000 00:00 0 
7fe87551f000-7fe87561d000 rw-p 00000000 00:00 0 
7fe87561d000-7fe875620000 ---p 00000000 00:00 0 
7fe875620000-7fe87571e000 rw-p 00000000 00:00 0 
7fe87571e000-7fe8759fa000 r--p 00000000 08:04 398322                     /usr/lib/locale/locale-archive
7fe8759fa000-7fe8759fd000 ---p 00000000 00:00 0 
7fe8759fd000-7fe875afb000 rw-p 00000000 00:00 0 
7fe875afb000-7fe875afe000 ---p 00000000 00:00 0 
7fe875afe000-7fe875bfc000 rw-p 00000000 00:00 0 
7fe875bfc000-7fe875bfd000 ---p 00000000 00:00 0 
7fe875bfd000-7fe879000000 rw-p 00000000 00:00 0 
7fe879000000-7fe87a140000 rwxp 00000000 00:00 0 
7fe87a140000-7fe888000000 ---p 00000000 00:00 0 
7fe888000000-7fe888c6f000 rw-p 00000000 00:00 0 
7fe888c6f000-7fe88c000000 ---p 00000000 00:00 0 
7fe88c000000-7fe88c002000 r--s 00003000 08:04 1180947                    /home/shawdotion/.gradle/wrapper/dists/gradle-4.1-all/bzyivzo6n839fup2jbap0tjew/gradle-4.1/lib/jcl-over-slf4j-1.7.10.jar
7fe88c002000-7fe88c003000 r--s 00005000 08:04 1180946                    /home/shawdotion/.gradle/wrapper/dists/gradle-4.1-all/bzyivzo6n839fup2jbap0tjew/gradle-4.1/lib/log4j-over-slf4j-1.7.10.jar
7fe88c003000-7fe88c005000 r--s 00000000 08:04 1180945                    /home/shawdotion/.gradle/wrapper/dists/gradle-4.1-all/bzyivzo6n839fup2jbap0tjew/gradle-4.1/lib/jul-to-slf4j-1.7.10.jar
7fe88c005000-7fe88c007000 r--s 00006000 08:04 1180937                    /home/shawdotion/.gradle/wrapper/dists/gradle-4.1-all/bzyivzo6n839fup2jbap0tjew/gradle-4.1/lib/gradle-base-services-groovy-4.1.jar
7fe88c007000-7fe88c009000 r--s 00007000 08:04 1180935                    /home/shawdotion/.gradle/wrapper/dists/gradle-4.1-all/bzyivzo6n839fup2jbap0tjew/gradle-4.1/lib/gradle-model-groovy-4.1.jar
7fe88c009000-7fe88c00a000 r--s 00002000 08:04 1180958                    /home/shawdotion/.gradle/wrapper/dists/gradle-4.1-all/bzyivzo6n839fup2jbap0tjew/gradle-4.1/lib/gradle-docs-4.1.jar
7fe88c00a000-7fe88c017000 r--s 00083000 08:04 1180956                    /home/shawdotion/.gradle/wrapper/dists/gradle-4.1-all/bzyivzo6n839fup2jbap0tjew/gradle-4.1/lib/commons-collections-3.2.2.jar
7fe88c017000-7fe88c018000 r--s 00000000 08:04 1180955                    /home/shawdotion/.gradle/wrapper/dists/gradle-4.1-all/bzyivzo6n839fup2jbap0tjew/gradle-4.1/lib/javax.inject-1.jar
7fe88c018000-7fe88c01b000 r--s 00023000 08:04 1180959                    /home/shawdotion/.gradle/wrapper/dists/gradle-4.1-all/bzyivzo6n839fup2jbap0tjew/gradle-4.1/lib/jansi-1.14.jar
7fe88c01b000-7fe88c01c000 r--s 00004000 08:04 1180961                    /home/shawdotion/.gradle/wrapper/dists/gradle-4.1-all/bzyivzo6n839fup2jbap0tjew/gradle-4.1/lib/native-platform-freebsd-amd64-libcpp-0.14.jar
7fe88c01c000-7fe88c01d000 r--s 00004000 08:04 1180962                    /home/shawdotion/.gradle/wrapper/dists/gradle-4.1-all/bzyivzo6n839fup2jbap0tjew/gradle-4.1/lib/native-platform-freebsd-amd64-libstdcpp-0.14.jar
7fe88c01d000-7fe88c01e000 r--s 00004000 08:04 1180963                    /home/shawdotion/.gradle/wrapper/dists/gradle-4.1-all/bzyivzo6n839fup2jbap0tjew/gradle-4.1/lib/native-platform-freebsd-i386-libcpp-0.14.jar
7fe88c01e000-7fe88c01f000 r--s 00003000 08:04 1180964                    /home/shawdotion/.gradle/wrapper/dists/gradle-4.1-all/bzyivzo6n839fup2jbap0tjew/gradle-4.1/lib/native-platform-freebsd-i386-libstdcpp-0.14.jar
7fe88c01f000-7fe88c020000 r--s 00002000 08:04 1180965                    /home/shawdotion/.gradle/wrapper/dists/gradle-4.1-all/bzyivzo6n839fup2jbap0tjew/gradle-4.1/lib/native-platform-linux-amd64-0.14.jar
7fe88c020000-7fe88c021000 r--s 00002000 08:04 1180966                    /home/shawdotion/.gradle/wrapper/dists/gradle-4.1-all/bzyivzo6n839fup2jbap0tjew/gradle-4.1/lib/native-platform-linux-i386-0.14.jar
7fe88c021000-7fe88c023000 r--s 00002000 08:04 1180967                    /home/shawdotion/.gradle/wrapper/dists/gradle-4.1-all/bzyivzo6n839fup2jbap0tjew/gradle-4.1/lib/native-platform-osx-amd64-0.14.jar
7fe88c023000-7fe88c024000 r--s 00003000 08:04 1180968                    /home/shawdotion/.gradle/wrapper/dists/gradle-4.1-all/bzyivzo6n839fup2jbap0tjew/gradle-4.1/lib/native-platform-osx-i386-0.14.jar
7fe88c024000-7fe88c026000 r--s 0000b000 08:04 1180969                    /home/shawdotion/.gradle/wrapper/dists/gradle-4.1-all/bzyivzo6n839fup2jbap0tjew/gradle-4.1/lib/native-platform-windows-amd64-0.14.jar
7fe88c026000-7fe88c027000 r--s 0000b000 08:04 1180970                    /home/shawdotion/.gradle/wrapper/dists/gradle-4.1-all/bzyivzo6n839fup2jbap0tjew/gradle-4.1/lib/native-platform-windows-i386-0.14.jar
7fe88c027000-7fe88c028000 r--s 00001000 08:04 1180971                    /home/shawdotion/.gradle/wrapper/dists/gradle-4.1-all/bzyivzo6n839fup2jbap0tjew/gradle-4.1/lib/native-platform-linux-amd64-ncurses5-0.14.jar
7fe88c028000-7fe88c029000 r--s 00001000 08:04 1180972                    /home/shawdotion/.gradle/wrapper/dists/gradle-4.1-all/bzyivzo6n839fup2jbap0tjew/gradle-4.1/lib/native-platform-linux-amd64-ncurses6-0.14.jar
7fe88c029000-7fe88c02a000 r--s 00001000 08:04 1180973                    /home/shawdotion/.gradle/wrapper/dists/gradle-4.1-all/bzyivzo6n839fup2jbap0tjew/gradle-4.1/lib/native-platform-linux-i386-ncurses5-0.14.jar
7fe88c02a000-7fe88c02b000 r--s 00001000 08:04 1180974                    /home/shawdotion/.gradle/wrapper/dists/gradle-4.1-all/bzyivzo6n839fup2jbap0tjew/gradle-4.1/lib/native-platform-linux-i386-ncurses6-0.14.jar
7fe88c02b000-7fe88c02f000 r--s 00012000 08:04 1180957                    /home/shawdotion/.gradle/wrapper/dists/gradle-4.1-all/bzyivzo6n839fup2jbap0tjew/gradle-4.1/lib/native-platform-0.14.jar
7fe88c02f000-7fe88c032000 r--s 0000c000 08:04 1180934                    /home/shawdotion/.gradle/wrapper/dists/gradle-4.1-all/bzyivzo6n839fup2jbap0tjew/gradle-4.1/lib/gradle-native-4.1.jar
7fe88c032000-7fe88c034000 r--s 0000f000 08:04 1180942                    /home/shawdotion/.gradle/wrapper/dists/gradle-4.1-all/bzyivzo6n839fup2jbap0tjew/gradle-4.1/lib/reflectasm-1.07-shaded.jar
7fe88c034000-7fe88c036000 r--s 00000000 08:04 1180975                    /home/shawdotion/.gradle/wrapper/dists/gradle-4.1-all/bzyivzo6n839fup2jbap0tjew/gradle-4.1/lib/minlog-1.2.jar
7fe88c036000-7fe88c038000 r--s 00007000 08:04 1180976                    /home/shawdotion/.gradle/wrapper/dists/gradle-4.1-all/bzyivzo6n839fup2jbap0tjew/gradle-4.1/lib/objenesis-1.2.jar
7fe88c038000-7fe88c03c000 r--s 00026000 08:04 1180941                    /home/shawdotion/.gradle/wrapper/dists/gradle-4.1-all/bzyivzo6n839fup2jbap0tjew/gradle-4.1/lib/kryo-2.20.jar
7fe88c03c000-7fe88c042000 r--s 0002b000 08:04 1180938                    /home/shawdotion/.gradle/wrapper/dists/gradle-4.1-all/bzyivzo6n839fup2jbap0tjew/gradle-4.1/lib/gradle-messaging-4.1.jar
7fe88c042000-7fe88c047000 r--s 00041000 08:04 1180951                    /home/shawdotion/.gradle/wrapper/dists/gradle-4.1-all/bzyivzo6n839fup2jbap0tjew/gradle-4.1/lib/commons-lang-2.6.jar
7fe88c047000-7fe88c06f000 r--s 001cf000 08:04 1180949                    /home/shawdotion/.gradle/wrapper/dists/gradle-4.1-all/bzyivzo6n839fup2jbap0tjew/gradle-4.1/lib/guava-jdk5-17.0.jar
7fe88c06f000-7fe88c08e000 r--s 001d1000 08:04 1180954                    /home/shawdotion/.gradle/wrapper/dists/gradle-4.1-all/bzyivzo6n839fup2jbap0tjew/gradle-4.1/lib/ant-1.9.6.jar
7fe88c08e000-7fe88c0d8000 r--s 00253000 08:04 1180929                    /home/shawdotion/.gradle/wrapper/dists/gradle-4.1-all/bzyivzo6n839fup2jbap0tjew/gradle-4.1/lib/gradle-core-4.1.jar
7fe88c0d8000-7fe88cdb6000 rw-p 00000000 00:00 0 
7fe88cdb6000-7fe88cf86000 r--s 03c46000 08:04 649378                     /opt/android-studio/jre/jre/lib/rt.jar
7fe88cf86000-7fe88dafc000 rw-p 00000000 00:00 0 
7fe88dafc000-7fe88dafd000 ---p 00000000 00:00 0 
7fe88dafd000-7fe88dbfd000 rw-p 00000000 00:00 0 
7fe88dbfd000-7fe88dbfe000 ---p 00000000 00:00 0 
7fe88dbfe000-7fe88dcfe000 rw-p 00000000 00:00 0 
7fe88dcfe000-7fe88dcff000 ---p 00000000 00:00 0 
7fe88dcff000-7fe88ddff000 rw-p 00000000 00:00 0 
7fe88ddff000-7fe88de00000 ---p 00000000 00:00 0 
7fe88de00000-7fe88df22000 rw-p 00000000 00:00 0 
7fe88df22000-7fe88e100000 ---p 00000000 00:00 0 
7fe88e100000-7fe88e122000 rw-p 00000000 00:00 0 
7fe88e122000-7fe88e300000 ---p 00000000 00:00 0 
7fe88e300000-7fe88e37f000 rw-p 00000000 00:00 0 
7fe88e37f000-7fe88e400000 ---p 00000000 00:00 0 
7fe88e400000-7fe88e446000 rw-p 00000000 00:00 0 
7fe88e446000-7fe88e7c1000 ---p 00000000 00:00 0 
7fe88e7c1000-7fe88e7db000 r-xp 00000000 08:04 649405                     /opt/android-studio/jre/jre/lib/amd64/libzip.so
7fe88e7db000-7fe88e9db000 ---p 0001a000 08:04 649405                     /opt/android-studio/jre/jre/lib/amd64/libzip.so
7fe88e9db000-7fe88e9dc000 r--p 0001a000 08:04 649405                     /opt/android-studio/jre/jre/lib/amd64/libzip.so
7fe88e9dc000-7fe88e9dd000 rw-p 0001b000 08:04 649405                     /opt/android-studio/jre/jre/lib/amd64/libzip.so
7fe88e9dd000-7fe88e9e8000 r-xp 00000000 08:04 136290                     /lib/x86_64-linux-gnu/libnss_files-2.26.so
7fe88e9e8000-7fe88ebe7000 ---p 0000b000 08:04 136290                     /lib/x86_64-linux-gnu/libnss_files-2.26.so
7fe88ebe7000-7fe88ebe8000 r--p 0000a000 08:04 136290                     /lib/x86_64-linux-gnu/libnss_files-2.26.so
7fe88ebe8000-7fe88ebe9000 rw-p 0000b000 08:04 136290                     /lib/x86_64-linux-gnu/libnss_files-2.26.so
7fe88ebe9000-7fe88ebef000 rw-p 00000000 00:00 0 
7fe88ebef000-7fe88ebfa000 r-xp 00000000 08:04 136294                     /lib/x86_64-linux-gnu/libnss_nis-2.26.so
7fe88ebfa000-7fe88edf9000 ---p 0000b000 08:04 136294                     /lib/x86_64-linux-gnu/libnss_nis-2.26.so
7fe88edf9000-7fe88edfa000 r--p 0000a000 08:04 136294                     /lib/x86_64-linux-gnu/libnss_nis-2.26.so
7fe88edfa000-7fe88edfb000 rw-p 0000b000 08:04 136294                     /lib/x86_64-linux-gnu/libnss_nis-2.26.so
7fe88edfb000-7fe88ee12000 r-xp 00000000 08:04 136270                     /lib/x86_64-linux-gnu/libnsl-2.26.so
7fe88ee12000-7fe88f011000 ---p 00017000 08:04 136270                     /lib/x86_64-linux-gnu/libnsl-2.26.so
7fe88f011000-7fe88f012000 r--p 00016000 08:04 136270                     /lib/x86_64-linux-gnu/libnsl-2.26.so
7fe88f012000-7fe88f013000 rw-p 00017000 08:04 136270                     /lib/x86_64-linux-gnu/libnsl-2.26.so
7fe88f013000-7fe88f015000 rw-p 00000000 00:00 0 
7fe88f015000-7fe88f01d000 r-xp 00000000 08:04 136275                     /lib/x86_64-linux-gnu/libnss_compat-2.26.so
7fe88f01d000-7fe88f21c000 ---p 00008000 08:04 136275                     /lib/x86_64-linux-gnu/libnss_compat-2.26.so
7fe88f21c000-7fe88f21d000 r--p 00007000 08:04 136275                     /lib/x86_64-linux-gnu/libnss_compat-2.26.so
7fe88f21d000-7fe88f21e000 rw-p 00008000 08:04 136275                     /lib/x86_64-linux-gnu/libnss_compat-2.26.so
7fe88f21e000-7fe88f24b000 r-xp 00000000 08:04 649415                     /opt/android-studio/jre/jre/lib/amd64/libjava.so
7fe88f24b000-7fe88f44a000 ---p 0002d000 08:04 649415                     /opt/android-studio/jre/jre/lib/amd64/libjava.so
7fe88f44a000-7fe88f44b000 r--p 0002c000 08:04 649415                     /opt/android-studio/jre/jre/lib/amd64/libjava.so
7fe88f44b000-7fe88f44d000 rw-p 0002d000 08:04 649415                     /opt/android-studio/jre/jre/lib/amd64/libjava.so
7fe88f44d000-7fe88f45d000 r-xp 00000000 08:04 649431                     /opt/android-studio/jre/jre/lib/amd64/libverify.so
7fe88f45d000-7fe88f65c000 ---p 00010000 08:04 649431                     /opt/android-studio/jre/jre/lib/amd64/libverify.so
7fe88f65c000-7fe88f65e000 r--p 0000f000 08:04 649431                     /opt/android-studio/jre/jre/lib/amd64/libverify.so
7fe88f65e000-7fe88f65f000 rw-p 00011000 08:04 649431                     /opt/android-studio/jre/jre/lib/amd64/libverify.so
7fe88f65f000-7fe88f666000 r-xp 00000000 08:04 136308                     /lib/x86_64-linux-gnu/librt-2.26.so
7fe88f666000-7fe88f865000 ---p 00007000 08:04 136308                     /lib/x86_64-linux-gnu/librt-2.26.so
7fe88f865000-7fe88f866000 r--p 00006000 08:04 136308                     /lib/x86_64-linux-gnu/librt-2.26.so
7fe88f866000-7fe88f867000 rw-p 00007000 08:04 136308                     /lib/x86_64-linux-gnu/librt-2.26.so
7fe88f867000-7fe88f9bc000 r-xp 00000000 08:04 136213                     /lib/x86_64-linux-gnu/libm-2.26.so
7fe88f9bc000-7fe88fbbb000 ---p 00155000 08:04 136213                     /lib/x86_64-linux-gnu/libm-2.26.so
7fe88fbbb000-7fe88fbbc000 r--p 00154000 08:04 136213                     /lib/x86_64-linux-gnu/libm-2.26.so
7fe88fbbc000-7fe88fbbd000 rw-p 00155000 08:04 136213                     /lib/x86_64-linux-gnu/libm-2.26.so
7fe88fbbd000-7fe8907b5000 r-xp 00000000 08:04 649435                     /opt/android-studio/jre/jre/lib/amd64/server/libjvm.so
7fe8907b5000-7fe8909b5000 ---p 00bf8000 08:04 649435                     /opt/android-studio/jre/jre/lib/amd64/server/libjvm.so
7fe8909b5000-7fe890a54000 r--p 00bf8000 08:04 649435                     /opt/android-studio/jre/jre/lib/amd64/server/libjvm.so
7fe890a54000-7fe890a7d000 rw-p 00c97000 08:04 649435                     /opt/android-studio/jre/jre/lib/amd64/server/libjvm.so
7fe890a7d000-7fe890ac1000 rw-p 00000000 00:00 0 
7fe890ac1000-7fe890adb000 r-xp 00000000 08:04 136298                     /lib/x86_64-linux-gnu/libpthread-2.26.so
7fe890adb000-7fe890cda000 ---p 0001a000 08:04 136298                     /lib/x86_64-linux-gnu/libpthread-2.26.so
7fe890cda000-7fe890cdb000 r--p 00019000 08:04 136298                     /lib/x86_64-linux-gnu/libpthread-2.26.so
7fe890cdb000-7fe890cdc000 rw-p 0001a000 08:04 136298                     /lib/x86_64-linux-gnu/libpthread-2.26.so
7fe890cdc000-7fe890ce0000 rw-p 00000000 00:00 0 
7fe890ce0000-7fe890ce3000 r-xp 00000000 08:04 136209                     /lib/x86_64-linux-gnu/libdl-2.26.so
7fe890ce3000-7fe890ee2000 ---p 00003000 08:04 136209                     /lib/x86_64-linux-gnu/libdl-2.26.so
7fe890ee2000-7fe890ee3000 r--p 00002000 08:04 136209                     /lib/x86_64-linux-gnu/libdl-2.26.so
7fe890ee3000-7fe890ee4000 rw-p 00003000 08:04 136209                     /lib/x86_64-linux-gnu/libdl-2.26.so
7fe890ee4000-7fe8910ba000 r-xp 00000000 08:04 136182                     /lib/x86_64-linux-gnu/libc-2.26.so
7fe8910ba000-7fe8912ba000 ---p 001d6000 08:04 136182                     /lib/x86_64-linux-gnu/libc-2.26.so
7fe8912ba000-7fe8912be000 r--p 001d6000 08:04 136182                     /lib/x86_64-linux-gnu/libc-2.26.so
7fe8912be000-7fe8912c0000 rw-p 001da000 08:04 136182                     /lib/x86_64-linux-gnu/libc-2.26.so
7fe8912c0000-7fe8912c4000 rw-p 00000000 00:00 0 
7fe8912c4000-7fe8912da000 r-xp 00000000 08:04 649295                     /opt/android-studio/jre/lib/amd64/jli/libjli.so
7fe8912da000-7fe8914d9000 ---p 00016000 08:04 649295                     /opt/android-studio/jre/lib/amd64/jli/libjli.so
7fe8914d9000-7fe8914da000 r--p 00015000 08:04 649295                     /opt/android-studio/jre/lib/amd64/jli/libjli.so
7fe8914da000-7fe8914db000 rw-p 00016000 08:04 649295                     /opt/android-studio/jre/lib/amd64/jli/libjli.so
7fe8914db000-7fe891502000 r-xp 00000000 08:04 136176                     /lib/x86_64-linux-gnu/ld-2.26.so
7fe891502000-7fe891504000 r--s 00006000 08:04 1180932                    /home/shawdotion/.gradle/wrapper/dists/gradle-4.1-all/bzyivzo6n839fup2jbap0tjew/gradle-4.1/lib/gradle-process-services-4.1.jar
7fe891504000-7fe891506000 r--s 00000000 08:04 1180930                    /home/shawdotion/.gradle/wrapper/dists/gradle-4.1-all/bzyivzo6n839fup2jbap0tjew/gradle-4.1/lib/gradle-jvm-services-4.1.jar
7fe891506000-7fe891509000 r--s 00006000 08:04 1180950                    /home/shawdotion/.gradle/wrapper/dists/gradle-4.1-all/bzyivzo6n839fup2jbap0tjew/gradle-4.1/lib/jsr305-1.3.9.jar
7fe891509000-7fe89150d000 r--s 00027000 08:04 1180944                    /home/shawdotion/.gradle/wrapper/dists/gradle-4.1-all/bzyivzo6n839fup2jbap0tjew/gradle-4.1/lib/commons-io-2.2.jar
7fe89150d000-7fe891515000 r--s 000bd000 08:04 1180943                    /home/shawdotion/.gradle/wrapper/dists/gradle-4.1-all/bzyivzo6n839fup2jbap0tjew/gradle-4.1/lib/asm-debug-all-6.0_ALPHA.jar
7fe891515000-7fe891521000 r--s 00053000 08:04 1180939                    /home/shawdotion/.gradle/wrapper/dists/gradle-4.1-all/bzyivzo6n839fup2jbap0tjew/gradle-4.1/lib/gradle-base-services-4.1.jar
7fe891521000-7fe8915c5000 rw-p 00000000 00:00 0 
7fe8915c5000-7fe8915c8000 ---p 00000000 00:00 0 
7fe8915c8000-7fe8916c8000 rw-p 00000000 00:00 0 
7fe8916c8000-7fe8916c9000 r--s 00000000 08:04 1180952                    /home/shawdotion/.gradle/wrapper/dists/gradle-4.1-all/bzyivzo6n839fup2jbap0tjew/gradle-4.1/lib/jcip-annotations-1.0.jar
7fe8916c9000-7fe8916ca000 r--s 00007000 08:04 1180948                    /home/shawdotion/.gradle/wrapper/dists/gradle-4.1-all/bzyivzo6n839fup2jbap0tjew/gradle-4.1/lib/slf4j-api-1.7.10.jar
7fe8916ca000-7fe8916cb000 r--s 00004000 08:04 1180960                    /home/shawdotion/.gradle/wrapper/dists/gradle-4.1-all/bzyivzo6n839fup2jbap0tjew/gradle-4.1/lib/ant-launcher-1.9.6.jar
7fe8916cb000-7fe8916d7000 r--s 0005c000 08:04 1180924                    /home/shawdotion/.gradle/wrapper/dists/gradle-4.1-all/bzyivzo6n839fup2jbap0tjew/gradle-4.1/lib/gradle-launcher-4.1.jar
7fe8916d7000-7fe8916f5000 rw-p 00000000 00:00 0 
7fe8916f5000-7fe8916fd000 rw-s 00000000 08:04 395078                     /tmp/hsperfdata_shawdotion/14887
7fe8916fd000-7fe8916fe000 rw-p 00000000 00:00 0 
7fe8916fe000-7fe8916ff000 ---p 00000000 00:00 0 
7fe8916ff000-7fe891702000 rw-p 00000000 00:00 0 
7fe891702000-7fe891703000 r--p 00027000 08:04 136176                     /lib/x86_64-linux-gnu/ld-2.26.so
7fe891703000-7fe891704000 rw-p 00028000 08:04 136176                     /lib/x86_64-linux-gnu/ld-2.26.so
7fe891704000-7fe891705000 rw-p 00000000 00:00 0 
7fffe0cf8000-7fffe0d19000 rw-p 00000000 00:00 0                          [stack]
7fffe0d59000-7fffe0d5c000 r--p 00000000 00:00 0                          [vvar]
7fffe0d5c000-7fffe0d5e000 r-xp 00000000 00:00 0                          [vdso]
ffffffffff600000-ffffffffff601000 r-xp 00000000 00:00 0                  [vsyscall]

VM Arguments:
jvm_args: -Xmx1536m -Dfile.encoding=UTF-8 -Duser.country=US -Duser.language=en -Duser.variant 
java_command: org.gradle.launcher.daemon.bootstrap.GradleDaemon 4.1
java_class_path (initial): /home/shawdotion/.gradle/wrapper/dists/gradle-4.1-all/bzyivzo6n839fup2jbap0tjew/gradle-4.1/lib/gradle-launcher-4.1.jar
Launcher Type: SUN_STANDARD

Environment Variables:
JAVA_HOME=/usr/lib/jvm/java-8-oracle
PATH=/usr/local/sbin:/usr/local/bin:/usr/sbin:/usr/bin:/sbin:/bin:/usr/games:/usr/local/games:/snap/bin:/usr/lib/jvm/java-8-oracle/bin:/usr/lib/jvm/java-8-oracle/db/bin:/usr/lib/jvm/java-8-oracle/jre/bin
USERNAME=shawdotion
LD_LIBRARY_PATH=/opt/android-studio/bin:
SHELL=/bin/bash
DISPLAY=:1

Signal Handlers:
SIGSEGV: [libjvm.so+0x9ebc60], sa_mask[0]=11111111011111111101111111111110, sa_flags=SA_RESTART|SA_SIGINFO
SIGBUS: [libjvm.so+0x9ebc60], sa_mask[0]=11111111011111111101111111111110, sa_flags=SA_RESTART|SA_SIGINFO
SIGFPE: [libjvm.so+0x84cf60], sa_mask[0]=11111111011111111101111111111110, sa_flags=SA_RESTART|SA_SIGINFO
SIGPIPE: [libjvm.so+0x84cf60], sa_mask[0]=11111111011111111101111111111110, sa_flags=SA_RESTART|SA_SIGINFO
SIGXFSZ: [libjvm.so+0x84cf60], sa_mask[0]=11111111011111111101111111111110, sa_flags=SA_RESTART|SA_SIGINFO
SIGILL: [libjvm.so+0x84cf60], sa_mask[0]=11111111011111111101111111111110, sa_flags=SA_RESTART|SA_SIGINFO
SIGUSR1: SIG_DFL, sa_mask[0]=00000000000000000000000000000000, sa_flags=none
SIGUSR2: [libjvm.so+0x84ce30], sa_mask[0]=00100000000000000000000000000000, sa_flags=SA_RESTART|SA_SIGINFO
SIGHUP: [libjvm.so+0x84d020], sa_mask[0]=11111111011111111101111111111110, sa_flags=SA_RESTART|SA_SIGINFO
SIGINT: [libjvm.so+0x84d020], sa_mask[0]=11111111011111111101111111111110, sa_flags=SA_RESTART|SA_SIGINFO
SIGTERM: [libjvm.so+0x84d020], sa_mask[0]=11111111011111111101111111111110, sa_flags=SA_RESTART|SA_SIGINFO
SIGQUIT: [libjvm.so+0x84d020], sa_mask[0]=11111111011111111101111111111110, sa_flags=SA_RESTART|SA_SIGINFO


---------------  S Y S T E M  ---------------

OS:DISTRIB_ID=Ubuntu
DISTRIB_RELEASE=17.10
DISTRIB_CODENAME=artful
DISTRIB_DESCRIPTION="Ubuntu 17.10"

uname:Linux 4.13.0-17-generic #20-Ubuntu SMP Mon Nov 6 10:04:08 UTC 2017 x86_64
libc:glibc 2.26 NPTL 2.26 
rlimit: STACK 8192k, CORE 0k, NPROC 30812, NOFILE 1048576, AS infinity
load average:10.66 3.34 1.77

/proc/meminfo:
MemTotal:        8042544 kB
MemFree:          107288 kB
MemAvailable:       7432 kB
Buffers:             256 kB
Cached:           346428 kB
SwapCached:        20700 kB
Active:          6423000 kB
Inactive:         928372 kB
Active(anon):    6410660 kB
Inactive(anon):   915940 kB
Active(file):      12340 kB
Inactive(file):    12432 kB
Unevictable:         112 kB
Mlocked:             112 kB
SwapTotal:        472456 kB
SwapFree:              0 kB
Dirty:                24 kB
Writeback:         10368 kB
AnonPages:       6984740 kB
Mapped:           486348 kB
Shmem:            321832 kB
Slab:             155072 kB
SReclaimable:      57816 kB
SUnreclaim:        97256 kB
KernelStack:       20304 kB
PageTables:        86324 kB
NFS_Unstable:          0 kB
Bounce:                0 kB
WritebackTmp:          0 kB
CommitLimit:     4493728 kB
Committed_AS:   18608944 kB
VmallocTotal:   34359738367 kB
VmallocUsed:           0 kB
VmallocChunk:          0 kB
HardwareCorrupted:     0 kB
AnonHugePages:    604160 kB
ShmemHugePages:        0 kB
ShmemPmdMapped:        0 kB
CmaTotal:              0 kB
CmaFree:               0 kB
HugePages_Total:       0
HugePages_Free:        0
HugePages_Rsvd:        0
HugePages_Surp:        0
Hugepagesize:       2048 kB
DirectMap4k:     1121944 kB
DirectMap2M:     7137280 kB
DirectMap1G:     1048576 kB


CPU:total 4 (initial active 4) (4 cores per cpu, 1 threads per core) family 6 model 94 stepping 3, cmov, cx8, fxsr, mmx, sse, sse2, sse3, ssse3, sse4.1, sse4.2, popcnt, avx, avx2, aes, clmul, erms, rtm, 3dnowpref, lzcnt, tsc, tscinvbit, bmi1, bmi2, adx

/proc/cpuinfo:
processor	: 0
vendor_id	: GenuineIntel
cpu family	: 6
model		: 94
model name	: Intel(R) Core(TM) i5-6300HQ CPU @ 2.30GHz
stepping	: 3
microcode	: 0xba
cpu MHz		: 2300.000
cache size	: 6144 KB
physical id	: 0
siblings	: 4
core id		: 0
cpu cores	: 4
apicid		: 0
initial apicid	: 0
fpu		: yes
fpu_exception	: yes
cpuid level	: 22
wp		: yes
flags		: fpu vme de pse tsc msr pae mce cx8 apic sep mtrr pge mca cmov pat pse36 clflush dts acpi mmx fxsr sse sse2 ss ht tm pbe syscall nx pdpe1gb rdtscp lm constant_tsc art arch_perfmon pebs bts rep_good nopl xtopology nonstop_tsc cpuid aperfmperf tsc_known_freq pni pclmulqdq dtes64 monitor ds_cpl vmx est tm2 ssse3 sdbg fma cx16 xtpr pdcm pcid sse4_1 sse4_2 x2apic movbe popcnt tsc_deadline_timer aes xsave avx f16c rdrand lahf_lm abm 3dnowprefetch cpuid_fault epb intel_pt tpr_shadow vnmi flexpriority ept vpid fsgsbase tsc_adjust bmi1 hle avx2 smep bmi2 erms invpcid rtm mpx rdseed adx smap clflushopt xsaveopt xsavec xgetbv1 xsaves dtherm ida arat pln pts hwp hwp_notify hwp_act_window hwp_epp
bugs		:
bogomips	: 4608.00
clflush size	: 64
cache_alignment	: 64
address sizes	: 39 bits physical, 48 bits virtual
power management:

processor	: 1
vendor_id	: GenuineIntel
cpu family	: 6
model		: 94
model name	: Intel(R) Core(TM) i5-6300HQ CPU @ 2.30GHz
stepping	: 3
microcode	: 0xba
cpu MHz		: 2300.000
cache size	: 6144 KB
physical id	: 0
siblings	: 4
core id		: 1
cpu cores	: 4
apicid		: 2
initial apicid	: 2
fpu		: yes
fpu_exception	: yes
cpuid level	: 22
wp		: yes
flags		: fpu vme de pse tsc msr pae mce cx8 apic sep mtrr pge mca cmov pat pse36 clflush dts acpi mmx fxsr sse sse2 ss ht tm pbe syscall nx pdpe1gb rdtscp lm constant_tsc art arch_perfmon pebs bts rep_good nopl xtopology nonstop_tsc cpuid aperfmperf tsc_known_freq pni pclmulqdq dtes64 monitor ds_cpl vmx est tm2 ssse3 sdbg fma cx16 xtpr pdcm pcid sse4_1 sse4_2 x2apic movbe popcnt tsc_deadline_timer aes xsave avx f16c rdrand lahf_lm abm 3dnowprefetch cpuid_fault epb intel_pt tpr_shadow vnmi flexpriority ept vpid fsgsbase tsc_adjust bmi1 hle avx2 smep bmi2 erms invpcid rtm mpx rdseed adx smap clflushopt xsaveopt xsavec xgetbv1 xsaves dtherm ida arat pln pts hwp hwp_notify hwp_act_window hwp_epp
bugs		:
bogomips	: 4608.00
clflush size	: 64
cache_alignment	: 64
address sizes	: 39 bits physical, 48 bits virtual
power management:

processor	: 2
vendor_id	: GenuineIntel
cpu family	: 6
model		: 94
model name	: Intel(R) Core(TM) i5-6300HQ CPU @ 2.30GHz
stepping	: 3
microcode	: 0xba
cpu MHz		: 2300.000
cache size	: 6144 KB
physical id	: 0
siblings	: 4
core id		: 2
cpu cores	: 4
apicid		: 4
initial apicid	: 4
fpu		: yes
fpu_exception	: yes
cpuid level	: 22
wp		: yes
flags		: fpu vme de pse tsc msr pae mce cx8 apic sep mtrr pge mca cmov pat pse36 clflush dts acpi mmx fxsr sse sse2 ss ht tm pbe syscall nx pdpe1gb rdtscp lm constant_tsc art arch_perfmon pebs bts rep_good nopl xtopology nonstop_tsc cpuid aperfmperf tsc_known_freq pni pclmulqdq dtes64 monitor ds_cpl vmx est tm2 ssse3 sdbg fma cx16 xtpr pdcm pcid sse4_1 sse4_2 x2apic movbe popcnt tsc_deadline_timer aes xsave avx f16c rdrand lahf_lm abm 3dnowprefetch cpuid_fault epb intel_pt tpr_shadow vnmi flexpriority ept vpid fsgsbase tsc_adjust bmi1 hle avx2 smep bmi2 erms invpcid rtm mpx rdseed adx smap clflushopt xsaveopt xsavec xgetbv1 xsaves dtherm ida arat pln pts hwp hwp_notify hwp_act_window hwp_epp
bugs		:
bogomips	: 4608.00
clflush size	: 64
cache_alignment	: 64
address sizes	: 39 bits physical, 48 bits virtual
power management:

processor	: 3
vendor_id	: GenuineIntel
cpu family	: 6
model		: 94
model name	: Intel(R) Core(TM) i5-6300HQ CPU @ 2.30GHz
stepping	: 3
microcode	: 0xba
cpu MHz		: 2300.000
cache size	: 6144 KB
physical id	: 0
siblings	: 4
core id		: 3
cpu cores	: 4
apicid		: 6
initial apicid	: 6
fpu		: yes
fpu_exception	: yes
cpuid level	: 22
wp		: yes
flags		: fpu vme de pse tsc msr pae mce cx8 apic sep mtrr pge mca cmov pat pse36 clflush dts acpi mmx fxsr sse sse2 ss ht tm pbe syscall nx pdpe1gb rdtscp lm constant_tsc art arch_perfmon pebs bts rep_good nopl xtopology nonstop_tsc cpuid aperfmperf tsc_known_freq pni pclmulqdq dtes64 monitor ds_cpl vmx est tm2 ssse3 sdbg fma cx16 xtpr pdcm pcid sse4_1 sse4_2 x2apic movbe popcnt tsc_deadline_timer aes xsave avx f16c rdrand lahf_lm abm 3dnowprefetch cpuid_fault epb intel_pt tpr_shadow vnmi flexpriority ept vpid fsgsbase tsc_adjust bmi1 hle avx2 smep bmi2 erms invpcid rtm mpx rdseed adx smap clflushopt xsaveopt xsavec xgetbv1 xsaves dtherm ida arat pln pts hwp hwp_notify hwp_act_window hwp_epp
bugs		:
bogomips	: 4608.00
clflush size	: 64
cache_alignment	: 64
address sizes	: 39 bits physical, 48 bits virtual
power management:



Memory: 4k page, physical 8042544k(107716k free), swap 472456k(0k free)

vm_info: OpenJDK 64-Bit Server VM (25.152-b01) for linux-amd64 JRE (1.8.0_152-release-915-b01), built by "builder" with gcc 4.8.4

time: Tue Jan  9 20:32:17 2018
elapsed time: 21 seconds (0d 0h 0m 21s)

